
Case #1: 4 3
o 1 1
+ 1 2
x 2 2

Case #2: 2 1
o 1 1

Case #3: 7 5
o 1 1
o 2 3
+ 1 3
+ 2 1
x 3 2

Case #4: 14 8
o 1 4
o 2 1
o 3 3
o 4 5
o 5 2
+ 2 6
+ 6 4
x 6 6

Case #5: 255 115
o 1 1
o 51 52
o 52 50
o 54 51
o 55 49
o 56 55
o 57 53
o 58 48
o 59 54
o 60 47
o 62 46
o 63 56
o 64 45
o 65 57
o 67 58
o 68 44
o 70 59
o 71 43
o 72 60
o 73 42
o 75 41
o 76 61
o 77 40
o 78 64
o 79 39
o 80 63
o 82 38
o 83 62
o 84 37
o 85 65
o 86 68
o 87 36
o 89 35
o 90 67
o 91 69
o 92 34
o 93 66
o 94 33
o 95 70
o 96 32
o 97 71
o 99 31
+ 80 51
+ 82 52
+ 83 50
+ 84 52
+ 85 50
+ 87 51
+ 89 50
+ 89 51
+ 91 50
+ 93 51
+ 95 52
+ 96 50
+ 97 52
+ 98 50
+ 100 51
x 2 2
x 3 3
x 4 4
x 5 5
x 6 6
x 7 7
x 8 8
x 9 9
x 10 10
x 11 11
x 12 12
x 13 13
x 14 14
x 15 15
x 16 16
x 17 17
x 18 18
x 19 19
x 20 20
x 21 21
x 22 22
x 23 23
x 24 24
x 25 25
x 26 26
x 27 27
x 28 28
x 29 29
x 30 30
x 31 72
x 32 73
x 33 74
x 34 75
x 35 76
x 36 77
x 37 78
x 38 79
x 39 80
x 40 81
x 41 82
x 42 83
x 43 84
x 44 85
x 45 86
x 46 87
x 47 88
x 48 89
x 49 90
x 50 91
x 53 92
x 61 93
x 66 94
x 69 95
x 74 96
x 81 97
x 88 98
x 98 99
x 100 100

Case #6: 242 164
o 1 1
o 2 3
o 3 5
o 4 7
o 5 2
o 6 4
o 7 6
o 8 13
o 9 15
o 10 18
o 11 20
o 12 8
o 13 23
o 14 9
o 15 22
o 16 10
o 17 28
o 18 11
o 19 31
o 20 12
o 21 34
o 22 36
o 23 38
o 24 14
o 25 16
o 26 42
o 27 44
o 28 46
o 29 17
o 30 19
o 31 50
o 32 52
o 33 54
o 34 56
o 35 21
o 36 59
o 37 61
o 38 25
o 39 65
o 40 24
o 41 26
o 42 69
o 43 71
o 44 73
o 45 27
o 46 29
o 47 77
o 48 79
o 49 30
o 50 82
o 51 84
o 52 86
o 53 32
o 54 89
o 55 33
o 56 92
o 57 37
o 58 35
o 59 96
o 60 98
o 61 100
o 63 39
o 65 40
o 67 41
o 70 43
o 73 45
o 76 47
o 78 48
o 80 49
o 83 51
o 86 53
o 89 55
o 92 57
o 94 58
o 97 60
o 100 62
+ 1 41
+ 1 42
+ 1 43
+ 1 46
+ 1 47
+ 1 50
+ 1 51
+ 1 52
+ 1 53
+ 1 56
+ 1 58
+ 1 59
+ 1 61
+ 1 64
+ 1 65
+ 1 68
+ 1 69
+ 1 72
+ 1 75
+ 1 76
+ 1 77
+ 1 79
+ 1 81
+ 1 82
+ 1 85
+ 1 88
+ 1 90
+ 1 91
+ 1 95
+ 1 96
+ 1 98
+ 1 99
+ 1 100
+ 5 98
+ 7 99
+ 8 99
+ 11 99
+ 12 97
+ 13 99
+ 16 99
+ 17 99
+ 20 99
+ 22 99
+ 24 96
+ 26 96
+ 26 99
+ 31 97
+ 31 100
+ 34 96
+ 34 99
+ 38 99
+ 40 96
+ 41 100
+ 43 97
+ 46 99
+ 47 95
+ 50 97
+ 51 95
+ 54 97
+ 95 55
+ 96 57
+ 98 56
+ 100 56
+ 100 59
x 62 63
x 64 64
x 66 66
x 68 67
x 69 68
x 71 70
x 72 72
x 74 74
x 75 75
x 77 76
x 79 78
x 81 80
x 82 81
x 84 83
x 85 85
x 87 87
x 88 88
x 90 90
x 91 91
x 93 93
x 95 94
x 96 95
x 98 97
x 99 99

Case #7: 43 25
o 1 10
o 2 1
o 3 3
o 4 6
o 5 2
o 6 7
o 7 11
o 8 13
o 9 5
o 10 16
o 11 4
o 12 15
o 14 8
o 16 14
o 17 12
+ 1 15
+ 1 16
+ 2 18
+ 5 18
+ 6 18
+ 7 18
+ 10 18
x 13 9
x 15 17
x 18 18

Case #8: 241 159
o 1 1
o 2 3
o 3 6
o 4 9
o 5 2
o 6 4
o 7 13
o 8 7
o 9 5
o 10 17
o 11 19
o 12 22
o 13 24
o 14 8
o 15 27
o 16 29
o 17 12
o 18 10
o 19 33
o 20 11
o 21 14
o 22 37
o 23 39
o 24 42
o 25 15
o 26 46
o 27 16
o 28 49
o 29 51
o 30 18
o 31 55
o 32 57
o 33 20
o 34 60
o 35 21
o 36 63
o 37 65
o 38 23
o 39 68
o 40 70
o 41 72
o 42 25
o 43 75
o 44 77
o 45 26
o 46 28
o 47 31
o 48 82
o 49 84
o 50 86
o 51 30
o 52 32
o 53 90
o 54 92
o 55 94
o 56 34
o 57 97
o 58 35
o 59 100
o 60 36
o 63 38
o 66 40
o 68 41
o 71 43
o 73 44
o 75 45
o 78 47
o 80 48
o 84 50
o 85 52
o 88 53
o 90 54
o 94 56
o 95 58
o 98 59
+ 1 43
+ 1 45
+ 1 46
+ 1 48
+ 1 49
+ 1 50
+ 1 53
+ 1 54
+ 1 56
+ 1 57
+ 1 59
+ 1 62
+ 1 63
+ 1 64
+ 1 67
+ 1 68
+ 1 72
+ 1 74
+ 1 75
+ 1 78
+ 1 81
+ 1 82
+ 1 84
+ 1 86
+ 1 87
+ 1 90
+ 1 91
+ 1 94
+ 1 96
+ 1 97
+ 1 99
+ 3 100
+ 5 99
+ 7 98
+ 8 100
+ 12 99
+ 12 100
+ 16 100
+ 18 97
+ 22 97
+ 22 100
+ 24 100
+ 27 96
+ 27 99
+ 31 96
+ 34 98
+ 35 94
+ 37 94
+ 39 99
+ 42 93
+ 43 97
+ 46 96
+ 48 91
+ 51 97
+ 93 52
+ 95 52
+ 96 56
+ 98 53
+ 99 57
x 61 61
x 62 62
x 64 64
x 65 66
x 67 67
x 69 69
x 70 71
x 72 73
x 74 74
x 76 76
x 77 78
x 79 79
x 81 80
x 82 81
x 83 83
x 86 85
x 87 87
x 89 88
x 91 89
x 92 91
x 93 93
x 96 95
x 97 96
x 99 98
x 100 99

Case #9: 171 114
o 1 41
o 2 1
o 3 3
o 4 5
o 5 2
o 6 4
o 7 9
o 8 11
o 9 13
o 10 15
o 11 6
o 12 8
o 13 19
o 14 22
o 15 24
o 16 7
o 17 27
o 18 10
o 19 12
o 20 14
o 21 28
o 22 33
o 23 35
o 24 37
o 25 39
o 26 42
o 27 16
o 28 18
o 29 44
o 30 17
o 31 48
o 32 20
o 33 51
o 34 54
o 35 21
o 36 57
o 37 59
o 38 61
o 39 23
o 40 25
o 41 65
o 42 68
o 43 26
o 44 71
o 47 29
o 50 30
o 51 32
o 54 31
o 55 34
o 58 36
o 62 38
o 65 40
o 69 43
+ 1 29
+ 1 32
+ 1 37
+ 1 39
+ 1 40
+ 1 44
+ 1 47
+ 1 49
+ 1 50
+ 1 52
+ 1 53
+ 1 56
+ 1 58
+ 1 59
+ 1 62
+ 1 65
+ 1 66
+ 1 69
+ 1 70
+ 1 71
+ 4 70
+ 4 71
+ 7 70
+ 8 70
+ 11 70
+ 11 71
+ 15 71
+ 17 70
+ 20 70
+ 22 69
+ 24 68
+ 25 70
+ 28 1
+ 28 69
+ 28 70
+ 32 69
+ 34 68
+ 36 68
+ 37 66
+ 39 69
+ 68 39
+ 70 39
+ 71 43
x 45 45
x 46 46
x 48 47
x 49 49
x 52 50
x 53 52
x 56 53
x 57 55
x 59 56
x 60 58
x 61 60
x 63 62
x 64 63
x 66 64
x 67 66
x 68 67
x 70 69
x 71 70

Case #10: 109 71
o 1 31
o 2 1
o 3 3
o 4 5
o 5 7
o 6 2
o 7 4
o 8 6
o 9 12
o 10 14
o 11 17
o 12 19
o 13 21
o 14 8
o 15 24
o 16 11
o 17 9
o 18 28
o 19 10
o 20 13
o 21 32
o 22 34
o 23 36
o 24 38
o 25 15
o 26 41
o 27 16
o 28 44
o 29 46
o 30 18
o 34 20
o 35 22
o 38 23
o 41 25
o 43 26
o 46 27
+ 1 19
+ 1 22
+ 1 29
+ 1 34
+ 1 35
+ 1 36
+ 1 37
+ 1 40
+ 1 41
+ 1 43
+ 1 44
+ 1 46
+ 4 45
+ 6 44
+ 7 44
+ 10 42
+ 12 43
+ 16 42
+ 17 46
+ 18 42
+ 19 46
+ 21 43
+ 24 44
+ 26 45
+ 44 26
x 31 29
x 32 30
x 33 33
x 36 35
x 37 37
x 39 39
x 40 40
x 42 42
x 44 43
x 45 45

Case #11: 240 163
o 1 49
o 2 1
o 3 3
o 4 5
o 5 2
o 6 4
o 7 9
o 8 11
o 9 13
o 10 15
o 11 6
o 12 8
o 13 19
o 14 7
o 15 22
o 16 10
o 17 25
o 18 27
o 19 29
o 20 31
o 21 12
o 22 14
o 23 35
o 24 37
o 25 39
o 26 41
o 27 16
o 28 18
o 29 45
o 30 17
o 31 48
o 32 20
o 33 51
o 34 53
o 35 21
o 36 56
o 37 58
o 38 60
o 39 23
o 40 63
o 41 24
o 42 66
o 43 28
o 44 26
o 45 70
o 46 72
o 47 74
o 48 76
o 49 78
o 50 30
o 51 32
o 52 82
o 53 84
o 54 86
o 55 33
o 56 89
o 57 34
o 58 92
o 59 38
o 60 36
o 61 96
o 62 98
o 63 100
o 65 40
o 68 42
o 70 43
o 72 44
o 76 46
o 78 47
o 79 50
o 84 52
o 87 54
o 89 55
o 92 57
o 95 59
o 98 61
o 100 62
+ 1 39
+ 1 40
+ 1 43
+ 1 48
+ 1 52
+ 1 53
+ 1 54
+ 1 56
+ 1 58
+ 1 59
+ 1 62
+ 1 65
+ 1 67
+ 1 68
+ 1 71
+ 1 72
+ 1 74
+ 1 75
+ 1 76
+ 1 77
+ 1 80
+ 1 81
+ 1 84
+ 1 85
+ 1 88
+ 1 89
+ 1 92
+ 1 93
+ 1 98
+ 1 99
+ 1 100
+ 3 99
+ 5 99
+ 7 100
+ 8 98
+ 10 99
+ 13 98
+ 13 99
+ 16 98
+ 18 99
+ 21 98
+ 21 99
+ 27 96
+ 27 99
+ 30 98
+ 33 98
+ 34 96
+ 35 98
+ 36 96
+ 38 97
+ 41 97
+ 44 98
+ 45 94
+ 48 98
+ 49 94
+ 51 97
+ 52 95
+ 54 98
+ 55 96
+ 58 98
+ 96 57
+ 98 57
+ 99 59
x 64 64
x 66 65
x 67 67
x 69 68
x 71 69
x 73 71
x 74 73
x 75 75
x 77 77
x 80 79
x 81 80
x 82 81
x 83 83
x 85 85
x 86 87
x 88 88
x 90 90
x 91 91
x 93 93
x 94 94
x 96 95
x 97 97
x 99 99

Case #12: 256 115
o 1 2
o 52 50
o 53 52
o 54 49
o 55 51
o 56 48
o 57 54
o 59 53
o 60 47
o 62 46
o 63 56
o 64 45
o 65 55
o 66 44
o 67 58
o 69 57
o 70 43
o 71 60
o 72 42
o 73 59
o 74 41
o 76 40
o 77 62
o 78 39
o 79 61
o 80 38
o 81 64
o 83 63
o 84 37
o 86 36
o 87 66
o 88 35
o 89 65
o 90 34
o 91 68
o 93 67
o 94 33
o 95 70
o 96 32
o 97 69
o 98 31
o 100 30
+ 81 52
+ 83 51
+ 83 52
+ 85 51
+ 86 51
+ 88 50
+ 89 52
+ 91 51
+ 92 51
+ 94 50
+ 95 52
+ 97 51
+ 97 52
+ 99 51
+ 100 51
x 2 1
x 3 3
x 4 4
x 5 5
x 6 6
x 7 7
x 8 8
x 9 9
x 10 10
x 11 11
x 12 12
x 13 13
x 14 14
x 15 15
x 16 16
x 17 17
x 18 18
x 19 19
x 20 20
x 21 21
x 22 22
x 23 23
x 24 24
x 25 25
x 26 26
x 27 27
x 28 28
x 29 29
x 30 71
x 31 72
x 32 73
x 33 74
x 34 75
x 35 76
x 36 77
x 37 78
x 38 79
x 39 80
x 40 81
x 41 82
x 42 83
x 43 84
x 44 85
x 45 86
x 46 87
x 47 88
x 48 89
x 49 90
x 50 91
x 51 92
x 58 93
x 61 94
x 68 95
x 75 96
x 82 97
x 85 98
x 92 99
x 99 100

Case #13: 2 1
o 1 1

Case #14: 256 115
o 1 1
o 52 50
o 53 52
o 54 49
o 55 51
o 56 48
o 57 54
o 59 53
o 60 47
o 62 46
o 63 56
o 64 45
o 65 55
o 66 44
o 67 58
o 69 57
o 70 43
o 71 60
o 72 42
o 73 59
o 74 41
o 76 40
o 77 62
o 78 39
o 79 61
o 80 38
o 81 64
o 83 63
o 84 37
o 86 36
o 87 66
o 88 35
o 89 65
o 90 34
o 91 68
o 93 67
o 94 33
o 95 70
o 96 32
o 97 69
o 98 31
o 100 30
+ 81 52
+ 83 51
+ 83 52
+ 85 51
+ 86 51
+ 88 50
+ 89 52
+ 91 51
+ 92 51
+ 94 50
+ 95 52
+ 97 51
+ 97 52
+ 99 51
+ 100 51
x 2 2
x 3 3
x 4 4
x 5 5
x 6 6
x 7 7
x 8 8
x 9 9
x 10 10
x 11 11
x 12 12
x 13 13
x 14 14
x 15 15
x 16 16
x 17 17
x 18 18
x 19 19
x 20 20
x 21 21
x 22 22
x 23 23
x 24 24
x 25 25
x 26 26
x 27 27
x 28 28
x 29 29
x 30 71
x 31 72
x 32 73
x 33 74
x 34 75
x 35 76
x 36 77
x 37 78
x 38 79
x 39 80
x 40 81
x 41 82
x 42 83
x 43 84
x 44 85
x 45 86
x 46 87
x 47 88
x 48 89
x 49 90
x 50 91
x 51 92
x 58 93
x 61 94
x 68 95
x 75 96
x 82 97
x 85 98
x 92 99
x 99 100

Case #15: 256 115
o 1 46
o 52 50
o 53 52
o 54 49
o 55 51
o 56 48
o 57 54
o 59 53
o 60 47
o 62 55
o 63 45
o 65 44
o 66 56
o 67 43
o 68 57
o 69 60
o 70 58
o 71 42
o 73 41
o 74 59
o 75 40
o 76 62
o 77 39
o 78 61
o 79 63
o 80 38
o 82 37
o 83 64
o 84 36
o 85 65
o 86 35
o 88 66
o 89 34
o 90 67
o 91 33
o 93 68
o 94 32
o 95 69
o 96 31
o 97 70
o 99 71
o 100 30
+ 81 50
+ 81 51
+ 84 50
+ 84 51
+ 86 50
+ 87 50
+ 90 50
+ 90 51
+ 92 51
+ 94 50
+ 94 51
+ 96 50
+ 98 51
+ 99 49
+ 100 51
x 2 1
x 3 2
x 4 3
x 5 4
x 6 5
x 7 6
x 8 7
x 9 8
x 10 9
x 11 10
x 12 11
x 13 12
x 14 13
x 15 14
x 16 15
x 17 16
x 18 17
x 19 18
x 20 19
x 21 20
x 22 21
x 23 22
x 24 23
x 25 24
x 26 25
x 27 26
x 28 27
x 29 28
x 30 29
x 31 72
x 32 73
x 33 74
x 34 75
x 35 76
x 36 77
x 37 78
x 38 79
x 39 80
x 40 81
x 41 82
x 42 83
x 43 84
x 44 85
x 45 86
x 46 87
x 47 88
x 48 89
x 49 90
x 50 91
x 51 92
x 58 93
x 61 94
x 64 95
x 72 96
x 81 97
x 87 98
x 92 99
x 98 100

Case #16: 234 156
o 1 13
o 2 1
o 3 3
o 4 5
o 5 2
o 6 4
o 7 9
o 8 11
o 9 14
o 10 16
o 11 6
o 12 19
o 13 17
o 14 7
o 15 23
o 16 8
o 17 26
o 18 28
o 19 10
o 20 31
o 21 15
o 22 12
o 23 36
o 24 20
o 25 39
o 26 41
o 27 43
o 28 45
o 29 48
o 30 18
o 31 51
o 32 21
o 33 54
o 34 56
o 35 22
o 36 59
o 37 62
o 38 24
o 39 63
o 40 25
o 41 68
o 42 70
o 43 72
o 44 27
o 45 29
o 46 76
o 47 78
o 48 30
o 49 81
o 50 83
o 51 32
o 52 86
o 53 33
o 54 89
o 55 34
o 56 92
o 57 35
o 58 95
o 59 97
o 60 37
o 62 38
o 65 40
o 68 42
o 72 44
o 73 46
o 76 47
o 79 49
o 81 50
o 84 52
o 86 53
o 89 55
o 92 57
o 94 58
o 97 60
+ 1 40
+ 1 41
+ 1 44
+ 1 48
+ 1 49
+ 1 51
+ 1 53
+ 1 54
+ 1 55
+ 1 57
+ 1 59
+ 1 60
+ 1 62
+ 1 65
+ 1 67
+ 1 68
+ 1 71
+ 1 74
+ 1 75
+ 1 78
+ 1 79
+ 1 80
+ 1 83
+ 1 84
+ 1 87
+ 1 90
+ 1 92
+ 1 93
+ 1 95
+ 4 97
+ 7 97
+ 8 95
+ 9 97
+ 11 96
+ 12 96
+ 15 96
+ 17 97
+ 19 94
+ 21 97
+ 23 94
+ 24 96
+ 26 95
+ 28 96
+ 31 96
+ 32 94
+ 33 96
+ 36 96
+ 39 1
+ 39 96
+ 41 96
+ 44 90
+ 45 96
+ 48 92
+ 48 97
+ 50 92
+ 53 94
+ 93 53
+ 95 56
+ 96 54
x 61 61
x 63 64
x 64 65
x 66 66
x 67 67
x 69 69
x 70 71
x 71 73
x 74 74
x 75 75
x 77 77
x 78 79
x 80 80
x 82 82
x 83 84
x 85 85
x 87 87
x 88 88
x 90 90
x 91 91
x 93 93
x 95 94
x 96 96

Case #17: 59 35
o 1 10
o 2 1
o 3 3
o 4 5
o 5 2
o 6 4
o 7 11
o 8 14
o 9 16
o 10 18
o 11 6
o 12 8
o 13 23
o 14 19
o 15 9
o 16 7
o 18 20
o 19 12
o 21 13
o 25 15
+ 1 12
+ 1 13
+ 1 14
+ 1 25
+ 2 25
+ 4 25
+ 5 25
+ 7 25
+ 10 25
+ 24 13
x 17 17
x 20 21
x 22 22
x 23 24
x 24 25

Case #18: 33 21
o 1 12
o 2 1
o 3 3
o 4 5
o 5 2
o 6 4
o 7 9
o 8 11
o 9 13
o 11 6
o 12 8
o 14 7
+ 1 7
+ 1 10
+ 1 11
+ 1 13
+ 1 14
+ 5 13
+ 9 14
x 10 10
x 13 14

Case #19: 242 160
o 1 63
o 2 1
o 3 4
o 4 2
o 5 7
o 6 3
o 7 10
o 8 12
o 9 5
o 10 15
o 11 17
o 12 6
o 13 8
o 14 21
o 15 23
o 16 25
o 17 9
o 18 11
o 19 29
o 20 31
o 21 35
o 22 37
o 23 13
o 24 36
o 25 14
o 26 42
o 27 18
o 28 16
o 29 46
o 30 48
o 31 50
o 32 53
o 33 19
o 34 56
o 35 20
o 36 59
o 37 24
o 38 62
o 39 65
o 40 22
o 41 68
o 42 70
o 43 26
o 44 28
o 45 74
o 46 27
o 47 77
o 48 79
o 49 81
o 50 30
o 51 84
o 52 86
o 53 88
o 54 32
o 55 34
o 56 92
o 57 94
o 58 33
o 59 98
o 60 100
o 61 38
o 63 39
o 66 40
o 69 41
o 70 43
o 73 44
o 75 45
o 78 47
o 82 49
o 83 51
o 87 52
o 88 54
o 91 55
o 95 57
o 97 58
o 98 61
+ 1 42
+ 1 45
+ 1 46
+ 1 48
+ 1 49
+ 1 52
+ 1 56
+ 1 57
+ 1 62
+ 1 64
+ 1 65
+ 1 66
+ 1 69
+ 1 70
+ 1 73
+ 1 75
+ 1 76
+ 1 78
+ 1 81
+ 1 82
+ 1 83
+ 1 86
+ 1 87
+ 1 91
+ 1 92
+ 1 93
+ 1 95
+ 1 96
+ 1 97
+ 1 100
+ 3 100
+ 6 99
+ 9 98
+ 10 98
+ 12 99
+ 15 99
+ 16 99
+ 19 97
+ 21 97
+ 21 100
+ 25 98
+ 26 96
+ 29 100
+ 30 96
+ 33 100
+ 34 94
+ 37 95
+ 39 98
+ 41 1
+ 41 95
+ 43 100
+ 45 95
+ 46 99
+ 49 95
+ 49 98
+ 53 96
+ 54 96
+ 97 56
+ 98 56
+ 100 56
x 62 60
x 64 64
x 65 66
x 67 67
x 68 69
x 71 71
x 72 72
x 74 73
x 76 75
x 77 76
x 79 78
x 80 80
x 81 82
x 84 83
x 85 85
x 86 87
x 89 89
x 90 90
x 92 91
x 93 93
x 94 95
x 96 96
x 99 97
x 100 99

Case #20: 60 38
o 1 19
o 2 1
o 3 3
o 4 5
o 5 2
o 6 4
o 7 9
o 8 11
o 9 13
o 10 15
o 11 6
o 12 18
o 13 20
o 14 10
o 15 8
o 16 24
o 19 7
o 20 12
o 22 16
o 23 14
+ 1 10
+ 1 12
+ 1 13
+ 1 14
+ 1 17
+ 2 25
+ 3 25
+ 4 25
+ 7 24
+ 10 24
+ 10 25
+ 23 13
+ 25 14
x 17 17
x 18 21
x 21 22
x 24 23
x 25 25

Case #21: 241 162
o 1 1
o 2 4
o 3 7
o 4 3
o 5 10
o 6 2
o 7 5
o 8 14
o 9 16
o 10 18
o 11 6
o 12 21
o 13 23
o 14 25
o 15 8
o 16 13
o 17 9
o 18 12
o 19 31
o 20 11
o 21 34
o 22 36
o 23 38
o 24 40
o 25 15
o 26 43
o 27 45
o 28 17
o 29 49
o 30 51
o 31 53
o 32 19
o 33 56
o 34 20
o 35 59
o 36 24
o 37 22
o 38 63
o 39 65
o 40 67
o 41 69
o 42 26
o 43 72
o 44 27
o 45 75
o 46 28
o 47 78
o 48 29
o 49 81
o 50 30
o 51 84
o 52 86
o 53 32
o 54 89
o 55 33
o 56 92
o 57 94
o 58 35
o 59 97
o 60 99
o 61 37
o 64 39
o 67 41
o 69 42
o 72 44
o 75 46
o 77 47
o 79 48
o 82 50
o 85 52
o 88 54
o 90 55
o 93 57
o 95 58
o 98 60
o 100 61
+ 1 41
+ 1 42
+ 1 43
+ 1 45
+ 1 46
+ 1 47
+ 1 48
+ 1 51
+ 1 52
+ 1 55
+ 1 56
+ 1 61
+ 1 62
+ 1 64
+ 1 65
+ 1 66
+ 1 69
+ 1 72
+ 1 74
+ 1 75
+ 1 78
+ 1 81
+ 1 82
+ 1 85
+ 1 86
+ 1 89
+ 1 90
+ 1 91
+ 1 94
+ 1 95
+ 1 96
+ 1 98
+ 1 99
+ 3 99
+ 7 98
+ 7 99
+ 11 98
+ 13 99
+ 15 98
+ 16 98
+ 19 98
+ 20 98
+ 22 97
+ 23 99
+ 27 96
+ 27 99
+ 29 99
+ 31 98
+ 34 100
+ 36 95
+ 37 99
+ 38 95
+ 41 99
+ 43 96
+ 44 100
+ 46 95
+ 47 99
+ 52 95
+ 52 100
+ 95 54
+ 97 57
+ 99 56
x 62 62
x 63 64
x 65 66
x 66 68
x 68 70
x 70 71
x 71 73
x 73 74
x 74 76
x 76 77
x 78 79
x 80 80
x 81 82
x 83 83
x 84 85
x 86 87
x 87 88
x 89 90
x 91 91
x 92 93
x 94 95
x 96 96
x 97 98
x 99 100

Case #22: 133 87
o 1 3
o 2 1
o 3 4
o 4 2
o 5 8
o 6 10
o 7 12
o 8 14
o 9 5
o 10 7
o 11 18
o 12 6
o 13 21
o 14 9
o 15 24
o 16 26
o 17 28
o 18 30
o 19 11
o 20 13
o 21 34
o 22 36
o 23 38
o 24 40
o 25 16
o 26 43
o 27 17
o 28 15
o 29 47
o 30 19
o 31 50
o 32 20
o 33 53
o 34 55
o 37 22
o 39 23
o 41 27
o 42 25
o 48 29
o 49 31
o 52 32
o 54 33
+ 1 23
+ 1 24
+ 1 26
+ 1 27
+ 1 30
+ 1 31
+ 1 35
+ 1 36
+ 1 37
+ 1 45
+ 1 46
+ 1 49
+ 1 50
+ 1 52
+ 1 53
+ 1 55
+ 2 55
+ 5 55
+ 8 55
+ 11 54
+ 12 54
+ 15 55
+ 16 55
+ 18 55
+ 20 52
+ 22 53
+ 23 51
+ 26 53
+ 50 28
+ 53 29
+ 53 30
+ 55 30
x 35 35
x 36 37
x 38 39
x 40 41
x 43 42
x 44 44
x 45 45
x 46 46
x 47 48
x 50 49
x 51 51
x 53 52
x 55 54

Case #23: 242 161
o 1 1
o 2 3
o 3 6
o 4 2
o 5 9
o 6 5
o 7 12
o 8 4
o 9 16
o 10 7
o 11 19
o 12 21
o 13 8
o 14 24
o 15 26
o 16 10
o 17 29
o 18 11
o 19 32
o 20 34
o 21 13
o 22 37
o 23 14
o 24 40
o 25 15
o 26 43
o 27 45
o 28 17
o 29 48
o 30 18
o 31 51
o 32 53
o 33 20
o 34 56
o 35 58
o 36 22
o 37 61
o 38 23
o 39 64
o 40 66
o 41 68
o 42 25
o 43 27
o 44 72
o 45 74
o 46 28
o 47 77
o 48 79
o 49 30
o 50 82
o 51 84
o 52 31
o 53 33
o 54 88
o 55 90
o 56 92
o 57 35
o 58 95
o 59 36
o 60 98
o 61 100
o 62 38
o 65 39
o 66 41
o 69 42
o 73 44
o 74 46
o 78 47
o 79 49
o 83 50
o 84 52
o 89 54
o 91 55
o 93 59
o 94 57
o 99 60
o 100 62
+ 1 42
+ 1 43
+ 1 46
+ 1 48
+ 1 49
+ 1 51
+ 1 54
+ 1 55
+ 1 56
+ 1 59
+ 1 61
+ 1 62
+ 1 64
+ 1 67
+ 1 70
+ 1 72
+ 1 74
+ 1 75
+ 1 77
+ 1 79
+ 1 80
+ 1 83
+ 1 86
+ 1 87
+ 1 88
+ 1 90
+ 1 93
+ 1 95
+ 1 96
+ 1 98
+ 1 100
+ 2 100
+ 6 99
+ 9 99
+ 11 99
+ 14 98
+ 15 98
+ 17 97
+ 17 98
+ 22 99
+ 23 95
+ 24 99
+ 26 96
+ 29 97
+ 31 98
+ 33 98
+ 34 96
+ 39 95
+ 39 98
+ 41 98
+ 43 95
+ 45 96
+ 47 93
+ 49 98
+ 50 94
+ 53 96
+ 95 55
+ 98 56
+ 98 57
+ 100 56
+ 100 57
x 63 63
x 64 65
x 67 67
x 68 69
x 70 70
x 71 71
x 72 73
x 75 75
x 76 76
x 77 78
x 80 80
x 81 81
x 82 83
x 85 85
x 86 86
x 87 87
x 88 89
x 90 91
x 92 93
x 95 94
x 96 96
x 97 97
x 98 99

Case #24: 100 66
o 1 13
o 2 1
o 3 3
o 4 5
o 5 2
o 6 4
o 7 9
o 8 11
o 9 15
o 10 17
o 11 6
o 12 8
o 13 18
o 14 7
o 15 19
o 16 10
o 17 25
o 18 27
o 19 29
o 20 12
o 21 32
o 22 35
o 23 37
o 24 14
o 25 16
o 26 41
o 31 20
o 33 21
o 36 22
o 37 24
o 39 23
+ 1 17
+ 1 21
+ 1 24
+ 1 27
+ 1 28
+ 1 29
+ 1 32
+ 1 35
+ 1 38
+ 1 39
+ 1 42
+ 2 42
+ 5 41
+ 9 38
+ 9 41
+ 11 41
+ 12 37
+ 16 40
+ 18 37
+ 21 38
+ 23 41
+ 39 24
+ 41 24
+ 42 24
x 27 26
x 28 28
x 29 30
x 30 31
x 32 33
x 34 34
x 35 36
x 38 38
x 40 39
x 41 40
x 42 42

Case #25: 74 48
o 1 14
o 2 1
o 3 4
o 4 2
o 5 7
o 6 3
o 7 10
o 8 12
o 9 5
o 10 15
o 11 17
o 12 6
o 13 8
o 14 21
o 15 23
o 16 25
o 17 9
o 18 11
o 19 29
o 20 31
o 23 13
o 27 16
o 28 19
o 31 18
+ 1 18
+ 1 21
+ 1 22
+ 1 23
+ 1 26
+ 1 29
+ 1 30
+ 1 31
+ 3 30
+ 4 30
+ 7 30
+ 10 29
+ 11 29
+ 13 29
+ 15 30
+ 16 28
+ 29 17
x 21 20
x 22 22
x 24 24
x 25 26
x 26 27
x 29 28
x 30 30

Case #26: 2 1
o 1 1

Case #27: 190 127
o 1 22
o 2 1
o 3 3
o 4 5
o 5 2
o 6 4
o 7 9
o 8 11
o 9 13
o 10 15
o 11 6
o 12 8
o 13 19
o 14 7
o 15 23
o 16 10
o 17 24
o 18 28
o 19 30
o 20 32
o 21 12
o 22 14
o 23 36
o 24 33
o 25 39
o 26 16
o 27 42
o 28 44
o 29 18
o 30 47
o 31 17
o 32 50
o 33 20
o 34 53
o 35 55
o 36 58
o 37 21
o 38 61
o 39 27
o 40 25
o 41 65
o 42 67
o 43 69
o 44 26
o 45 72
o 46 29
o 47 76
o 48 78
o 50 31
o 54 34
o 56 35
o 59 37
o 62 38
o 63 40
o 66 41
o 70 43
o 71 45
o 74 46
o 77 48
o 79 49
+ 1 33
+ 1 34
+ 1 36
+ 1 38
+ 1 39
+ 1 42
+ 1 49
+ 1 50
+ 1 53
+ 1 54
+ 1 55
+ 1 59
+ 1 60
+ 1 61
+ 1 62
+ 1 66
+ 1 67
+ 1 70
+ 1 72
+ 1 73
+ 1 75
+ 1 77
+ 1 78
+ 1 79
+ 4 79
+ 6 79
+ 7 77
+ 9 77
+ 11 78
+ 14 78
+ 15 78
+ 19 76
+ 21 76
+ 21 77
+ 25 76
+ 26 76
+ 29 75
+ 29 76
+ 32 76
+ 33 78
+ 35 75
+ 38 77
+ 39 75
+ 42 76
+ 44 75
+ 76 45
+ 77 45
+ 79 45
x 49 51
x 51 52
x 52 54
x 53 56
x 55 57
x 57 59
x 58 60
x 60 62
x 61 63
x 64 64
x 65 66
x 67 68
x 68 70
x 69 71
x 72 73
x 73 74
x 75 75
x 76 77
x 78 79

Case #28: 241 160
o 1 1
o 2 6
o 3 4
o 4 2
o 5 10
o 6 3
o 7 13
o 8 15
o 9 5
o 10 18
o 11 20
o 12 22
o 13 8
o 14 25
o 15 7
o 16 9
o 17 16
o 18 12
o 19 31
o 20 33
o 21 11
o 22 36
o 23 14
o 24 40
o 25 43
o 26 45
o 27 47
o 28 17
o 29 50
o 30 52
o 31 54
o 32 19
o 33 21
o 34 58
o 35 61
o 36 63
o 37 23
o 38 66
o 39 24
o 40 69
o 41 71
o 42 73
o 43 26
o 44 28
o 45 77
o 46 27
o 47 29
o 48 81
o 49 83
o 50 30
o 51 86
o 52 88
o 53 90
o 54 32
o 55 34
o 56 94
o 57 96
o 58 98
o 59 35
o 60 37
o 63 38
o 66 39
o 67 41
o 71 42
o 72 44
o 77 46
o 78 48
o 81 49
o 84 51
o 88 53
o 89 55
o 92 56
o 94 57
o 98 59
o 100 60
+ 1 42
+ 1 43
+ 1 45
+ 1 46
+ 1 47
+ 1 48
+ 1 51
+ 1 54
+ 1 55
+ 1 56
+ 1 58
+ 1 60
+ 1 61
+ 1 64
+ 1 65
+ 1 66
+ 1 69
+ 1 74
+ 1 76
+ 1 77
+ 1 80
+ 1 82
+ 1 83
+ 1 86
+ 1 87
+ 1 89
+ 1 90
+ 1 94
+ 1 97
+ 1 99
+ 3 100
+ 4 98
+ 7 99
+ 10 97
+ 10 100
+ 14 97
+ 15 99
+ 19 99
+ 20 97
+ 21 99
+ 24 95
+ 25 99
+ 26 95
+ 28 100
+ 29 96
+ 33 94
+ 34 100
+ 37 99
+ 39 1
+ 40 91
+ 40 98
+ 42 91
+ 43 99
+ 47 99
+ 48 91
+ 52 100
+ 93 52
+ 95 52
+ 97 52
+ 98 56
x 61 62
x 62 64
x 64 65
x 65 67
x 68 68
x 69 70
x 70 72
x 73 74
x 74 75
x 75 76
x 76 78
x 79 79
x 80 80
x 82 82
x 83 84
x 85 85
x 86 87
x 87 89
x 90 91
x 91 92
x 93 93
x 95 95
x 96 97
x 97 99
x 99 100

Case #29: 239 162
o 1 69
o 2 1
o 3 3
o 4 5
o 5 2
o 6 4
o 7 9
o 8 11
o 9 13
o 10 15
o 11 6
o 12 8
o 13 19
o 14 7
o 15 22
o 16 10
o 17 25
o 18 27
o 19 29
o 20 31
o 21 12
o 22 14
o 23 35
o 24 37
o 25 39
o 26 41
o 27 16
o 28 18
o 29 45
o 30 17
o 31 48
o 32 20
o 33 51
o 34 53
o 35 21
o 36 56
o 37 58
o 38 60
o 39 23
o 40 63
o 41 24
o 42 66
o 43 28
o 44 70
o 45 72
o 46 26
o 47 75
o 48 30
o 49 74
o 50 79
o 51 32
o 52 82
o 53 84
o 54 86
o 55 33
o 56 89
o 57 34
o 58 92
o 59 38
o 60 36
o 61 96
o 62 98
o 63 100
o 65 40
o 68 42
o 70 43
o 72 44
o 75 46
o 77 47
o 81 49
o 83 50
o 85 54
o 86 52
o 91 55
o 92 57
o 96 59
o 100 61
+ 1 39
+ 1 40
+ 1 43
+ 1 48
+ 1 49
+ 1 52
+ 1 53
+ 1 54
+ 1 56
+ 1 58
+ 1 59
+ 1 62
+ 1 65
+ 1 67
+ 1 68
+ 1 72
+ 1 74
+ 1 75
+ 1 76
+ 1 79
+ 1 80
+ 1 81
+ 1 84
+ 1 85
+ 1 88
+ 1 89
+ 1 92
+ 1 93
+ 1 98
+ 1 99
+ 1 100
+ 3 99
+ 5 99
+ 7 100
+ 8 98
+ 10 99
+ 13 98
+ 13 99
+ 17 98
+ 18 100
+ 21 98
+ 22 98
+ 27 99
+ 28 97
+ 29 99
+ 31 96
+ 34 97
+ 35 97
+ 38 97
+ 38 98
+ 43 99
+ 45 99
+ 46 95
+ 49 94
+ 49 99
+ 52 95
+ 53 99
+ 55 96
+ 55 99
+ 58 98
+ 97 56
+ 98 60
x 64 62
x 66 64
x 67 65
x 69 67
x 71 68
x 73 71
x 74 73
x 76 76
x 78 77
x 79 78
x 80 80
x 82 81
x 84 83
x 87 85
x 88 87
x 89 88
x 90 90
x 93 91
x 94 93
x 95 94
x 97 95
x 98 97
x 99 99

Case #30: 240 162
o 1 11
o 2 1
o 3 4
o 4 2
o 5 8
o 6 3
o 7 9
o 8 12
o 9 5
o 10 15
o 11 6
o 12 18
o 13 20
o 14 7
o 15 23
o 16 10
o 17 26
o 18 29
o 19 31
o 20 33
o 21 13
o 22 36
o 23 14
o 24 39
o 25 41
o 26 16
o 27 44
o 28 17
o 29 47
o 30 50
o 31 52
o 32 19
o 33 21
o 34 53
o 35 57
o 36 59
o 37 22
o 38 24
o 39 63
o 40 65
o 41 67
o 42 25
o 43 27
o 44 71
o 45 73
o 46 28
o 47 76
o 48 78
o 49 80
o 50 82
o 51 30
o 52 32
o 53 86
o 54 35
o 55 89
o 56 34
o 57 92
o 58 94
o 59 96
o 60 37
o 61 99
o 62 38
o 66 40
o 67 42
o 70 43
o 74 45
o 76 46
o 79 48
o 81 49
o 82 54
o 84 51
o 90 55
o 92 56
o 94 60
o 95 58
o 100 61
+ 1 40
+ 1 43
+ 1 45
+ 1 47
+ 1 48
+ 1 51
+ 1 54
+ 1 55
+ 1 56
+ 1 59
+ 1 60
+ 1 63
+ 1 64
+ 1 67
+ 1 68
+ 1 71
+ 1 72
+ 1 74
+ 1 76
+ 1 77
+ 1 81
+ 1 84
+ 1 85
+ 1 87
+ 1 90
+ 1 92
+ 1 93
+ 1 95
+ 1 97
+ 1 98
+ 1 100
+ 4 99
+ 7 97
+ 7 100
+ 11 99
+ 12 99
+ 15 97
+ 18 96
+ 18 99
+ 21 95
+ 21 100
+ 24 96
+ 28 96
+ 28 97
+ 32 96
+ 33 98
+ 36 97
+ 37 97
+ 39 1
+ 40 97
+ 41 97
+ 44 96
+ 45 96
+ 47 95
+ 47 96
+ 51 96
+ 53 93
+ 54 97
+ 58 99
+ 95 55
+ 99 57
+ 100 59
x 63 62
x 64 64
x 65 66
x 68 68
x 69 69
x 71 70
x 72 72
x 73 74
x 75 75
x 77 77
x 78 79
x 80 81
x 83 83
x 85 84
x 86 85
x 87 87
x 88 88
x 89 90
x 91 91
x 93 93
x 96 95
x 97 97
x 98 98
x 99 100

Case #31: 129 87
o 1 36
o 2 1
o 3 3
o 4 5
o 5 2
o 6 4
o 7 9
o 8 11
o 9 13
o 10 15
o 11 6
o 12 8
o 13 19
o 14 7
o 15 23
o 16 10
o 17 24
o 18 27
o 19 29
o 20 31
o 21 12
o 22 14
o 23 35
o 24 37
o 25 39
o 26 16
o 27 42
o 28 44
o 29 17
o 30 47
o 31 18
o 32 21
o 33 51
o 34 20
o 35 54
o 37 22
o 41 25
o 44 26
o 45 28
o 49 30
o 53 32
o 54 34
+ 1 22
+ 1 23
+ 1 26
+ 1 27
+ 1 28
+ 1 29
+ 1 30
+ 1 33
+ 1 34
+ 1 38
+ 1 39
+ 1 42
+ 1 43
+ 1 46
+ 1 49
+ 1 51
+ 1 54
+ 2 54
+ 3 54
+ 7 53
+ 9 53
+ 10 53
+ 13 52
+ 14 54
+ 18 49
+ 20 54
+ 23 53
+ 24 47
+ 27 51
+ 30 50
+ 49 26
+ 52 30
+ 53 28
x 36 33
x 38 38
x 39 40
x 40 41
x 42 43
x 43 45
x 46 46
x 47 48
x 48 49
x 50 50
x 51 52
x 52 53

Case #32: 28 19
o 1 6
o 2 1
o 3 3
o 4 5
o 5 7
o 6 2
o 7 4
o 8 11
o 10 8
+ 1 9
+ 1 12
+ 2 12
+ 3 12
+ 5 11
+ 5 12
+ 8 12
x 9 9
x 11 10
x 12 12

Case #33: 32 20
o 1 1
o 2 4
o 3 2
o 4 7
o 5 3
o 6 10
o 7 13
o 8 5
o 11 6
o 13 9
+ 1 8
+ 1 9
+ 1 11
+ 1 13
+ 2 13
+ 12 6
+ 13 6
x 9 8
x 10 11
x 12 12

Case #34: 216 143
o 1 86
o 2 1
o 3 3
o 4 5
o 5 2
o 6 4
o 7 9
o 8 11
o 9 13
o 10 15
o 11 6
o 12 18
o 13 20
o 14 7
o 15 23
o 16 8
o 17 26
o 18 14
o 19 10
o 20 30
o 21 32
o 22 12
o 23 17
o 24 36
o 25 38
o 26 40
o 27 42
o 28 16
o 29 45
o 30 19
o 31 48
o 32 51
o 33 53
o 34 21
o 35 56
o 36 22
o 37 59
o 38 61
o 39 63
o 40 24
o 41 66
o 42 25
o 43 28
o 44 70
o 45 27
o 46 73
o 47 75
o 48 29
o 49 78
o 50 80
o 51 31
o 52 83
o 53 85
o 54 87
o 55 33
o 56 90
o 58 34
o 60 35
o 62 39
o 63 37
o 65 44
o 69 41
o 70 43
o 75 46
o 77 47
o 80 49
o 82 50
o 85 52
o 88 54
o 90 55
+ 1 36
+ 1 40
+ 1 44
+ 1 45
+ 1 46
+ 1 47
+ 1 50
+ 1 51
+ 1 53
+ 1 55
+ 1 56
+ 1 58
+ 1 60
+ 1 61
+ 1 64
+ 1 67
+ 1 69
+ 1 72
+ 1 74
+ 1 75
+ 1 77
+ 1 79
+ 1 80
+ 1 83
+ 1 84
+ 1 88
+ 1 89
+ 4 90
+ 6 87
+ 9 89
+ 10 87
+ 14 89
+ 16 88
+ 18 87
+ 18 88
+ 22 86
+ 22 89
+ 25 87
+ 25 90
+ 28 89
+ 29 87
+ 31 87
+ 35 88
+ 36 84
+ 37 88
+ 42 84
+ 42 89
+ 45 83
+ 46 87
+ 49 85
+ 86 50
+ 88 51
+ 89 51
x 57 57
x 59 58
x 61 60
x 64 62
x 66 64
x 67 65
x 68 67
x 71 68
x 72 69
x 73 71
x 74 72
x 76 74
x 78 76
x 79 77
x 81 79
x 83 81
x 84 82
x 86 84
x 87 88
x 89 89

Case #35: 239 162
o 1 9
o 2 1
o 3 3
o 4 5
o 5 2
o 6 8
o 7 10
o 8 4
o 9 7
o 10 14
o 11 16
o 12 6
o 13 19
o 14 21
o 15 24
o 16 26
o 17 12
o 18 29
o 19 11
o 20 13
o 21 33
o 22 35
o 23 37
o 24 39
o 25 15
o 26 17
o 27 43
o 28 45
o 29 47
o 30 18
o 31 20
o 32 51
o 33 53
o 34 55
o 35 57
o 36 22
o 37 60
o 38 23
o 39 63
o 40 27
o 41 25
o 42 67
o 43 69
o 44 71
o 45 73
o 46 28
o 47 30
o 48 77
o 49 79
o 50 31
o 51 82
o 52 32
o 53 85
o 54 87
o 55 89
o 56 34
o 57 36
o 58 93
o 59 95
o 60 97
o 61 38
o 62 100
o 64 40
o 66 41
o 68 42
o 72 44
o 73 46
o 78 48
o 79 50
o 81 49
o 83 52
o 88 54
o 89 56
o 94 58
o 96 59
o 97 62
o 99 61
+ 1 40
+ 1 43
+ 1 44
+ 1 45
+ 1 48
+ 1 49
+ 1 51
+ 1 52
+ 1 54
+ 1 55
+ 1 58
+ 1 61
+ 1 63
+ 1 64
+ 1 67
+ 1 68
+ 1 70
+ 1 71
+ 1 74
+ 1 77
+ 1 78
+ 1 79
+ 1 81
+ 1 84
+ 1 86
+ 1 87
+ 1 90
+ 1 93
+ 1 94
+ 1 95
+ 1 97
+ 1 99
+ 1 100
+ 3 100
+ 5 100
+ 8 98
+ 10 98
+ 12 99
+ 15 99
+ 16 97
+ 19 98
+ 23 97
+ 23 98
+ 25 97
+ 26 97
+ 28 96
+ 31 96
+ 34 98
+ 35 96
+ 38 96
+ 39 98
+ 40 96
+ 42 97
+ 44 96
+ 47 96
+ 50 96
+ 51 96
+ 54 94
+ 54 95
+ 95 55
+ 96 57
+ 99 57
x 63 64
x 65 65
x 67 66
x 69 68
x 70 70
x 71 72
x 74 74
x 75 75
x 76 76
x 77 78
x 80 80
x 82 81
x 84 83
x 85 84
x 86 86
x 87 88
x 90 90
x 91 91
x 92 92
x 93 94
x 95 96
x 98 98
x 100 99

Case #36: 243 161
o 1 1
o 2 7
o 3 10
o 4 3
o 5 13
o 6 4
o 7 9
o 8 18
o 9 2
o 10 5
o 11 8
o 12 21
o 13 26
o 14 6
o 15 29
o 16 12
o 17 28
o 18 33
o 19 35
o 20 11
o 21 15
o 22 39
o 23 41
o 24 14
o 25 44
o 26 46
o 27 16
o 28 49
o 29 17
o 30 52
o 31 55
o 32 57
o 33 19
o 34 60
o 35 20
o 36 23
o 37 64
o 38 22
o 39 67
o 40 69
o 41 24
o 42 73
o 43 25
o 44 76
o 45 78
o 46 27
o 47 81
o 48 84
o 49 86
o 50 30
o 51 89
o 52 31
o 53 92
o 54 94
o 55 32
o 56 34
o 57 98
o 58 100
o 60 36
o 62 37
o 64 38
o 67 40
o 70 42
o 73 43
o 74 45
o 78 47
o 81 48
o 83 51
o 86 50
o 88 53
o 90 56
o 93 54
o 95 58
o 97 59
+ 1 46
+ 1 47
+ 1 48
+ 1 49
+ 1 52
+ 1 55
+ 1 56
+ 1 57
+ 1 61
+ 1 62
+ 1 65
+ 1 66
+ 1 69
+ 1 70
+ 1 73
+ 1 74
+ 1 75
+ 1 77
+ 1 78
+ 1 80
+ 1 83
+ 1 84
+ 1 87
+ 1 90
+ 1 91
+ 1 92
+ 1 94
+ 1 96
+ 1 97
+ 1 99
+ 3 100
+ 5 99
+ 8 100
+ 9 96
+ 11 99
+ 13 98
+ 15 99
+ 16 97
+ 19 99
+ 21 96
+ 22 100
+ 25 96
+ 27 97
+ 30 96
+ 30 97
+ 34 96
+ 34 97
+ 37 96
+ 40 97
+ 40 98
+ 41 1
+ 43 96
+ 45 97
+ 47 96
+ 47 97
+ 53 96
+ 53 97
+ 96 55
+ 97 55
+ 99 55
+ 100 57
x 59 61
x 61 62
x 63 63
x 65 65
x 66 66
x 68 68
x 69 70
x 71 71
x 72 72
x 75 74
x 76 75
x 77 77
x 79 79
x 80 80
x 82 82
x 84 83
x 85 85
x 87 87
x 89 88
x 91 90
x 92 91
x 94 93
x 96 95
x 98 96
x 99 97
x 100 99

Case #37: 171 115
o 1 39
o 2 1
o 3 3
o 4 5
o 5 2
o 6 4
o 7 9
o 8 11
o 9 13
o 10 15
o 11 6
o 12 8
o 13 19
o 14 7
o 15 22
o 16 10
o 17 25
o 18 27
o 19 29
o 20 31
o 21 12
o 22 14
o 23 35
o 24 37
o 25 40
o 26 42
o 27 17
o 28 45
o 29 18
o 30 16
o 31 49
o 32 20
o 33 52
o 34 21
o 35 55
o 36 50
o 37 58
o 38 60
o 39 23
o 40 63
o 41 26
o 42 24
o 43 67
o 44 69
o 45 71
o 47 28
o 49 32
o 52 30
o 54 33
o 56 36
o 57 34
o 62 38
o 66 41
o 69 43
o 71 44
+ 1 28
+ 1 29
+ 1 30
+ 1 33
+ 1 34
+ 1 37
+ 1 38
+ 1 40
+ 1 48
+ 1 49
+ 1 52
+ 1 53
+ 1 55
+ 1 56
+ 1 58
+ 1 59
+ 1 62
+ 1 63
+ 1 68
+ 1 69
+ 1 70
+ 1 71
+ 4 70
+ 6 70
+ 6 71
+ 8 71
+ 9 69
+ 12 71
+ 14 70
+ 18 71
+ 19 69
+ 22 71
+ 24 70
+ 26 70
+ 26 71
+ 28 71
+ 31 71
+ 33 68
+ 35 69
+ 37 68
+ 38 68
+ 68 40
+ 69 40
+ 71 40
x 46 46
x 48 47
x 50 48
x 51 51
x 53 53
x 55 54
x 58 56
x 59 57
x 60 59
x 61 61
x 63 62
x 64 64
x 65 65
x 67 66
x 68 68
x 70 70

Case #38: 240 162
o 1 25
o 2 1
o 3 4
o 4 2
o 5 7
o 6 3
o 7 10
o 8 12
o 9 5
o 10 15
o 11 17
o 12 6
o 13 8
o 14 21
o 15 23
o 16 26
o 17 28
o 18 9
o 19 11
o 20 13
o 21 30
o 22 34
o 23 36
o 24 38
o 25 14
o 26 41
o 27 43
o 28 16
o 29 19
o 30 47
o 31 18
o 32 50
o 33 52
o 34 20
o 35 55
o 36 57
o 37 59
o 38 61
o 39 22
o 40 24
o 41 66
o 42 27
o 43 69
o 44 71
o 45 73
o 46 75
o 47 29
o 48 78
o 49 80
o 50 31
o 51 83
o 52 32
o 53 86
o 54 33
o 55 89
o 56 91
o 57 35
o 58 94
o 59 96
o 60 37
o 61 99
o 63 39
o 65 40
o 68 42
o 72 44
o 73 46
o 75 45
o 77 48
o 81 49
o 82 51
o 87 53
o 89 54
o 91 58
o 92 56
o 97 60
o 100 62
+ 1 40
+ 1 42
+ 1 45
+ 1 46
+ 1 49
+ 1 51
+ 1 52
+ 1 54
+ 1 56
+ 1 57
+ 1 62
+ 1 64
+ 1 65
+ 1 67
+ 1 70
+ 1 71
+ 1 72
+ 1 73
+ 1 74
+ 1 77
+ 1 78
+ 1 79
+ 1 82
+ 1 85
+ 1 87
+ 1 88
+ 1 90
+ 1 93
+ 1 94
+ 1 97
+ 1 99
+ 1 100
+ 3 100
+ 5 99
+ 8 98
+ 9 100
+ 10 98
+ 13 98
+ 15 98
+ 16 98
+ 19 98
+ 24 98
+ 24 99
+ 28 96
+ 30 97
+ 33 95
+ 33 98
+ 36 96
+ 38 97
+ 40 97
+ 41 95
+ 43 95
+ 46 95
+ 48 94
+ 49 96
+ 52 94
+ 54 97
+ 55 95
+ 96 57
+ 97 57
+ 99 57
+ 100 59
x 62 63
x 64 64
x 66 65
x 67 67
x 69 68
x 70 70
x 71 72
x 74 74
x 76 76
x 78 77
x 79 79
x 80 81
x 83 82
x 84 84
x 85 85
x 86 87
x 88 88
x 90 90
x 93 92
x 94 93
x 95 95
x 96 97
x 98 98
x 99 100

Case #39: 239 162
o 1 46
o 2 1
o 3 3
o 4 5
o 5 2
o 6 4
o 7 9
o 8 11
o 9 13
o 10 15
o 11 6
o 12 8
o 13 19
o 14 7
o 15 22
o 16 10
o 17 25
o 18 27
o 19 29
o 20 31
o 21 12
o 22 14
o 23 35
o 24 37
o 25 39
o 26 41
o 27 16
o 28 18
o 29 45
o 30 47
o 31 49
o 32 17
o 33 20
o 34 53
o 35 21
o 36 24
o 37 57
o 38 59
o 39 23
o 40 62
o 41 64
o 42 66
o 43 26
o 44 69
o 45 71
o 46 73
o 47 28
o 48 30
o 49 77
o 50 79
o 51 81
o 52 32
o 53 84
o 54 86
o 55 33
o 56 89
o 57 34
o 58 92
o 59 94
o 60 36
o 61 40
o 62 98
o 63 100
o 65 38
o 67 42
o 69 43
o 73 44
o 76 48
o 80 50
o 82 51
o 84 52
o 87 54
o 89 55
o 91 56
o 94 58
o 97 60
o 100 61
+ 1 39
+ 1 40
+ 1 43
+ 1 49
+ 1 51
+ 1 53
+ 1 54
+ 1 56
+ 1 58
+ 1 62
+ 1 64
+ 1 65
+ 1 67
+ 1 69
+ 1 70
+ 1 71
+ 1 72
+ 1 75
+ 1 78
+ 1 80
+ 1 81
+ 1 82
+ 1 84
+ 1 85
+ 1 88
+ 1 89
+ 1 91
+ 1 92
+ 1 94
+ 1 97
+ 1 98
+ 1 99
+ 5 99
+ 7 99
+ 9 98
+ 12 98
+ 13 98
+ 16 98
+ 20 95
+ 20 98
+ 22 98
+ 24 97
+ 25 97
+ 28 95
+ 30 95
+ 33 95
+ 34 93
+ 37 97
+ 40 91
+ 40 98
+ 43 92
+ 43 99
+ 46 93
+ 46 100
+ 50 93
+ 51 97
+ 54 95
+ 55 99
+ 58 98
+ 96 55
+ 98 60
+ 99 56
x 64 63
x 66 65
x 68 67
x 70 68
x 71 70
x 72 72
x 74 74
x 75 75
x 77 76
x 78 78
x 79 80
x 81 82
x 83 83
x 85 85
x 86 87
x 88 88
x 90 90
x 92 91
x 93 93
x 95 95
x 96 96
x 98 97
x 99 99

Case #40: 138 92
o 1 4
o 2 1
o 3 3
o 4 5
o 5 2
o 6 8
o 7 11
o 8 13
o 9 7
o 10 16
o 11 6
o 12 19
o 13 9
o 14 22
o 15 24
o 16 26
o 17 10
o 18 12
o 19 30
o 20 32
o 21 34
o 22 36
o 23 14
o 24 39
o 25 15
o 26 18
o 27 43
o 28 17
o 29 46
o 30 48
o 31 50
o 32 52
o 33 20
o 34 55
o 35 21
o 36 58
o 37 25
o 38 23
o 44 27
o 45 29
o 48 28
o 49 31
o 52 33
o 56 35
+ 1 24
+ 1 27
+ 1 28
+ 1 32
+ 1 33
+ 1 37
+ 1 40
+ 1 42
+ 1 45
+ 1 46
+ 1 47
+ 1 49
+ 1 50
+ 1 53
+ 1 56
+ 1 58
+ 2 58
+ 7 57
+ 7 58
+ 10 57
+ 12 54
+ 13 56
+ 14 54
+ 17 55
+ 18 55
+ 21 56
+ 23 1
+ 24 58
+ 25 54
+ 29 54
+ 29 57
+ 32 56
+ 55 32
+ 57 33
x 39 37
x 40 38
x 41 40
x 42 41
x 43 42
x 46 44
x 47 45
x 50 47
x 51 49
x 53 51
x 54 53
x 55 54
x 57 56
x 58 57

Case #41: 184 121
o 1 57
o 2 1
o 3 3
o 4 5
o 5 2
o 6 4
o 7 9
o 8 11
o 9 13
o 10 15
o 11 6
o 12 8
o 13 19
o 14 7
o 15 23
o 16 10
o 17 24
o 18 28
o 19 30
o 20 32
o 21 12
o 22 14
o 23 37
o 24 33
o 25 38
o 26 16
o 27 42
o 28 44
o 29 18
o 30 47
o 31 17
o 32 50
o 33 20
o 34 22
o 35 54
o 36 56
o 37 58
o 38 60
o 39 62
o 40 21
o 41 25
o 42 66
o 43 68
o 44 26
o 45 71
o 46 29
o 47 27
o 48 75
o 49 34
o 53 31
o 56 35
o 60 36
o 63 40
o 65 39
o 66 41
o 70 43
o 73 45
o 75 46
+ 1 29
+ 1 30
+ 1 34
+ 1 38
+ 1 39
+ 1 42
+ 1 43
+ 1 49
+ 1 50
+ 1 53
+ 1 54
+ 1 61
+ 1 63
+ 1 64
+ 1 67
+ 1 70
+ 1 72
+ 1 75
+ 1 77
+ 2 77
+ 4 76
+ 4 77
+ 9 76
+ 9 77
+ 12 76
+ 13 74
+ 16 74
+ 17 76
+ 20 74
+ 21 76
+ 24 75
+ 25 75
+ 28 74
+ 29 76
+ 31 75
+ 32 77
+ 35 75
+ 38 74
+ 38 77
+ 40 74
+ 43 74
+ 45 75
+ 75 44
+ 76 46
x 50 48
x 51 49
x 52 51
x 54 52
x 55 53
x 57 55
x 58 59
x 59 61
x 61 63
x 62 64
x 64 65
x 67 67
x 68 69
x 69 70
x 71 72
x 72 73
x 74 74
x 76 76
x 77 77

Case #42: 240 161
o 1 58
o 2 1
o 3 4
o 4 2
o 5 7
o 6 3
o 7 10
o 8 13
o 9 5
o 10 14
o 11 17
o 12 6
o 13 20
o 14 9
o 15 23
o 16 25
o 17 8
o 18 11
o 19 29
o 20 12
o 21 33
o 22 35
o 23 37
o 24 39
o 25 15
o 26 42
o 27 16
o 28 45
o 29 48
o 30 50
o 31 18
o 32 53
o 33 19
o 34 22
o 35 57
o 36 59
o 37 21
o 38 62
o 39 64
o 40 66
o 41 24
o 42 27
o 43 70
o 44 26
o 45 73
o 46 75
o 47 28
o 48 78
o 49 80
o 50 82
o 51 30
o 52 32
o 53 86
o 54 88
o 55 31
o 56 34
o 57 92
o 58 94
o 59 96
o 60 98
o 61 36
o 64 38
o 66 43
o 67 40
o 69 41
o 73 44
o 76 46
o 78 47
o 81 49
o 84 51
o 86 52
o 89 54
o 91 55
o 94 56
o 97 60
o 100 61
+ 1 41
+ 1 43
+ 1 44
+ 1 45
+ 1 46
+ 1 49
+ 1 50
+ 1 52
+ 1 54
+ 1 60
+ 1 61
+ 1 63
+ 1 65
+ 1 66
+ 1 70
+ 1 71
+ 1 73
+ 1 75
+ 1 77
+ 1 78
+ 1 81
+ 1 82
+ 1 86
+ 1 87
+ 1 88
+ 1 90
+ 1 92
+ 1 93
+ 1 95
+ 1 97
+ 1 98
+ 1 100
+ 5 100
+ 7 97
+ 10 98
+ 14 97
+ 14 98
+ 16 98
+ 18 97
+ 19 97
+ 22 97
+ 25 98
+ 26 94
+ 28 99
+ 29 95
+ 32 99
+ 35 93
+ 35 98
+ 38 99
+ 39 95
+ 41 95
+ 43 98
+ 44 96
+ 47 97
+ 49 96
+ 51 97
+ 53 94
+ 56 95
+ 97 56
+ 97 57
+ 99 57
x 62 63
x 63 65
x 65 67
x 68 68
x 70 69
x 71 71
x 72 72
x 74 74
x 75 76
x 77 77
x 79 79
x 80 81
x 82 83
x 83 84
x 85 85
x 87 87
x 88 89
x 90 90
x 92 91
x 93 93
x 95 95
x 96 97
x 98 99
x 99 100

Case #43: 144 94
o 1 19
o 2 1
o 3 3
o 4 5
o 5 2
o 6 4
o 7 9
o 8 11
o 9 13
o 10 15
o 11 6
o 12 18
o 13 20
o 14 7
o 15 23
o 16 8
o 17 26
o 18 14
o 19 10
o 20 30
o 21 32
o 22 12
o 23 17
o 24 37
o 25 39
o 26 41
o 27 43
o 28 16
o 29 46
o 30 42
o 31 50
o 32 52
o 33 22
o 34 55
o 35 21
o 36 58
o 37 60
o 38 25
o 41 24
o 42 27
o 45 29
o 48 28
o 49 31
o 52 33
o 56 34
o 57 36
o 60 35
+ 1 25
+ 1 26
+ 1 27
+ 1 30
+ 1 34
+ 1 35
+ 1 36
+ 1 38
+ 1 40
+ 1 41
+ 1 46
+ 1 47
+ 1 48
+ 1 50
+ 1 51
+ 1 53
+ 1 56
+ 1 57
+ 1 58
+ 4 58
+ 9 57
+ 13 55
+ 15 56
+ 20 58
+ 21 52
+ 23 59
+ 25 52
+ 27 59
+ 29 59
+ 32 60
+ 51 28
+ 55 28
+ 58 29
+ 60 36
x 39 38
x 40 40
x 43 44
x 44 45
x 46 47
x 47 48
x 50 49
x 51 51
x 53 53
x 54 54
x 55 56
x 58 57
x 59 59

Case #44: 153 102
o 1 41
o 2 1
o 3 3
o 4 5
o 5 2
o 6 4
o 7 9
o 8 11
o 9 13
o 10 15
o 11 6
o 12 8
o 13 19
o 14 7
o 15 23
o 16 10
o 17 24
o 18 27
o 19 29
o 20 31
o 21 12
o 22 14
o 23 35
o 24 37
o 25 39
o 26 42
o 27 16
o 28 18
o 29 44
o 30 17
o 31 48
o 32 20
o 33 51
o 34 53
o 35 21
o 36 56
o 37 58
o 38 22
o 39 61
o 40 25
o 41 64
o 43 26
o 46 28
o 50 30
o 51 32
o 55 33
o 57 34
o 59 38
o 60 36
+ 1 26
+ 1 27
+ 1 28
+ 1 29
+ 1 30
+ 1 33
+ 1 34
+ 1 38
+ 1 39
+ 1 43
+ 1 48
+ 1 49
+ 1 52
+ 1 53
+ 1 54
+ 1 56
+ 1 61
+ 1 62
+ 2 64
+ 4 63
+ 6 64
+ 8 64
+ 11 60
+ 13 63
+ 15 60
+ 16 62
+ 17 60
+ 19 63
+ 20 61
+ 23 62
+ 25 61
+ 28 62
+ 29 60
+ 32 62
+ 37 61
+ 59 34
+ 63 36
+ 64 38
x 42 40
x 44 43
x 45 45
x 47 46
x 48 47
x 49 49
x 52 50
x 53 52
x 54 54
x 56 55
x 58 57
x 61 59
x 62 60
x 63 62
x 64 63

Case #45: 243 161
o 1 1
o 2 4
o 3 7
o 4 3
o 5 6
o 6 2
o 7 5
o 8 13
o 9 15
o 10 17
o 11 19
o 12 21
o 13 23
o 14 8
o 15 10
o 16 27
o 17 9
o 18 11
o 19 32
o 20 34
o 21 18
o 22 12
o 23 14
o 24 39
o 25 41
o 26 45
o 27 47
o 28 16
o 29 51
o 30 53
o 31 55
o 32 57
o 33 20
o 34 60
o 35 24
o 36 22
o 37 64
o 38 66
o 39 68
o 40 25
o 41 71
o 42 26
o 43 74
o 44 76
o 45 28
o 46 80
o 47 29
o 48 83
o 49 30
o 50 86
o 51 31
o 52 89
o 53 91
o 54 33
o 55 94
o 56 96
o 57 35
o 58 99
o 59 36
o 61 37
o 64 38
o 65 40
o 69 42
o 71 43
o 74 44
o 75 46
o 79 48
o 81 49
o 83 50
o 86 52
o 89 54
o 92 56
o 95 58
o 97 59
o 100 61
+ 1 44
+ 1 45
+ 1 46
+ 1 47
+ 1 48
+ 1 49
+ 1 51
+ 1 54
+ 1 55
+ 1 56
+ 1 59
+ 1 60
+ 1 61
+ 1 63
+ 1 66
+ 1 68
+ 1 69
+ 1 71
+ 1 74
+ 1 76
+ 1 77
+ 1 80
+ 1 83
+ 1 84
+ 1 87
+ 1 89
+ 1 90
+ 1 92
+ 1 95
+ 1 96
+ 1 99
+ 5 98
+ 7 99
+ 9 99
+ 11 98
+ 13 97
+ 14 99
+ 17 98
+ 18 98
+ 21 98
+ 22 100
+ 25 99
+ 26 97
+ 28 97
+ 28 100
+ 33 96
+ 33 99
+ 35 99
+ 37 98
+ 40 97
+ 41 1
+ 42 98
+ 44 95
+ 45 97
+ 48 97
+ 52 94
+ 94 53
+ 96 54
+ 97 54
+ 99 55
+ 100 55
x 60 62
x 62 63
x 63 65
x 66 67
x 67 69
x 68 70
x 70 72
x 72 73
x 73 75
x 76 77
x 77 78
x 78 79
x 80 81
x 82 82
x 84 84
x 85 85
x 87 87
x 88 88
x 90 90
x 91 92
x 93 93
x 94 95
x 96 97
x 98 98
x 99 100

Case #46: 23 13
o 1 5
o 2 1
o 3 9
o 4 4
o 5 6
o 6 8
o 7 3
o 9 7
+ 1 4
+ 8 5
+ 10 5
x 8 2
x 10 10

Case #47: 237 158
o 1 32
o 2 1
o 3 3
o 4 5
o 5 2
o 6 4
o 7 9
o 8 11
o 9 13
o 10 15
o 11 6
o 12 8
o 13 19
o 14 7
o 15 22
o 16 10
o 17 25
o 18 27
o 19 29
o 20 31
o 21 33
o 22 12
o 23 36
o 24 16
o 25 14
o 26 17
o 27 41
o 28 43
o 29 45
o 30 47
o 31 18
o 32 20
o 33 51
o 34 53
o 35 21
o 36 56
o 37 58
o 38 23
o 39 61
o 40 24
o 41 64
o 42 66
o 43 26
o 44 69
o 45 71
o 46 73
o 47 28
o 48 30
o 49 77
o 50 79
o 51 81
o 52 84
o 53 86
o 54 34
o 55 89
o 56 35
o 57 92
o 58 94
o 59 37
o 60 97
o 61 38
o 63 39
o 66 40
o 67 42
o 71 44
o 74 46
o 77 48
o 79 49
o 81 50
o 85 52
o 86 54
o 90 55
o 91 57
o 95 59
o 98 60
o 99 62
+ 1 43
+ 1 45
+ 1 46
+ 1 52
+ 1 56
+ 1 57
+ 1 59
+ 1 61
+ 1 62
+ 1 64
+ 1 65
+ 1 66
+ 1 69
+ 1 71
+ 1 72
+ 1 75
+ 1 78
+ 1 79
+ 1 80
+ 1 81
+ 1 82
+ 1 84
+ 1 85
+ 1 88
+ 1 89
+ 1 92
+ 1 93
+ 1 96
+ 1 97
+ 2 99
+ 5 98
+ 5 99
+ 9 98
+ 12 98
+ 13 98
+ 15 97
+ 19 95
+ 21 96
+ 23 95
+ 24 97
+ 27 96
+ 28 94
+ 30 97
+ 31 93
+ 37 96
+ 38 92
+ 39 96
+ 41 93
+ 44 94
+ 46 95
+ 48 94
+ 48 95
+ 52 95
+ 53 93
+ 55 96
+ 56 94
+ 96 57
+ 98 57
+ 98 58
x 62 63
x 64 65
x 65 67
x 68 68
x 69 70
x 70 72
x 72 74
x 73 75
x 75 76
x 76 78
x 78 80
x 80 82
x 82 83
x 83 85
x 84 87
x 87 88
x 88 90
x 89 91
x 92 93
x 93 95
x 94 96
x 96 98
x 97 99

Case #48: 256 115
o 1 1
o 52 50
o 53 52
o 54 49
o 55 51
o 56 48
o 57 54
o 59 53
o 60 47
o 62 46
o 63 56
o 64 45
o 65 55
o 66 44
o 67 58
o 69 57
o 70 43
o 71 60
o 72 42
o 73 59
o 74 41
o 76 40
o 77 62
o 78 39
o 79 61
o 80 38
o 81 64
o 83 63
o 84 37
o 86 36
o 87 66
o 88 35
o 89 65
o 90 34
o 91 68
o 93 67
o 94 33
o 95 70
o 96 32
o 97 69
o 98 31
o 100 30
+ 81 52
+ 83 51
+ 83 52
+ 85 51
+ 86 51
+ 88 50
+ 89 52
+ 91 51
+ 92 51
+ 94 50
+ 95 52
+ 97 51
+ 97 52
+ 99 51
+ 100 51
x 2 2
x 3 3
x 4 4
x 5 5
x 6 6
x 7 7
x 8 8
x 9 9
x 10 10
x 11 11
x 12 12
x 13 13
x 14 14
x 15 15
x 16 16
x 17 17
x 18 18
x 19 19
x 20 20
x 21 21
x 22 22
x 23 23
x 24 24
x 25 25
x 26 26
x 27 27
x 28 28
x 29 29
x 30 71
x 31 72
x 32 73
x 33 74
x 34 75
x 35 76
x 36 77
x 37 78
x 38 79
x 39 80
x 40 81
x 41 82
x 42 83
x 43 84
x 44 85
x 45 86
x 46 87
x 47 88
x 48 89
x 49 90
x 50 91
x 51 92
x 58 93
x 61 94
x 68 95
x 75 96
x 82 97
x 85 98
x 92 99
x 99 100

Case #49: 241 162
o 1 15
o 2 1
o 3 4
o 4 2
o 5 7
o 6 3
o 7 10
o 8 12
o 9 5
o 10 17
o 11 19
o 12 6
o 13 8
o 14 23
o 15 20
o 16 9
o 17 27
o 18 29
o 19 31
o 20 11
o 21 13
o 22 35
o 23 38
o 24 14
o 25 41
o 26 43
o 27 16
o 28 46
o 29 48
o 30 18
o 31 51
o 32 53
o 33 55
o 34 21
o 35 58
o 36 22
o 37 61
o 38 63
o 39 24
o 40 66
o 41 68
o 42 25
o 43 71
o 44 26
o 45 74
o 46 30
o 47 28
o 48 78
o 49 80
o 50 82
o 51 84
o 52 32
o 53 87
o 54 33
o 55 90
o 56 34
o 57 93
o 58 95
o 59 36
o 60 98
o 61 100
o 62 37
o 63 39
o 67 40
o 68 42
o 72 44
o 75 45
o 76 47
o 81 49
o 83 50
o 85 54
o 86 52
o 91 56
o 94 57
o 95 59
o 99 60
o 100 62
+ 1 41
+ 1 44
+ 1 45
+ 1 48
+ 1 50
+ 1 51
+ 1 52
+ 1 53
+ 1 55
+ 1 58
+ 1 59
+ 1 61
+ 1 63
+ 1 64
+ 1 67
+ 1 70
+ 1 71
+ 1 72
+ 1 77
+ 1 78
+ 1 79
+ 1 80
+ 1 82
+ 1 85
+ 1 88
+ 1 90
+ 1 91
+ 1 93
+ 1 95
+ 1 96
+ 1 99
+ 3 100
+ 4 100
+ 6 99
+ 10 98
+ 13 98
+ 13 99
+ 15 98
+ 18 100
+ 20 95
+ 22 95
+ 24 98
+ 26 98
+ 27 94
+ 30 95
+ 30 98
+ 33 94
+ 35 99
+ 36 95
+ 40 96
+ 41 96
+ 44 97
+ 47 95
+ 49 94
+ 49 95
+ 52 94
+ 54 95
+ 94 54
+ 97 55
+ 98 57
+ 100 56
+ 100 57
x 64 64
x 65 65
x 66 67
x 69 69
x 70 70
x 71 72
x 73 73
x 74 75
x 77 76
x 78 77
x 79 79
x 80 81
x 82 83
x 84 85
x 87 86
x 88 88
x 89 89
x 90 91
x 92 92
x 93 94
x 96 96
x 97 97
x 98 99

Case #50: 241 159
o 1 26
o 2 1
o 3 4
o 4 2
o 5 7
o 6 3
o 7 10
o 8 12
o 9 5
o 10 15
o 11 17
o 12 6
o 13 8
o 14 21
o 15 23
o 16 25
o 17 27
o 18 11
o 19 30
o 20 33
o 21 9
o 22 14
o 23 35
o 24 13
o 25 39
o 26 16
o 27 18
o 28 43
o 29 45
o 30 47
o 31 49
o 32 19
o 33 52
o 34 20
o 35 55
o 36 57
o 37 22
o 38 60
o 39 62
o 40 66
o 41 24
o 42 69
o 43 71
o 44 28
o 45 74
o 46 76
o 47 29
o 48 79
o 49 82
o 50 31
o 51 85
o 52 32
o 53 88
o 54 90
o 55 34
o 56 93
o 57 95
o 58 36
o 59 98
o 60 37
o 62 38
o 65 40
o 67 41
o 70 42
o 71 44
o 75 46
o 78 48
o 82 50
o 84 51
o 85 54
o 87 53
o 91 56
o 95 58
o 97 59
o 99 63
o 100 61
+ 1 42
+ 1 45
+ 1 46
+ 1 47
+ 1 49
+ 1 54
+ 1 56
+ 1 59
+ 1 60
+ 1 61
+ 1 62
+ 1 65
+ 1 66
+ 1 67
+ 1 68
+ 1 69
+ 1 72
+ 1 74
+ 1 77
+ 1 78
+ 1 81
+ 1 82
+ 1 85
+ 1 86
+ 1 87
+ 1 90
+ 1 91
+ 1 94
+ 1 98
+ 2 100
+ 4 99
+ 4 100
+ 8 99
+ 11 98
+ 11 99
+ 15 98
+ 17 99
+ 19 98
+ 20 98
+ 23 97
+ 24 99
+ 26 98
+ 28 97
+ 29 99
+ 33 96
+ 34 96
+ 38 95
+ 39 95
+ 43 94
+ 43 95
+ 47 96
+ 49 96
+ 50 92
+ 53 93
+ 54 97
+ 94 54
+ 96 54
+ 98 57
+ 99 55
x 61 64
x 63 65
x 64 67
x 66 68
x 68 70
x 69 72
x 72 73
x 73 75
x 74 77
x 76 78
x 77 80
x 79 81
x 80 83
x 81 84
x 83 86
x 86 87
x 88 89
x 89 91
x 90 92
x 92 94
x 93 96
x 94 97
x 96 99
x 98 100

Case #51: 201 133
o 1 70
o 2 1
o 3 3
o 4 5
o 5 2
o 6 4
o 7 9
o 8 11
o 9 13
o 10 15
o 11 6
o 12 8
o 13 19
o 14 7
o 15 22
o 16 10
o 17 26
o 18 28
o 19 30
o 20 32
o 21 12
o 22 14
o 23 31
o 24 37
o 25 39
o 26 41
o 27 17
o 28 44
o 29 16
o 30 18
o 31 20
o 32 49
o 33 51
o 34 53
o 35 21
o 36 56
o 37 58
o 38 60
o 39 24
o 40 63
o 41 25
o 42 66
o 43 68
o 44 71
o 45 23
o 46 27
o 47 29
o 48 74
o 49 77
o 50 33
o 51 80
o 52 82
o 53 84
o 54 34
o 56 35
o 60 36
o 61 38
o 65 40
o 68 42
o 70 43
o 73 45
o 75 46
o 77 47
o 79 48
o 82 50
+ 1 33
+ 1 34
+ 1 37
+ 1 38
+ 1 39
+ 1 40
+ 1 46
+ 1 49
+ 1 52
+ 1 54
+ 1 56
+ 1 57
+ 1 58
+ 1 59
+ 1 68
+ 1 69
+ 1 73
+ 1 74
+ 1 76
+ 1 77
+ 1 78
+ 1 79
+ 1 81
+ 1 84
+ 2 84
+ 5 84
+ 8 82
+ 11 82
+ 12 82
+ 16 81
+ 17 83
+ 19 83
+ 20 81
+ 21 83
+ 24 83
+ 26 80
+ 30 79
+ 30 82
+ 32 82
+ 35 81
+ 35 82
+ 38 81
+ 38 82
+ 41 82
+ 45 80
+ 47 81
+ 81 48
+ 82 48
+ 84 49
x 55 52
x 57 54
x 58 55
x 59 57
x 62 59
x 63 61
x 64 62
x 66 64
x 67 65
x 69 67
x 71 69
x 72 72
x 74 73
x 76 75
x 78 76
x 80 78
x 81 79
x 83 81
x 84 83

Case #52: 30 19
o 1 9
o 2 1
o 3 3
o 4 5
o 5 2
o 6 8
o 7 10
o 8 4
o 9 7
o 12 6
+ 1 7
+ 1 10
+ 4 11
+ 7 12
+ 8 12
+ 13 8
x 10 11
x 11 12
x 13 13

Case #53: 193 130
o 1 1
o 2 3
o 3 5
o 4 2
o 5 4
o 6 9
o 7 11
o 8 13
o 9 15
o 10 6
o 11 8
o 12 19
o 13 7
o 14 22
o 15 10
o 16 25
o 17 27
o 18 29
o 19 31
o 20 12
o 21 14
o 22 35
o 23 37
o 24 39
o 25 41
o 26 16
o 27 18
o 28 45
o 29 17
o 30 48
o 31 20
o 32 51
o 33 53
o 34 21
o 35 56
o 36 58
o 37 60
o 38 23
o 39 63
o 40 24
o 41 66
o 42 28
o 43 69
o 44 71
o 45 26
o 46 74
o 47 30
o 48 77
o 49 79
o 50 32
o 54 33
o 56 34
o 58 38
o 59 36
o 64 40
o 67 42
o 70 43
o 72 44
o 75 46
o 76 50
o 77 47
o 80 49
+ 1 32
+ 1 33
+ 1 36
+ 1 37
+ 1 38
+ 1 39
+ 1 42
+ 1 47
+ 1 48
+ 1 51
+ 1 52
+ 1 53
+ 1 55
+ 1 57
+ 1 58
+ 1 61
+ 1 64
+ 1 66
+ 1 67
+ 1 71
+ 1 73
+ 1 74
+ 1 75
+ 1 78
+ 1 79
+ 1 80
+ 4 80
+ 5 80
+ 9 80
+ 10 78
+ 12 81
+ 14 78
+ 18 80
+ 19 80
+ 21 79
+ 21 80
+ 24 79
+ 26 79
+ 29 77
+ 31 80
+ 32 76
+ 34 76
+ 36 81
+ 37 77
+ 38 81
+ 42 76
+ 42 81
+ 47 80
+ 77 45
x 51 52
x 52 54
x 53 55
x 55 57
x 57 59
x 60 61
x 61 62
x 62 64
x 63 65
x 65 67
x 66 68
x 68 70
x 69 72
x 71 73
x 73 75
x 74 76
x 78 78
x 79 80
x 81 81

Case #54: 80 53
o 1 2
o 2 4
o 3 1
o 4 3
o 5 5
o 6 9
o 7 12
o 8 14
o 9 16
o 10 6
o 11 19
o 12 21
o 13 7
o 14 18
o 15 8
o 16 11
o 17 27
o 18 10
o 19 30
o 20 17
o 21 33
o 22 13
o 25 15
o 31 20
o 34 22
+ 1 16
+ 1 20
+ 1 23
+ 1 28
+ 1 30
+ 1 33
+ 3 33
+ 5 33
+ 7 32
+ 8 34
+ 9 32
+ 11 32
+ 13 33
+ 14 31
+ 15 33
+ 17 30
+ 18 32
+ 33 19
+ 33 20
x 23 23
x 24 24
x 26 25
x 27 26
x 28 28
x 29 29
x 30 31
x 32 32
x 33 34

Case #55: 133 89
o 1 23
o 2 1
o 3 3
o 4 5
o 5 2
o 6 4
o 7 9
o 8 11
o 9 14
o 10 17
o 11 6
o 12 8
o 13 19
o 14 7
o 15 24
o 16 20
o 17 25
o 18 10
o 19 29
o 20 31
o 21 12
o 22 16
o 23 35
o 24 13
o 25 15
o 26 39
o 27 41
o 28 43
o 29 45
o 30 47
o 31 18
o 32 50
o 33 21
o 34 53
o 37 22
o 40 26
o 43 27
o 45 28
o 48 30
o 51 32
o 53 33
o 55 34
+ 1 24
+ 1 28
+ 1 29
+ 1 30
+ 1 33
+ 1 34
+ 1 40
+ 1 42
+ 1 43
+ 1 44
+ 1 45
+ 1 46
+ 1 49
+ 1 51
+ 1 52
+ 1 54
+ 1 55
+ 4 53
+ 7 53
+ 7 54
+ 11 51
+ 13 50
+ 13 51
+ 16 51
+ 18 54
+ 19 50
+ 21 55
+ 25 50
+ 25 55
+ 29 50
+ 29 55
+ 52 29
+ 55 30
+ 55 33
x 35 36
x 36 37
x 38 38
x 39 40
x 41 42
x 42 44
x 44 46
x 46 48
x 47 49
x 49 51
x 50 52
x 52 54
x 54 55

Case #56: 239 162
o 1 62
o 2 1
o 3 3
o 4 5
o 5 2
o 6 4
o 7 9
o 8 11
o 9 13
o 10 15
o 11 6
o 12 8
o 13 19
o 14 7
o 15 22
o 16 10
o 17 25
o 18 27
o 19 29
o 20 31
o 21 12
o 22 14
o 23 35
o 24 37
o 25 39
o 26 41
o 27 16
o 28 18
o 29 45
o 30 17
o 31 48
o 32 20
o 33 51
o 34 53
o 35 21
o 36 56
o 37 58
o 38 60
o 39 23
o 40 63
o 41 24
o 42 66
o 43 28
o 44 26
o 45 70
o 46 72
o 47 74
o 48 76
o 49 78
o 50 30
o 51 32
o 52 82
o 53 84
o 54 86
o 55 33
o 56 89
o 57 34
o 58 92
o 59 38
o 60 36
o 61 96
o 62 98
o 63 100
o 65 40
o 68 42
o 70 43
o 72 44
o 76 46
o 78 47
o 79 50
o 81 49
o 86 52
o 87 54
o 91 55
o 92 57
o 96 59
o 100 61
+ 1 39
+ 1 40
+ 1 43
+ 1 48
+ 1 49
+ 1 52
+ 1 53
+ 1 54
+ 1 56
+ 1 58
+ 1 59
+ 1 65
+ 1 67
+ 1 68
+ 1 71
+ 1 72
+ 1 74
+ 1 75
+ 1 76
+ 1 77
+ 1 80
+ 1 81
+ 1 84
+ 1 85
+ 1 88
+ 1 89
+ 1 92
+ 1 93
+ 1 98
+ 1 99
+ 1 100
+ 3 99
+ 5 99
+ 7 100
+ 8 98
+ 10 99
+ 13 98
+ 13 99
+ 16 98
+ 18 99
+ 21 98
+ 21 99
+ 27 96
+ 27 99
+ 30 98
+ 33 98
+ 35 97
+ 35 98
+ 38 97
+ 38 98
+ 43 99
+ 45 94
+ 45 99
+ 49 94
+ 49 99
+ 52 95
+ 53 99
+ 55 96
+ 55 99
+ 58 98
+ 97 56
+ 98 60
x 64 64
x 66 65
x 67 67
x 69 68
x 71 69
x 73 71
x 74 73
x 75 75
x 77 77
x 80 79
x 82 80
x 83 81
x 84 83
x 85 85
x 88 87
x 89 88
x 90 90
x 93 91
x 94 93
x 95 94
x 97 95
x 98 97
x 99 99

Case #57: 2 1
o 1 1

Case #58: 241 160
o 1 1
o 2 3
o 3 7
o 4 2
o 5 8
o 6 5
o 7 9
o 8 4
o 9 6
o 10 15
o 11 19
o 12 21
o 13 23
o 14 25
o 15 27
o 16 10
o 17 12
o 18 31
o 19 33
o 20 35
o 21 11
o 22 13
o 23 40
o 24 16
o 25 18
o 26 42
o 27 14
o 28 17
o 29 47
o 30 49
o 31 51
o 32 53
o 33 55
o 34 20
o 35 58
o 36 24
o 37 22
o 38 62
o 39 64
o 40 66
o 41 68
o 42 70
o 43 26
o 44 28
o 45 75
o 46 77
o 47 79
o 48 29
o 49 82
o 50 30
o 51 85
o 52 34
o 53 88
o 54 90
o 55 32
o 56 93
o 57 95
o 58 36
o 59 38
o 60 99
o 61 37
o 65 39
o 66 41
o 70 43
o 72 44
o 74 45
o 76 46
o 79 48
o 82 50
o 85 52
o 88 54
o 91 56
o 93 57
o 96 59
o 98 60
o 100 61
+ 1 43
+ 1 45
+ 1 46
+ 1 47
+ 1 49
+ 1 50
+ 1 52
+ 1 55
+ 1 56
+ 1 57
+ 1 60
+ 1 63
+ 1 64
+ 1 65
+ 1 66
+ 1 69
+ 1 70
+ 1 73
+ 1 74
+ 1 77
+ 1 80
+ 1 82
+ 1 83
+ 1 88
+ 1 89
+ 1 90
+ 1 91
+ 1 94
+ 1 95
+ 1 98
+ 1 100
+ 2 100
+ 5 100
+ 8 100
+ 12 98
+ 13 98
+ 15 99
+ 16 99
+ 19 99
+ 20 97
+ 23 98
+ 25 99
+ 29 96
+ 29 99
+ 32 98
+ 34 95
+ 38 95
+ 38 96
+ 41 94
+ 43 95
+ 45 95
+ 46 93
+ 50 93
+ 52 93
+ 53 93
+ 94 54
+ 96 55
+ 98 55
+ 98 56
+ 100 56
x 62 63
x 63 65
x 64 67
x 67 69
x 68 71
x 69 72
x 71 73
x 73 74
x 75 76
x 77 78
x 78 80
x 80 81
x 81 83
x 83 84
x 84 86
x 86 87
x 87 89
x 89 91
x 90 92
x 92 94
x 94 96
x 95 97
x 97 98
x 99 100

Case #59: 82 54
o 1 22
o 2 1
o 3 3
o 4 5
o 5 2
o 6 4
o 7 9
o 8 11
o 9 13
o 10 15
o 11 6
o 12 8
o 13 19
o 14 7
o 15 23
o 16 10
o 17 24
o 18 27
o 19 30
o 20 32
o 21 12
o 22 14
o 26 16
o 29 17
o 31 20
o 32 18
o 34 21
+ 1 14
+ 1 17
+ 1 23
+ 1 26
+ 1 27
+ 1 28
+ 1 29
+ 1 30
+ 1 33
+ 1 34
+ 3 34
+ 5 35
+ 8 31
+ 10 34
+ 12 31
+ 14 34
+ 15 32
+ 19 34
+ 20 34
x 23 25
x 24 26
x 25 28
x 27 29
x 28 31
x 30 33
x 33 34
x 35 35

Case #60: 150 99
o 1 42
o 2 1
o 3 3
o 4 5
o 5 2
o 6 4
o 7 9
o 8 12
o 9 14
o 10 16
o 11 6
o 12 19
o 13 21
o 14 7
o 15 25
o 16 8
o 17 11
o 18 27
o 19 10
o 20 31
o 21 17
o 22 34
o 23 13
o 24 37
o 25 39
o 26 15
o 27 43
o 28 45
o 29 47
o 30 18
o 31 46
o 32 51
o 33 20
o 34 54
o 35 56
o 36 22
o 37 59
o 38 61
o 39 23
o 41 24
o 43 28
o 46 26
o 48 30
o 50 29
o 52 33
o 54 32
o 58 35
o 61 36
o 62 38
+ 1 26
+ 1 29
+ 1 31
+ 1 32
+ 1 34
+ 1 36
+ 1 41
+ 1 43
+ 1 45
+ 1 46
+ 1 48
+ 1 49
+ 1 51
+ 1 53
+ 1 54
+ 1 56
+ 1 58
+ 1 59
+ 1 62
+ 3 63
+ 4 63
+ 6 62
+ 9 60
+ 13 62
+ 14 60
+ 19 62
+ 21 59
+ 23 59
+ 24 63
+ 25 59
+ 29 61
+ 30 59
+ 33 59
+ 34 61
+ 35 59
+ 62 36
x 40 40
x 42 41
x 44 44
x 45 48
x 47 49
x 49 50
x 51 52
x 53 53
x 55 55
x 56 57
x 57 58
x 59 60
x 60 62
x 63 63

Case #61: 240 163
o 1 44
o 2 1
o 3 4
o 4 2
o 5 7
o 6 3
o 7 10
o 8 12
o 9 5
o 10 15
o 11 17
o 12 6
o 13 8
o 14 21
o 15 23
o 16 25
o 17 9
o 18 11
o 19 29
o 20 31
o 21 33
o 22 35
o 23 13
o 24 38
o 25 14
o 26 41
o 27 43
o 28 16
o 29 20
o 30 47
o 31 49
o 32 18
o 33 52
o 34 19
o 35 55
o 36 57
o 37 24
o 38 22
o 39 61
o 40 63
o 41 65
o 42 67
o 43 26
o 44 70
o 45 27
o 46 73
o 47 28
o 48 76
o 49 78
o 50 80
o 51 30
o 52 32
o 53 84
o 54 86
o 55 88
o 56 90
o 57 34
o 58 36
o 59 94
o 60 96
o 61 37
o 62 99
o 65 39
o 67 40
o 70 42
o 71 46
o 75 45
o 77 48
o 81 50
o 83 51
o 86 53
o 88 54
o 91 56
o 94 58
o 96 59
o 98 60
+ 1 39
+ 1 41
+ 1 42
+ 1 45
+ 1 46
+ 1 51
+ 1 54
+ 1 55
+ 1 57
+ 1 58
+ 1 62
+ 1 63
+ 1 64
+ 1 65
+ 1 67
+ 1 70
+ 1 72
+ 1 73
+ 1 75
+ 1 77
+ 1 78
+ 1 81
+ 1 82
+ 1 85
+ 1 86
+ 1 87
+ 1 88
+ 1 91
+ 1 94
+ 1 95
+ 1 96
+ 1 98
+ 1 100
+ 2 100
+ 7 98
+ 8 100
+ 11 99
+ 11 100
+ 15 98
+ 17 99
+ 18 97
+ 20 98
+ 23 98
+ 25 98
+ 26 96
+ 29 97
+ 31 98
+ 34 94
+ 34 99
+ 37 95
+ 38 97
+ 42 94
+ 43 98
+ 45 93
+ 47 98
+ 49 95
+ 50 99
+ 52 99
+ 53 95
+ 59 98
+ 95 55
+ 98 56
+ 99 60
x 63 62
x 64 64
x 66 66
x 68 68
x 69 69
x 72 71
x 73 72
x 74 74
x 76 75
x 78 77
x 79 79
x 80 81
x 82 82
x 84 83
x 85 85
x 87 87
x 89 89
x 90 91
x 92 92
x 93 93
x 95 95
x 97 97
x 99 98
x 100 100

Case #62: 241 161
o 1 63
o 2 1
o 3 4
o 4 9
o 5 3
o 6 6
o 7 2
o 8 11
o 9 5
o 10 7
o 11 17
o 12 19
o 13 21
o 14 8
o 15 25
o 16 27
o 17 10
o 18 30
o 19 32
o 20 34
o 21 12
o 22 14
o 23 38
o 24 13
o 25 41
o 26 16
o 27 44
o 28 46
o 29 15
o 30 49
o 31 18
o 32 20
o 33 53
o 34 55
o 35 57
o 36 59
o 37 22
o 38 62
o 39 23
o 40 65
o 41 24
o 42 68
o 43 70
o 44 26
o 45 73
o 46 75
o 47 28
o 48 79
o 49 29
o 50 82
o 51 84
o 52 31
o 53 87
o 54 89
o 55 33
o 56 92
o 57 94
o 58 35
o 59 97
o 60 36
o 61 100
o 62 37
o 65 39
o 67 40
o 70 42
o 72 43
o 75 45
o 78 47
o 80 48
o 83 50
o 85 51
o 87 52
o 90 54
o 93 56
o 96 58
o 99 60
+ 1 44
+ 1 45
+ 1 46
+ 1 49
+ 1 52
+ 1 54
+ 1 55
+ 1 56
+ 1 57
+ 1 59
+ 1 62
+ 1 66
+ 1 67
+ 1 68
+ 1 71
+ 1 72
+ 1 75
+ 1 76
+ 1 79
+ 1 80
+ 1 81
+ 1 83
+ 1 84
+ 1 86
+ 1 89
+ 1 90
+ 1 93
+ 1 96
+ 1 97
+ 1 100
+ 2 100
+ 3 100
+ 6 100
+ 9 99
+ 9 100
+ 12 99
+ 14 100
+ 16 100
+ 18 99
+ 21 98
+ 23 99
+ 25 98
+ 26 98
+ 29 97
+ 30 99
+ 33 97
+ 34 97
+ 37 97
+ 39 98
+ 42 99
+ 43 95
+ 46 96
+ 48 97
+ 50 96
+ 50 97
+ 54 96
+ 56 96
+ 56 97
+ 98 57
+ 99 59
+ 100 57
x 63 61
x 64 64
x 66 66
x 68 67
x 69 69
x 71 71
x 73 72
x 74 74
x 76 76
x 77 77
x 79 78
x 81 80
x 82 81
x 84 83
x 86 85
x 88 86
x 89 88
x 91 90
x 92 91
x 94 93
x 95 95
x 97 96
x 98 98
x 100 99

Case #63: 241 160
o 1 1
o 2 3
o 3 6
o 4 2
o 5 10
o 6 5
o 7 11
o 8 4
o 9 15
o 10 7
o 11 18
o 12 20
o 13 8
o 14 23
o 15 25
o 16 9
o 17 28
o 18 12
o 19 32
o 20 34
o 21 13
o 22 37
o 23 39
o 24 14
o 25 16
o 26 43
o 27 45
o 28 47
o 29 17
o 30 19
o 31 51
o 32 53
o 33 55
o 34 21
o 35 58
o 36 22
o 37 61
o 38 63
o 39 65
o 40 24
o 41 68
o 42 70
o 43 72
o 44 26
o 45 75
o 46 27
o 47 30
o 48 33
o 49 29
o 50 81
o 51 83
o 52 31
o 53 86
o 54 88
o 55 90
o 56 92
o 57 35
o 58 95
o 59 36
o 60 98
o 61 100
o 62 38
o 65 40
o 67 41
o 69 42
o 72 44
o 75 46
o 78 48
o 80 49
o 82 50
o 85 52
o 89 54
o 90 56
o 93 57
o 96 59
o 99 60
o 100 62
+ 1 41
+ 1 42
+ 1 43
+ 1 46
+ 1 47
+ 1 49
+ 1 51
+ 1 52
+ 1 55
+ 1 56
+ 1 59
+ 1 60
+ 1 64
+ 1 65
+ 1 67
+ 1 70
+ 1 73
+ 1 75
+ 1 78
+ 1 79
+ 1 83
+ 1 85
+ 1 86
+ 1 88
+ 1 89
+ 1 90
+ 1 93
+ 1 95
+ 1 96
+ 1 98
+ 2 100
+ 5 98
+ 8 98
+ 8 99
+ 12 98
+ 15 98
+ 17 97
+ 18 99
+ 20 99
+ 21 97
+ 24 99
+ 26 96
+ 26 99
+ 28 96
+ 28 99
+ 33 95
+ 33 100
+ 35 95
+ 39 96
+ 40 96
+ 43 95
+ 44 97
+ 48 92
+ 49 98
+ 51 98
+ 54 97
+ 92 52
+ 97 55
+ 99 55
+ 99 58
x 63 64
x 64 66
x 66 67
x 68 69
x 70 71
x 71 73
x 73 74
x 74 76
x 76 77
x 77 78
x 79 79
x 81 80
x 83 82
x 84 84
x 86 85
x 87 87
x 88 89
x 91 91
x 92 93
x 94 94
x 95 96
x 97 97
x 98 99

Case #64: 242 161
o 1 1
o 2 3
o 3 6
o 4 9
o 5 2
o 6 4
o 7 13
o 8 7
o 9 5
o 10 17
o 11 19
o 12 21
o 13 8
o 14 24
o 15 26
o 16 10
o 17 29
o 18 11
o 19 32
o 20 12
o 21 35
o 22 37
o 23 14
o 24 40
o 25 15
o 26 43
o 27 16
o 28 46
o 29 48
o 30 18
o 31 51
o 32 53
o 33 20
o 34 56
o 35 58
o 36 22
o 37 61
o 38 23
o 39 64
o 40 67
o 41 25
o 42 70
o 43 73
o 44 27
o 45 76
o 46 78
o 47 28
o 48 30
o 49 82
o 50 84
o 51 86
o 52 31
o 53 33
o 54 90
o 55 92
o 56 94
o 57 96
o 58 34
o 59 36
o 60 100
o 61 39
o 63 38
o 67 41
o 69 42
o 73 44
o 75 45
o 77 49
o 78 47
o 82 50
o 86 52
o 87 54
o 90 55
o 94 57
o 95 59
o 98 60
+ 1 43
+ 1 44
+ 1 46
+ 1 48
+ 1 49
+ 1 51
+ 1 53
+ 1 54
+ 1 56
+ 1 59
+ 1 61
+ 1 62
+ 1 64
+ 1 66
+ 1 67
+ 1 69
+ 1 71
+ 1 72
+ 1 75
+ 1 78
+ 1 79
+ 1 80
+ 1 83
+ 1 86
+ 1 87
+ 1 93
+ 1 95
+ 1 96
+ 1 98
+ 2 100
+ 4 100
+ 6 99
+ 8 98
+ 9 100
+ 11 99
+ 15 98
+ 15 99
+ 17 98
+ 19 99
+ 22 97
+ 23 99
+ 25 98
+ 28 100
+ 29 98
+ 31 98
+ 33 97
+ 37 96
+ 37 99
+ 39 96
+ 41 1
+ 42 98
+ 44 95
+ 44 98
+ 47 96
+ 50 96
+ 52 96
+ 54 95
+ 97 55
+ 97 58
+ 99 58
+ 100 56
x 62 62
x 64 63
x 65 65
x 66 66
x 68 68
x 70 69
x 71 71
x 72 72
x 74 74
x 76 75
x 79 77
x 80 79
x 81 80
x 83 81
x 84 83
x 85 85
x 88 87
x 89 88
x 91 89
x 92 91
x 93 93
x 96 95
x 97 97
x 99 98
x 100 99

Case #65: 242 162
o 1 1
o 2 4
o 3 2
o 4 7
o 5 3
o 6 10
o 7 12
o 8 5
o 9 15
o 10 17
o 11 6
o 12 8
o 13 21
o 14 23
o 15 25
o 16 9
o 17 28
o 18 30
o 19 11
o 20 33
o 21 35
o 22 16
o 23 13
o 24 39
o 25 14
o 26 42
o 27 44
o 28 19
o 29 47
o 30 49
o 31 18
o 32 20
o 33 53
o 34 56
o 35 58
o 36 22
o 37 61
o 38 63
o 39 66
o 40 24
o 41 26
o 42 70
o 43 72
o 44 74
o 45 27
o 46 29
o 47 78
o 48 80
o 49 83
o 50 31
o 51 86
o 52 32
o 53 89
o 54 91
o 55 34
o 56 94
o 57 96
o 58 36
o 59 99
o 60 37
o 62 38
o 66 40
o 68 41
o 71 43
o 73 48
o 74 45
o 76 46
o 81 50
o 83 51
o 86 52
o 87 54
o 91 55
o 92 57
o 96 59
o 99 60
o 100 62
+ 1 42
+ 1 43
+ 1 45
+ 1 49
+ 1 50
+ 1 53
+ 1 54
+ 1 56
+ 1 58
+ 1 59
+ 1 60
+ 1 61
+ 1 64
+ 1 65
+ 1 68
+ 1 69
+ 1 72
+ 1 73
+ 1 76
+ 1 77
+ 1 79
+ 1 81
+ 1 82
+ 1 84
+ 1 86
+ 1 87
+ 1 90
+ 1 91
+ 1 94
+ 1 95
+ 1 98
+ 2 100
+ 4 99
+ 4 100
+ 8 99
+ 8 100
+ 11 99
+ 12 99
+ 16 100
+ 17 96
+ 20 97
+ 23 97
+ 25 98
+ 27 97
+ 29 98
+ 30 96
+ 32 97
+ 34 96
+ 36 97
+ 40 96
+ 41 1
+ 42 93
+ 43 97
+ 46 93
+ 47 97
+ 49 94
+ 51 97
+ 52 95
+ 96 55
+ 97 55
+ 99 55
+ 100 57
x 61 64
x 63 65
x 64 67
x 65 68
x 67 69
x 69 71
x 70 73
x 72 75
x 75 76
x 77 77
x 78 79
x 79 81
x 80 82
x 82 84
x 84 85
x 85 87
x 88 88
x 89 90
x 90 92
x 93 93
x 94 95
x 95 97
x 97 98
x 98 100

Case #66: 240 163
o 1 50
o 2 1
o 3 4
o 4 2
o 5 7
o 6 3
o 7 10
o 8 12
o 9 5
o 10 15
o 11 17
o 12 6
o 13 8
o 14 21
o 15 23
o 16 25
o 17 9
o 18 11
o 19 29
o 20 32
o 21 34
o 22 36
o 23 13
o 24 35
o 25 14
o 26 41
o 27 18
o 28 16
o 29 45
o 30 47
o 31 49
o 32 51
o 33 20
o 34 54
o 35 19
o 36 57
o 37 59
o 38 24
o 39 22
o 40 63
o 41 65
o 42 27
o 43 68
o 44 26
o 45 71
o 46 73
o 47 28
o 48 76
o 49 78
o 50 80
o 51 30
o 52 83
o 53 31
o 54 86
o 55 88
o 56 33
o 57 37
o 58 92
o 59 94
o 60 96
o 61 98
o 62 38
o 65 39
o 67 40
o 69 44
o 70 42
o 72 43
o 76 46
o 80 48
o 84 53
o 86 52
o 89 56
o 91 55
o 93 58
o 97 60
o 99 61
+ 1 39
+ 1 41
+ 1 42
+ 1 45
+ 1 46
+ 1 48
+ 1 49
+ 1 55
+ 1 56
+ 1 59
+ 1 62
+ 1 63
+ 1 64
+ 1 65
+ 1 67
+ 1 70
+ 1 71
+ 1 72
+ 1 75
+ 1 77
+ 1 78
+ 1 81
+ 1 84
+ 1 85
+ 1 86
+ 1 89
+ 1 90
+ 1 91
+ 1 94
+ 1 96
+ 1 97
+ 1 98
+ 1 100
+ 2 100
+ 7 98
+ 8 100
+ 11 98
+ 12 98
+ 16 98
+ 18 99
+ 20 98
+ 21 100
+ 24 96
+ 24 99
+ 26 99
+ 29 97
+ 31 98
+ 33 98
+ 36 96
+ 37 96
+ 39 95
+ 41 98
+ 42 94
+ 44 97
+ 46 96
+ 48 99
+ 49 95
+ 53 95
+ 53 96
+ 58 97
+ 96 56
+ 98 56
+ 100 61
x 63 62
x 64 64
x 66 66
x 68 67
x 71 69
x 73 70
x 74 72
x 75 74
x 77 75
x 78 77
x 79 79
x 81 81
x 82 82
x 83 84
x 85 85
x 87 87
x 88 89
x 90 90
x 92 91
x 94 93
x 95 95
x 96 97
x 98 99
x 100 100

Case #67: 239 158
o 1 1
o 2 4
o 3 2
o 4 7
o 5 3
o 6 10
o 7 12
o 8 5
o 9 15
o 10 17
o 11 6
o 12 8
o 13 22
o 14 24
o 15 26
o 16 9
o 17 11
o 18 30
o 19 27
o 20 33
o 21 35
o 22 14
o 23 38
o 24 13
o 25 41
o 26 43
o 27 18
o 28 16
o 29 47
o 30 20
o 31 50
o 32 19
o 33 53
o 34 55
o 35 57
o 36 21
o 37 23
o 38 61
o 39 63
o 40 65
o 41 67
o 42 25
o 43 70
o 44 28
o 45 73
o 46 75
o 47 77
o 48 29
o 49 80
o 50 32
o 51 84
o 52 31
o 53 87
o 54 34
o 55 90
o 56 92
o 57 94
o 58 36
o 59 97
o 60 37
o 61 100
o 64 39
o 66 40
o 68 44
o 69 42
o 74 45
o 76 46
o 77 49
o 79 48
o 83 51
o 85 52
o 88 54
o 91 56
o 94 58
o 96 59
o 98 60
+ 1 42
+ 1 46
+ 1 48
+ 1 51
+ 1 53
+ 1 54
+ 1 57
+ 1 58
+ 1 61
+ 1 62
+ 1 63
+ 1 64
+ 1 67
+ 1 69
+ 1 70
+ 1 72
+ 1 74
+ 1 77
+ 1 78
+ 1 83
+ 1 84
+ 1 86
+ 1 89
+ 1 90
+ 1 92
+ 1 94
+ 1 95
+ 1 97
+ 1 99
+ 1 100
+ 6 98
+ 10 97
+ 10 100
+ 14 95
+ 14 100
+ 16 100
+ 18 97
+ 20 100
+ 21 96
+ 28 95
+ 29 99
+ 30 95
+ 33 97
+ 36 95
+ 37 95
+ 39 94
+ 41 95
+ 44 95
+ 45 93
+ 46 95
+ 49 95
+ 50 93
+ 51 95
+ 54 96
+ 94 55
+ 97 56
+ 97 57
+ 100 57
x 62 62
x 63 64
x 65 66
x 67 68
x 70 69
x 71 71
x 72 72
x 73 74
x 75 76
x 78 78
x 80 79
x 81 81
x 82 82
x 84 83
x 86 85
x 87 86
x 89 88
x 90 89
x 92 91
x 93 93
x 95 95
x 97 96
x 99 98
x 100 99

Case #68: 10 6
o 1 3
o 4 2
+ 1 1
+ 4 3
x 2 1
x 3 4

Case #69: 122 80
o 1 38
o 2 1
o 3 4
o 4 6
o 5 8
o 6 3
o 7 5
o 8 13
o 9 2
o 10 10
o 11 7
o 12 19
o 13 21
o 14 9
o 15 25
o 16 27
o 17 11
o 18 30
o 19 28
o 20 12
o 21 34
o 22 36
o 23 14
o 24 39
o 25 41
o 26 15
o 27 17
o 28 45
o 29 16
o 30 48
o 31 50
o 32 18
o 34 22
o 37 20
o 38 23
o 40 24
o 44 26
o 48 29
o 51 31
+ 1 21
+ 1 24
+ 1 25
+ 1 26
+ 1 28
+ 1 29
+ 1 32
+ 1 34
+ 1 35
+ 1 37
+ 1 41
+ 1 45
+ 1 48
+ 1 50
+ 1 51
+ 3 51
+ 4 49
+ 8 51
+ 9 51
+ 12 50
+ 15 50
+ 18 50
+ 19 48
+ 21 51
+ 24 45
+ 24 50
+ 46 25
+ 49 26
+ 49 27
x 33 32
x 35 33
x 36 35
x 39 37
x 41 40
x 42 42
x 43 43
x 45 44
x 46 46
x 47 47
x 49 49
x 50 51

Case #70: 174 116
o 1 24
o 2 1
o 3 3
o 4 5
o 5 7
o 6 2
o 7 4
o 8 6
o 9 12
o 10 14
o 11 17
o 12 19
o 13 21
o 14 8
o 15 25
o 16 11
o 17 9
o 18 27
o 19 10
o 20 13
o 21 32
o 22 34
o 23 36
o 24 38
o 25 40
o 26 15
o 27 45
o 28 16
o 29 48
o 30 20
o 31 18
o 32 52
o 33 49
o 34 55
o 35 57
o 36 22
o 37 61
o 38 23
o 39 64
o 40 66
o 41 68
o 42 26
o 43 71
o 45 28
o 47 29
o 49 30
o 52 31
o 53 33
o 58 35
o 59 37
o 63 39
o 66 41
o 68 42
o 70 43
o 72 44
+ 1 31
+ 1 34
+ 1 35
+ 1 36
+ 1 37
+ 1 38
+ 1 41
+ 1 42
+ 1 45
+ 1 46
+ 1 47
+ 1 50
+ 1 51
+ 1 53
+ 1 54
+ 1 56
+ 1 59
+ 1 62
+ 1 63
+ 1 65
+ 1 66
+ 1 68
+ 1 70
+ 2 72
+ 6 69
+ 6 72
+ 10 70
+ 11 70
+ 14 71
+ 16 72
+ 18 69
+ 18 72
+ 22 69
+ 23 71
+ 26 69
+ 29 68
+ 29 71
+ 33 71
+ 34 65
+ 36 65
+ 38 70
+ 67 38
+ 71 40
+ 71 41
x 44 46
x 46 47
x 48 50
x 50 51
x 51 53
x 54 54
x 55 56
x 56 58
x 57 59
x 60 60
x 61 62
x 62 63
x 64 65
x 65 67
x 67 69
x 69 70
x 71 72

Case #71: 241 162
o 1 30
o 2 1
o 3 4
o 4 2
o 5 8
o 6 3
o 7 11
o 8 13
o 9 5
o 10 16
o 11 6
o 12 20
o 13 7
o 14 21
o 15 24
o 16 9
o 17 27
o 18 10
o 19 31
o 20 33
o 21 12
o 22 36
o 23 34
o 24 14
o 25 40
o 26 15
o 27 43
o 28 45
o 29 17
o 30 48
o 31 18
o 32 51
o 33 19
o 34 54
o 35 56
o 36 58
o 37 22
o 38 61
o 39 23
o 40 64
o 41 66
o 42 25
o 43 69
o 44 71
o 45 26
o 46 28
o 47 75
o 48 78
o 49 80
o 50 29
o 51 83
o 52 32
o 53 86
o 54 88
o 55 90
o 56 92
o 57 35
o 58 95
o 59 97
o 60 37
o 61 100
o 62 38
o 64 39
o 67 41
o 69 42
o 72 44
o 75 46
o 77 47
o 81 49
o 83 50
o 84 53
o 86 52
o 91 55
o 92 57
o 96 59
o 98 60
+ 1 41
+ 1 42
+ 1 44
+ 1 46
+ 1 47
+ 1 50
+ 1 53
+ 1 54
+ 1 55
+ 1 59
+ 1 60
+ 1 62
+ 1 63
+ 1 65
+ 1 67
+ 1 68
+ 1 71
+ 1 74
+ 1 75
+ 1 76
+ 1 80
+ 1 81
+ 1 84
+ 1 85
+ 1 86
+ 1 88
+ 1 89
+ 1 92
+ 1 94
+ 1 95
+ 1 97
+ 1 100
+ 2 100
+ 5 100
+ 7 99
+ 10 99
+ 10 100
+ 14 100
+ 16 97
+ 18 100
+ 20 97
+ 22 98
+ 24 95
+ 27 96
+ 28 100
+ 30 95
+ 32 95
+ 32 100
+ 37 94
+ 38 98
+ 40 95
+ 42 98
+ 45 96
+ 47 97
+ 48 95
+ 51 99
+ 54 98
+ 56 98
+ 93 54
+ 96 55
+ 100 57
+ 100 60
x 63 62
x 65 63
x 66 65
x 68 67
x 70 68
x 71 70
x 73 72
x 74 73
x 76 74
x 78 76
x 79 77
x 80 79
x 82 81
x 85 82
x 87 84
x 88 85
x 89 87
x 90 89
x 93 91
x 94 93
x 95 94
x 97 96
x 99 98
x 100 99

Case #72: 140 94
o 1 28
o 2 1
o 3 3
o 4 5
o 5 2
o 6 4
o 7 9
o 8 11
o 9 13
o 10 15
o 11 6
o 12 8
o 13 19
o 14 7
o 15 23
o 16 10
o 17 24
o 18 27
o 19 29
o 20 31
o 21 12
o 22 14
o 23 35
o 24 37
o 25 39
o 26 16
o 27 42
o 28 44
o 29 17
o 30 47
o 31 18
o 32 21
o 33 51
o 34 20
o 35 54
o 36 56
o 37 22
o 41 25
o 44 26
o 49 30
o 50 33
o 53 32
o 54 34
o 58 36
+ 1 23
+ 1 26
+ 1 27
+ 1 29
+ 1 30
+ 1 33
+ 1 34
+ 1 38
+ 1 39
+ 1 42
+ 1 43
+ 1 46
+ 1 49
+ 1 51
+ 1 54
+ 1 55
+ 1 56
+ 2 58
+ 5 57
+ 6 57
+ 8 57
+ 10 57
+ 11 57
+ 14 57
+ 17 56
+ 17 57
+ 20 56
+ 22 53
+ 22 56
+ 25 55
+ 29 52
+ 29 53
+ 55 31
+ 55 32
+ 58 32
+ 58 33
x 38 38
x 39 40
x 40 41
x 42 43
x 43 45
x 45 46
x 46 48
x 47 49
x 48 50
x 51 52
x 52 53
x 55 55
x 56 57
x 57 58

Case #73: 64 42
o 1 23
o 2 1
o 3 3
o 4 5
o 5 2
o 6 4
o 7 9
o 8 12
o 9 14
o 10 16
o 11 6
o 12 15
o 13 20
o 14 7
o 15 24
o 16 26
o 17 8
o 18 10
o 19 13
o 21 17
o 23 11
+ 1 12
+ 1 13
+ 1 14
+ 1 17
+ 1 21
+ 2 10
+ 2 27
+ 3 27
+ 4 27
+ 8 27
+ 9 27
+ 11 26
+ 13 27
+ 26 15
+ 27 17
x 20 18
x 22 19
x 24 21
x 25 22
x 26 25
x 27 27

Case #74: 240 160
o 1 9
o 2 4
o 3 1
o 4 3
o 5 8
o 6 10
o 7 2
o 8 13
o 9 5
o 10 7
o 11 18
o 12 6
o 13 22
o 14 24
o 15 26
o 16 28
o 17 30
o 18 32
o 19 12
o 20 35
o 21 11
o 22 14
o 23 39
o 24 15
o 25 42
o 26 44
o 27 16
o 28 47
o 29 17
o 30 50
o 31 52
o 32 19
o 33 55
o 34 20
o 35 58
o 36 21
o 37 61
o 38 63
o 39 65
o 40 23
o 41 25
o 42 69
o 43 72
o 44 74
o 45 27
o 46 77
o 47 79
o 48 29
o 49 82
o 50 84
o 51 31
o 52 88
o 53 90
o 54 33
o 55 93
o 56 34
o 57 96
o 58 98
o 59 36
o 62 37
o 64 38
o 65 41
o 67 40
o 71 43
o 74 45
o 76 46
o 79 48
o 81 49
o 84 51
o 88 53
o 90 54
o 93 56
o 94 60
o 95 57
o 98 59
+ 1 44
+ 1 47
+ 1 48
+ 1 51
+ 1 52
+ 1 55
+ 1 57
+ 1 58
+ 1 59
+ 1 60
+ 1 63
+ 1 64
+ 1 67
+ 1 68
+ 1 70
+ 1 72
+ 1 73
+ 1 75
+ 1 77
+ 1 78
+ 1 80
+ 1 83
+ 1 84
+ 1 85
+ 1 88
+ 1 90
+ 1 91
+ 1 93
+ 1 95
+ 1 96
+ 1 99
+ 3 100
+ 6 99
+ 9 100
+ 10 98
+ 12 98
+ 14 99
+ 16 96
+ 18 99
+ 19 97
+ 23 98
+ 25 95
+ 26 99
+ 28 96
+ 32 96
+ 32 97
+ 36 96
+ 36 97
+ 41 1
+ 41 96
+ 42 94
+ 43 96
+ 45 93
+ 48 97
+ 49 93
+ 51 96
+ 52 94
+ 55 96
+ 96 54
+ 98 57
x 60 62
x 61 64
x 63 66
x 66 67
x 68 68
x 69 70
x 70 71
x 72 73
x 73 75
x 75 76
x 77 78
x 78 80
x 80 81
x 82 83
x 83 85
x 85 86
x 86 87
x 87 89
x 89 91
x 91 92
x 92 94
x 96 95
x 97 97
x 99 99
x 100 100

Case #75: 172 117
o 1 1
o 2 3
o 3 5
o 4 2
o 5 4
o 6 9
o 7 11
o 8 13
o 9 15
o 10 6
o 11 8
o 12 19
o 13 7
o 14 22
o 15 10
o 16 25
o 17 27
o 18 29
o 19 31
o 20 12
o 21 14
o 22 35
o 23 37
o 24 39
o 25 41
o 26 16
o 27 18
o 28 45
o 29 17
o 30 48
o 31 20
o 32 51
o 33 53
o 34 21
o 35 56
o 36 58
o 37 60
o 38 23
o 39 63
o 40 24
o 41 66
o 42 28
o 43 26
o 44 70
o 45 72
o 49 30
o 50 32
o 54 33
o 56 34
o 58 38
o 59 36
o 64 40
o 67 42
o 69 43
o 71 44
+ 1 29
+ 1 32
+ 1 33
+ 1 36
+ 1 37
+ 1 38
+ 1 39
+ 1 42
+ 1 47
+ 1 48
+ 1 51
+ 1 52
+ 1 53
+ 1 55
+ 1 57
+ 1 58
+ 1 61
+ 1 64
+ 1 66
+ 1 67
+ 1 70
+ 1 71
+ 3 71
+ 4 71
+ 6 70
+ 8 69
+ 9 71
+ 11 70
+ 13 71
+ 15 70
+ 18 71
+ 20 68
+ 22 71
+ 24 68
+ 27 72
+ 28 70
+ 29 72
+ 30 70
+ 32 71
+ 36 69
+ 36 70
+ 39 69
+ 41 70
+ 69 41
+ 71 42
x 46 46
x 47 47
x 48 49
x 51 50
x 52 52
x 53 54
x 55 55
x 57 57
x 60 59
x 61 61
x 62 62
x 63 64
x 65 65
x 66 67
x 68 68
x 70 69
x 72 71

Case #76: 180 120
o 1 57
o 2 1
o 3 3
o 4 5
o 5 2
o 6 4
o 7 9
o 8 11
o 9 13
o 10 15
o 11 6
o 12 8
o 13 19
o 14 7
o 15 22
o 16 10
o 17 25
o 18 27
o 19 29
o 20 31
o 21 12
o 22 14
o 23 36
o 24 38
o 25 40
o 26 42
o 27 16
o 28 18
o 29 41
o 30 47
o 31 49
o 32 17
o 33 20
o 34 53
o 35 21
o 36 24
o 37 58
o 38 60
o 39 62
o 40 23
o 41 61
o 42 66
o 43 69
o 44 28
o 45 26
o 46 73
o 47 75
o 48 30
o 52 32
o 55 33
o 56 35
o 58 34
o 60 37
o 64 39
o 70 43
o 71 45
o 73 44
o 74 46
+ 1 30
+ 1 33
+ 1 34
+ 1 37
+ 1 38
+ 1 39
+ 1 40
+ 1 43
+ 1 49
+ 1 51
+ 1 53
+ 1 54
+ 1 56
+ 1 60
+ 1 63
+ 1 65
+ 1 66
+ 1 68
+ 1 72
+ 1 73
+ 1 74
+ 1 75
+ 5 74
+ 7 75
+ 9 72
+ 11 72
+ 13 73
+ 14 71
+ 16 74
+ 19 70
+ 20 74
+ 22 71
+ 25 71
+ 26 73
+ 28 72
+ 31 74
+ 32 72
+ 33 74
+ 36 70
+ 37 72
+ 40 70
+ 40 71
+ 72 42
+ 73 42
+ 75 43
x 49 48
x 50 50
x 51 51
x 53 52
x 54 54
x 57 55
x 59 56
x 61 59
x 62 63
x 63 64
x 65 65
x 66 67
x 67 68
x 68 70
x 69 71
x 72 72
x 75 74

Case #77: 168 115
o 1 38
o 2 1
o 3 3
o 4 5
o 5 2
o 6 4
o 7 9
o 8 11
o 9 13
o 10 15
o 11 6
o 12 8
o 13 19
o 14 7
o 15 22
o 16 10
o 17 25
o 18 27
o 19 29
o 20 31
o 21 12
o 22 14
o 23 35
o 24 37
o 25 39
o 26 41
o 27 16
o 28 18
o 29 45
o 30 17
o 31 48
o 32 20
o 33 51
o 34 53
o 35 21
o 36 56
o 37 58
o 38 60
o 39 23
o 40 63
o 41 24
o 42 66
o 43 28
o 44 26
o 45 70
o 50 30
o 51 32
o 55 33
o 57 34
o 60 36
o 61 40
o 67 42
o 69 43
+ 1 27
+ 1 28
+ 1 29
+ 1 30
+ 1 33
+ 1 34
+ 1 37
+ 1 39
+ 1 40
+ 1 43
+ 1 48
+ 1 49
+ 1 52
+ 1 53
+ 1 54
+ 1 56
+ 1 58
+ 1 59
+ 1 62
+ 1 65
+ 1 67
+ 1 68
+ 2 70
+ 4 69
+ 6 69
+ 7 69
+ 9 68
+ 9 69
+ 13 69
+ 16 65
+ 16 70
+ 20 65
+ 20 70
+ 23 66
+ 24 70
+ 26 67
+ 30 70
+ 31 66
+ 34 65
+ 34 68
+ 37 67
+ 66 39
+ 67 39
+ 68 39
+ 70 40
x 46 44
x 47 46
x 48 47
x 49 49
x 52 50
x 53 52
x 54 54
x 56 55
x 58 57
x 59 59
x 62 61
x 63 62
x 64 64
x 65 65
x 66 67
x 68 68
x 70 69

Case #78: 75 48
o 1 31
o 2 1
o 3 3
o 4 5
o 5 2
o 6 4
o 7 9
o 8 11
o 9 13
o 10 15
o 11 6
o 12 8
o 13 20
o 14 7
o 15 21
o 16 10
o 17 25
o 18 27
o 19 29
o 20 32
o 22 12
o 23 14
o 24 16
o 29 17
o 30 19
o 32 18
+ 1 12
+ 1 14
+ 1 17
+ 1 22
+ 1 23
+ 1 26
+ 1 27
+ 1 29
+ 1 30
+ 6 29
+ 7 31
+ 10 29
+ 12 29
+ 12 32
+ 14 29
+ 30 17
x 21 22
x 25 23
x 26 24
x 27 26
x 28 28
x 31 30

Case #79: 256 115
o 1 1
o 52 50
o 53 52
o 54 49
o 55 51
o 56 48
o 57 54
o 59 53
o 60 47
o 62 46
o 63 56
o 64 45
o 65 55
o 66 44
o 67 58
o 69 57
o 70 43
o 71 60
o 72 42
o 73 59
o 74 41
o 76 40
o 77 62
o 78 39
o 79 61
o 80 38
o 81 64
o 83 63
o 84 37
o 86 36
o 87 66
o 88 35
o 89 65
o 90 34
o 91 68
o 93 67
o 94 33
o 95 70
o 96 32
o 97 69
o 98 31
o 100 30
+ 81 52
+ 83 51
+ 83 52
+ 85 51
+ 86 51
+ 88 50
+ 89 52
+ 91 51
+ 92 51
+ 94 50
+ 95 52
+ 97 51
+ 97 52
+ 99 51
+ 100 51
x 2 2
x 3 3
x 4 4
x 5 5
x 6 6
x 7 7
x 8 8
x 9 9
x 10 10
x 11 11
x 12 12
x 13 13
x 14 14
x 15 15
x 16 16
x 17 17
x 18 18
x 19 19
x 20 20
x 21 21
x 22 22
x 23 23
x 24 24
x 25 25
x 26 26
x 27 27
x 28 28
x 29 29
x 30 71
x 31 72
x 32 73
x 33 74
x 34 75
x 35 76
x 36 77
x 37 78
x 38 79
x 39 80
x 40 81
x 41 82
x 42 83
x 43 84
x 44 85
x 45 86
x 46 87
x 47 88
x 48 89
x 49 90
x 50 91
x 51 92
x 58 93
x 61 94
x 68 95
x 75 96
x 82 97
x 85 98
x 92 99
x 99 100

Case #80: 4 2
o 1 1
x 2 2

Case #81: 240 160
o 1 1
o 2 4
o 3 7
o 4 5
o 5 12
o 6 14
o 7 6
o 8 3
o 9 18
o 10 2
o 11 8
o 12 10
o 13 23
o 14 25
o 15 11
o 16 9
o 17 29
o 18 31
o 19 13
o 20 34
o 21 36
o 22 38
o 23 40
o 24 42
o 25 15
o 26 17
o 27 46
o 28 16
o 29 49
o 30 51
o 31 20
o 32 55
o 33 19
o 34 21
o 35 59
o 36 61
o 37 22
o 38 64
o 39 66
o 40 24
o 41 69
o 42 71
o 43 26
o 44 74
o 45 27
o 46 77
o 47 28
o 48 80
o 49 82
o 50 30
o 51 85
o 52 87
o 53 32
o 54 90
o 55 33
o 56 93
o 57 95
o 58 35
o 59 98
o 60 100
o 61 37
o 64 39
o 67 41
o 71 43
o 72 45
o 75 44
o 77 47
o 79 50
o 82 48
o 85 52
o 86 54
o 88 53
o 92 56
o 94 57
o 96 58
o 99 60
+ 1 44
+ 1 46
+ 1 47
+ 1 49
+ 1 52
+ 1 55
+ 1 57
+ 1 60
+ 1 61
+ 1 64
+ 1 66
+ 1 67
+ 1 69
+ 1 70
+ 1 73
+ 1 75
+ 1 76
+ 1 78
+ 1 81
+ 1 82
+ 1 83
+ 1 85
+ 1 88
+ 1 89
+ 1 90
+ 1 91
+ 1 94
+ 1 95
+ 1 98
+ 1 99
+ 1 100
+ 4 100
+ 7 99
+ 8 99
+ 12 97
+ 13 99
+ 14 97
+ 18 97
+ 19 97
+ 22 98
+ 24 97
+ 26 96
+ 27 98
+ 30 97
+ 31 95
+ 35 97
+ 36 97
+ 38 96
+ 39 96
+ 41 1
+ 43 95
+ 44 99
+ 46 96
+ 46 99
+ 49 98
+ 51 95
+ 53 100
+ 54 96
+ 57 98
+ 99 57
x 62 62
x 63 63
x 65 65
x 66 67
x 68 68
x 69 70
x 70 72
x 73 73
x 74 75
x 76 76
x 78 78
x 80 79
x 81 81
x 83 83
x 84 84
x 87 86
x 89 88
x 90 89
x 91 91
x 93 92
x 95 94
x 97 96
x 98 97
x 100 99

Case #82: 240 160
o 1 68
o 2 1
o 3 4
o 4 2
o 5 7
o 6 3
o 7 10
o 8 12
o 9 5
o 10 15
o 11 17
o 12 6
o 13 8
o 14 21
o 15 23
o 16 25
o 17 9
o 18 11
o 19 29
o 20 31
o 21 33
o 22 35
o 23 14
o 24 38
o 25 40
o 26 13
o 27 16
o 28 18
o 29 45
o 30 47
o 31 49
o 32 20
o 33 52
o 34 19
o 35 55
o 36 22
o 37 58
o 38 60
o 39 62
o 40 24
o 41 65
o 42 67
o 43 69
o 44 26
o 45 28
o 46 73
o 47 75
o 48 27
o 49 30
o 50 79
o 51 81
o 52 32
o 53 84
o 54 86
o 55 88
o 56 91
o 57 34
o 58 36
o 59 95
o 60 97
o 61 99
o 62 37
o 63 39
o 67 41
o 69 42
o 71 43
o 73 44
o 77 46
o 78 48
o 83 50
o 85 51
o 88 53
o 89 57
o 90 54
o 93 56
o 97 59
o 100 61
+ 1 41
+ 1 43
+ 1 44
+ 1 46
+ 1 48
+ 1 54
+ 1 55
+ 1 58
+ 1 59
+ 1 60
+ 1 62
+ 1 65
+ 1 66
+ 1 67
+ 1 70
+ 1 71
+ 1 75
+ 1 77
+ 1 80
+ 1 81
+ 1 82
+ 1 85
+ 1 86
+ 1 87
+ 1 88
+ 1 91
+ 1 92
+ 1 95
+ 1 96
+ 1 99
+ 3 100
+ 4 100
+ 6 99
+ 9 98
+ 11 99
+ 15 98
+ 17 99
+ 19 96
+ 20 98
+ 23 98
+ 24 96
+ 26 99
+ 28 96
+ 28 99
+ 33 95
+ 34 97
+ 35 95
+ 39 95
+ 40 95
+ 43 95
+ 44 95
+ 46 96
+ 48 97
+ 51 97
+ 53 97
+ 55 96
+ 57 96
+ 96 56
+ 98 57
+ 100 58
x 64 63
x 65 64
x 66 66
x 68 70
x 70 71
x 72 72
x 74 74
x 75 76
x 76 77
x 79 78
x 80 80
x 81 82
x 82 83
x 84 85
x 86 87
x 87 89
x 91 90
x 92 92
x 94 93
x 95 94
x 96 96
x 98 98
x 99 100

Case #83: 143 96
o 1 4
o 2 1
o 3 3
o 4 5
o 5 2
o 6 8
o 7 11
o 8 13
o 9 7
o 10 16
o 11 6
o 12 19
o 13 9
o 14 22
o 15 24
o 16 26
o 17 28
o 18 10
o 19 31
o 20 14
o 21 12
o 22 15
o 23 36
o 24 38
o 25 40
o 26 42
o 27 17
o 28 45
o 29 18
o 30 48
o 31 50
o 32 20
o 33 53
o 34 21
o 35 56
o 36 58
o 37 23
o 41 25
o 42 27
o 46 29
o 49 30
o 50 32
o 54 33
o 55 35
o 58 34
o 59 37
+ 1 24
+ 1 28
+ 1 29
+ 1 31
+ 1 34
+ 1 37
+ 1 39
+ 1 40
+ 1 42
+ 1 45
+ 1 47
+ 1 48
+ 1 50
+ 1 52
+ 1 53
+ 1 55
+ 1 56
+ 1 57
+ 1 60
+ 3 60
+ 7 57
+ 7 60
+ 11 59
+ 13 58
+ 15 57
+ 17 57
+ 17 60
+ 21 55
+ 23 60
+ 24 56
+ 25 60
+ 29 55
+ 29 60
+ 32 56
+ 58 35
+ 60 35
x 38 39
x 39 41
x 40 43
x 43 44
x 44 46
x 45 47
x 47 49
x 48 51
x 51 52
x 52 54
x 53 55
x 56 57
x 57 59
x 60 60

Case #84: 171 115
o 1 62
o 2 1
o 3 3
o 4 5
o 5 2
o 6 4
o 7 9
o 8 11
o 9 13
o 10 15
o 11 6
o 12 8
o 13 19
o 14 7
o 15 22
o 16 10
o 17 25
o 18 27
o 19 29
o 20 31
o 21 12
o 22 14
o 23 35
o 24 37
o 25 39
o 26 41
o 27 16
o 28 18
o 29 45
o 30 17
o 31 48
o 32 20
o 33 51
o 34 53
o 35 21
o 36 56
o 37 58
o 38 60
o 39 23
o 40 63
o 41 24
o 42 66
o 43 28
o 44 26
o 45 71
o 50 30
o 51 32
o 55 33
o 57 34
o 59 38
o 60 36
o 65 40
o 68 42
o 70 43
+ 1 28
+ 1 29
+ 1 30
+ 1 33
+ 1 34
+ 1 37
+ 1 38
+ 1 39
+ 1 40
+ 1 43
+ 1 48
+ 1 49
+ 1 52
+ 1 53
+ 1 54
+ 1 56
+ 1 58
+ 1 59
+ 1 67
+ 1 68
+ 1 71
+ 2 71
+ 5 70
+ 7 69
+ 7 70
+ 9 69
+ 11 70
+ 13 69
+ 16 70
+ 18 67
+ 20 70
+ 22 67
+ 24 70
+ 25 68
+ 29 70
+ 30 70
+ 33 68
+ 34 68
+ 37 67
+ 38 69
+ 67 39
+ 69 40
+ 71 40
+ 71 41
x 46 44
x 47 46
x 48 47
x 49 49
x 52 50
x 53 52
x 54 54
x 56 55
x 58 57
x 61 59
x 62 61
x 63 64
x 64 65
x 66 67
x 67 68
x 69 69
x 71 70

Case #85: 119 81
o 1 43
o 2 1
o 3 3
o 4 5
o 5 2
o 6 4
o 7 9
o 8 11
o 9 13
o 10 15
o 11 6
o 12 8
o 13 19
o 14 7
o 15 22
o 16 10
o 17 25
o 18 27
o 19 29
o 20 31
o 21 12
o 22 14
o 23 35
o 24 37
o 25 39
o 26 41
o 27 16
o 28 18
o 29 45
o 30 17
o 31 48
o 32 20
o 35 21
o 39 23
o 41 24
o 43 28
o 44 26
o 50 30
+ 1 22
+ 1 23
+ 1 26
+ 1 27
+ 1 28
+ 1 29
+ 1 30
+ 1 33
+ 1 34
+ 1 37
+ 1 38
+ 1 39
+ 1 40
+ 1 48
+ 1 49
+ 4 49
+ 4 50
+ 6 49
+ 8 49
+ 10 50
+ 12 47
+ 16 47
+ 16 50
+ 19 49
+ 23 46
+ 24 48
+ 27 46
+ 28 48
+ 30 48
+ 47 28
+ 49 28
x 33 32
x 34 33
x 36 34
x 37 36
x 38 38
x 40 40
x 42 42
x 45 44
x 46 46
x 47 47
x 48 49
x 49 50

Case #86: 240 160
o 1 68
o 2 1
o 3 4
o 4 2
o 5 7
o 6 3
o 7 10
o 8 12
o 9 14
o 10 5
o 11 17
o 12 19
o 13 6
o 14 8
o 15 11
o 16 24
o 17 26
o 18 9
o 19 29
o 20 31
o 21 13
o 22 35
o 23 37
o 24 39
o 25 42
o 26 16
o 27 45
o 28 47
o 29 15
o 30 50
o 31 18
o 32 20
o 33 22
o 34 55
o 35 57
o 36 59
o 37 21
o 38 23
o 39 63
o 40 65
o 41 67
o 42 69
o 43 25
o 44 27
o 45 74
o 46 76
o 47 78
o 48 28
o 49 30
o 50 82
o 51 84
o 52 86
o 53 32
o 54 89
o 55 33
o 56 92
o 57 34
o 58 95
o 59 97
o 60 36
o 63 38
o 66 40
o 68 41
o 71 43
o 73 44
o 77 46
o 78 48
o 81 49
o 85 51
o 86 53
o 88 52
o 91 54
o 93 58
o 94 56
o 99 60
+ 1 44
+ 1 45
+ 1 46
+ 1 49
+ 1 52
+ 1 53
+ 1 55
+ 1 58
+ 1 61
+ 1 63
+ 1 64
+ 1 65
+ 1 69
+ 1 72
+ 1 73
+ 1 76
+ 1 77
+ 1 80
+ 1 81
+ 1 82
+ 1 83
+ 1 85
+ 1 86
+ 1 89
+ 1 92
+ 1 93
+ 1 96
+ 1 97
+ 1 98
+ 1 99
+ 5 98
+ 5 99
+ 9 98
+ 10 100
+ 13 99
+ 13 100
+ 16 99
+ 19 97
+ 22 96
+ 22 99
+ 25 95
+ 27 100
+ 29 95
+ 30 99
+ 33 98
+ 35 93
+ 36 97
+ 39 95
+ 39 98
+ 43 98
+ 46 96
+ 47 100
+ 49 95
+ 50 99
+ 52 94
+ 56 96
+ 57 98
+ 97 57
+ 99 58
+ 100 58
x 61 61
x 62 62
x 64 64
x 65 66
x 67 70
x 69 71
x 70 72
x 72 73
x 74 75
x 75 77
x 76 79
x 79 80
x 80 81
x 82 83
x 83 85
x 84 87
x 87 88
x 89 90
x 90 91
x 92 93
x 95 94
x 96 96
x 97 98
x 98 99
x 100 100

Case #87: 256 115
o 1 1
o 52 50
o 53 52
o 54 49
o 55 51
o 56 48
o 57 54
o 59 53
o 60 47
o 62 46
o 63 56
o 64 45
o 65 55
o 66 44
o 67 58
o 69 57
o 70 43
o 71 60
o 72 42
o 73 59
o 74 41
o 76 40
o 77 62
o 78 39
o 79 61
o 80 38
o 81 64
o 83 63
o 84 37
o 86 36
o 87 66
o 88 35
o 89 65
o 90 34
o 91 68
o 93 67
o 94 33
o 95 70
o 96 32
o 97 69
o 98 31
o 100 30
+ 81 52
+ 83 51
+ 83 52
+ 85 51
+ 86 51
+ 88 50
+ 89 52
+ 91 51
+ 92 51
+ 94 50
+ 95 52
+ 97 51
+ 97 52
+ 99 51
+ 100 51
x 2 2
x 3 3
x 4 4
x 5 5
x 6 6
x 7 7
x 8 8
x 9 9
x 10 10
x 11 11
x 12 12
x 13 13
x 14 14
x 15 15
x 16 16
x 17 17
x 18 18
x 19 19
x 20 20
x 21 21
x 22 22
x 23 23
x 24 24
x 25 25
x 26 26
x 27 27
x 28 28
x 29 29
x 30 71
x 31 72
x 32 73
x 33 74
x 34 75
x 35 76
x 36 77
x 37 78
x 38 79
x 39 80
x 40 81
x 41 82
x 42 83
x 43 84
x 44 85
x 45 86
x 46 87
x 47 88
x 48 89
x 49 90
x 50 91
x 51 92
x 58 93
x 61 94
x 68 95
x 75 96
x 82 97
x 85 98
x 92 99
x 99 100

Case #88: 91 60
o 1 4
o 2 1
o 3 3
o 4 5
o 5 2
o 6 8
o 7 11
o 8 13
o 9 7
o 10 16
o 11 6
o 12 19
o 13 9
o 14 23
o 15 25
o 16 27
o 17 10
o 18 12
o 19 31
o 20 33
o 21 35
o 22 14
o 23 38
o 26 15
o 27 17
o 29 20
o 30 18
o 34 21
o 36 22
+ 1 18
+ 1 19
+ 1 22
+ 1 23
+ 1 24
+ 1 27
+ 1 28
+ 1 31
+ 1 32
+ 1 33
+ 1 34
+ 1 37
+ 4 38
+ 8 37
+ 9 37
+ 11 36
+ 14 38
+ 16 35
+ 17 37
+ 22 38
+ 36 21
+ 38 21
x 24 24
x 25 26
x 28 28
x 31 29
x 32 30
x 33 32
x 35 34
x 37 36
x 38 37

Case #89: 237 162
o 1 1
o 2 3
o 3 5
o 4 2
o 5 4
o 6 9
o 7 11
o 8 13
o 9 15
o 10 6
o 11 8
o 12 19
o 13 7
o 14 22
o 15 10
o 16 25
o 17 27
o 18 29
o 19 31
o 20 12
o 21 14
o 22 35
o 23 37
o 24 39
o 25 41
o 26 16
o 27 18
o 28 45
o 29 17
o 30 48
o 31 20
o 32 51
o 33 53
o 34 21
o 35 56
o 36 58
o 37 60
o 38 23
o 39 63
o 40 24
o 41 66
o 42 28
o 43 26
o 44 70
o 45 72
o 46 74
o 47 76
o 48 78
o 49 30
o 50 32
o 51 82
o 52 84
o 53 86
o 54 33
o 55 89
o 56 34
o 57 92
o 58 38
o 59 36
o 60 96
o 61 98
o 64 40
o 67 42
o 69 43
o 71 44
o 75 46
o 77 47
o 78 50
o 80 49
o 85 52
o 86 54
o 90 55
o 91 57
o 95 59
o 99 61
+ 1 39
+ 1 42
+ 1 47
+ 1 48
+ 1 51
+ 1 52
+ 1 53
+ 1 55
+ 1 57
+ 1 58
+ 1 61
+ 1 64
+ 1 66
+ 1 67
+ 1 70
+ 1 71
+ 1 73
+ 1 74
+ 1 75
+ 1 76
+ 1 79
+ 1 80
+ 1 83
+ 1 84
+ 1 87
+ 1 88
+ 1 91
+ 1 92
+ 1 97
+ 1 98
+ 1 99
+ 3 98
+ 5 98
+ 7 99
+ 8 97
+ 10 98
+ 13 97
+ 13 98
+ 16 97
+ 18 98
+ 21 97
+ 21 98
+ 27 95
+ 27 98
+ 30 97
+ 33 97
+ 35 96
+ 35 97
+ 38 1
+ 38 96
+ 38 97
+ 43 98
+ 45 93
+ 45 98
+ 49 93
+ 49 98
+ 52 94
+ 53 98
+ 55 95
+ 55 98
+ 58 97
+ 96 56
+ 98 59
x 62 62
x 63 64
x 65 65
x 66 67
x 68 68
x 70 69
x 72 71
x 73 73
x 74 75
x 76 77
x 79 79
x 81 80
x 82 81
x 83 83
x 84 85
x 87 87
x 88 88
x 89 90
x 92 91
x 93 93
x 94 94
x 96 95
x 97 97
x 98 99

Case #90: 239 163
o 1 1
o 2 3
o 3 5
o 4 2
o 5 4
o 6 9
o 7 11
o 8 13
o 9 15
o 10 6
o 11 8
o 12 19
o 13 7
o 14 22
o 15 10
o 16 25
o 17 27
o 18 29
o 19 31
o 20 12
o 21 14
o 22 35
o 23 37
o 24 39
o 25 41
o 26 16
o 27 18
o 28 45
o 29 17
o 30 48
o 31 20
o 32 51
o 33 53
o 34 21
o 35 56
o 36 58
o 37 60
o 38 23
o 39 63
o 40 24
o 41 66
o 42 28
o 43 26
o 44 70
o 45 72
o 46 74
o 47 76
o 48 78
o 49 30
o 50 32
o 51 82
o 52 84
o 53 86
o 54 33
o 55 89
o 56 34
o 57 92
o 58 38
o 59 36
o 60 96
o 61 98
o 62 100
o 64 40
o 67 42
o 69 43
o 71 44
o 75 46
o 77 47
o 78 50
o 80 49
o 85 52
o 86 54
o 90 55
o 91 57
o 95 59
o 99 61
+ 1 42
+ 1 47
+ 1 48
+ 1 51
+ 1 52
+ 1 53
+ 1 55
+ 1 57
+ 1 58
+ 1 61
+ 1 64
+ 1 66
+ 1 67
+ 1 70
+ 1 71
+ 1 73
+ 1 74
+ 1 75
+ 1 76
+ 1 79
+ 1 80
+ 1 83
+ 1 84
+ 1 87
+ 1 88
+ 1 91
+ 1 92
+ 1 97
+ 1 98
+ 1 99
+ 1 100
+ 4 99
+ 6 99
+ 6 100
+ 8 100
+ 11 99
+ 11 100
+ 14 99
+ 16 100
+ 19 99
+ 19 100
+ 23 99
+ 27 98
+ 30 97
+ 31 99
+ 34 98
+ 35 96
+ 36 98
+ 38 1
+ 38 97
+ 40 98
+ 43 98
+ 45 98
+ 47 95
+ 49 98
+ 51 95
+ 53 98
+ 54 96
+ 55 98
+ 56 96
+ 58 97
+ 98 59
+ 99 59
x 63 62
x 65 64
x 66 65
x 68 67
x 70 68
x 72 69
x 73 71
x 74 73
x 76 75
x 79 77
x 81 79
x 82 80
x 83 81
x 84 83
x 87 85
x 88 87
x 89 88
x 92 90
x 93 91
x 94 93
x 96 94
x 97 95
x 98 97
x 100 99

Case #91: 244 157
o 1 1
o 2 3
o 3 8
o 4 12
o 5 2
o 6 4
o 7 6
o 8 11
o 9 5
o 10 19
o 11 21
o 12 23
o 13 7
o 14 9
o 15 27
o 16 30
o 17 10
o 18 34
o 19 36
o 20 38
o 21 13
o 22 42
o 23 44
o 24 14
o 25 16
o 26 49
o 27 51
o 28 15
o 29 18
o 30 55
o 31 17
o 32 58
o 33 60
o 34 22
o 35 63
o 36 65
o 37 67
o 38 69
o 39 20
o 40 25
o 41 73
o 42 24
o 43 26
o 44 28
o 45 78
o 46 82
o 47 85
o 48 87
o 49 89
o 50 29
o 51 31
o 52 93
o 53 95
o 54 32
o 55 98
o 56 33
o 59 35
o 62 37
o 66 39
o 67 41
o 69 40
o 73 43
o 74 46
o 76 45
o 79 47
o 81 48
o 84 50
o 87 52
o 89 53
o 92 54
o 93 56
o 97 57
o 98 59
+ 1 48
+ 1 49
+ 1 50
+ 1 52
+ 1 53
+ 1 59
+ 1 60
+ 1 61
+ 1 62
+ 1 67
+ 1 70
+ 1 72
+ 1 73
+ 1 75
+ 1 76
+ 1 79
+ 1 82
+ 1 83
+ 1 86
+ 1 87
+ 1 90
+ 1 91
+ 1 94
+ 1 95
+ 1 96
+ 1 99
+ 3 99
+ 3 100
+ 7 99
+ 11 99
+ 12 99
+ 14 98
+ 15 98
+ 19 96
+ 19 99
+ 22 95
+ 23 99
+ 26 93
+ 27 97
+ 30 95
+ 32 95
+ 33 97
+ 37 94
+ 37 99
+ 40 93
+ 42 98
+ 43 1
+ 43 2
+ 45 99
+ 46 91
+ 50 100
+ 53 99
+ 56 100
+ 92 49
+ 94 49
+ 97 50
+ 100 51
x 57 61
x 58 62
x 60 64
x 61 66
x 63 68
x 64 70
x 65 71
x 68 72
x 70 74
x 71 75
x 72 76
x 75 77
x 77 79
x 78 80
x 80 81
x 82 83
x 83 84
x 85 86
x 86 88
x 88 90
x 90 91
x 91 92
x 94 94
x 95 96
x 96 97
x 99 99
x 100 100

Case #92: 239 163
o 1 1
o 2 3
o 3 5
o 4 2
o 5 4
o 6 9
o 7 11
o 8 13
o 9 15
o 10 6
o 11 8
o 12 19
o 13 7
o 14 22
o 15 10
o 16 25
o 17 27
o 18 29
o 19 31
o 20 12
o 21 14
o 22 35
o 23 37
o 24 39
o 25 41
o 26 16
o 27 18
o 28 45
o 29 17
o 30 48
o 31 20
o 32 51
o 33 53
o 34 21
o 35 56
o 36 58
o 37 60
o 38 23
o 39 63
o 40 24
o 41 66
o 42 28
o 43 26
o 44 70
o 45 72
o 46 74
o 47 76
o 48 78
o 49 30
o 50 32
o 51 82
o 52 84
o 53 86
o 54 33
o 55 89
o 56 34
o 57 92
o 58 38
o 59 36
o 60 96
o 61 98
o 62 100
o 64 40
o 67 42
o 69 43
o 71 44
o 75 46
o 77 47
o 78 50
o 80 49
o 85 52
o 86 54
o 90 55
o 91 57
o 95 59
o 99 61
+ 1 42
+ 1 47
+ 1 48
+ 1 51
+ 1 52
+ 1 53
+ 1 55
+ 1 57
+ 1 58
+ 1 61
+ 1 64
+ 1 66
+ 1 67
+ 1 70
+ 1 71
+ 1 73
+ 1 74
+ 1 75
+ 1 76
+ 1 79
+ 1 80
+ 1 83
+ 1 84
+ 1 87
+ 1 88
+ 1 91
+ 1 92
+ 1 97
+ 1 98
+ 1 99
+ 1 100
+ 4 99
+ 6 99
+ 6 100
+ 8 100
+ 11 99
+ 11 100
+ 14 99
+ 16 100
+ 19 99
+ 19 100
+ 23 99
+ 27 98
+ 30 97
+ 31 99
+ 34 98
+ 35 96
+ 36 98
+ 38 1
+ 38 97
+ 40 98
+ 43 98
+ 45 98
+ 47 95
+ 49 98
+ 51 95
+ 53 98
+ 54 96
+ 55 98
+ 56 96
+ 58 97
+ 98 59
+ 99 59
x 63 62
x 65 64
x 66 65
x 68 67
x 70 68
x 72 69
x 73 71
x 74 73
x 76 75
x 79 77
x 81 79
x 82 80
x 83 81
x 84 83
x 87 85
x 88 87
x 89 88
x 92 90
x 93 91
x 94 93
x 96 94
x 97 95
x 98 97
x 100 99

Case #93: 221 146
o 1 49
o 2 1
o 3 3
o 4 5
o 5 2
o 6 4
o 7 9
o 8 11
o 9 13
o 10 15
o 11 6
o 12 8
o 13 19
o 14 7
o 15 22
o 16 10
o 17 25
o 18 27
o 19 29
o 20 31
o 21 12
o 22 14
o 23 35
o 24 37
o 25 40
o 26 42
o 27 16
o 28 18
o 29 43
o 30 17
o 31 48
o 32 50
o 33 21
o 34 53
o 35 20
o 36 56
o 37 23
o 38 59
o 39 61
o 40 63
o 41 65
o 42 24
o 43 26
o 44 69
o 45 71
o 46 30
o 47 28
o 48 75
o 49 77
o 50 79
o 51 81
o 52 32
o 53 84
o 54 86
o 55 33
o 56 89
o 57 34
o 58 92
o 60 36
o 63 38
o 65 39
o 66 45
o 68 41
o 73 44
o 74 46
o 77 47
o 82 51
o 84 52
o 87 54
o 89 55
o 92 57
+ 1 38
+ 1 39
+ 1 40
+ 1 43
+ 1 48
+ 1 52
+ 1 55
+ 1 56
+ 1 58
+ 1 61
+ 1 62
+ 1 66
+ 1 69
+ 1 70
+ 1 72
+ 1 73
+ 1 76
+ 1 79
+ 1 80
+ 1 82
+ 1 84
+ 1 85
+ 1 88
+ 1 89
+ 1 92
+ 2 92
+ 3 92
+ 6 92
+ 7 92
+ 10 92
+ 14 91
+ 17 90
+ 17 91
+ 20 90
+ 23 89
+ 24 91
+ 25 89
+ 28 91
+ 30 88
+ 31 90
+ 33 89
+ 36 89
+ 38 90
+ 39 88
+ 42 88
+ 43 88
+ 45 89
+ 46 89
+ 49 89
+ 49 90
+ 54 89
+ 89 53
+ 92 54
+ 92 55
x 59 58
x 61 60
x 62 62
x 64 64
x 67 66
x 69 67
x 70 68
x 71 70
x 72 72
x 75 73
x 76 74
x 78 76
x 79 78
x 80 80
x 81 82
x 83 83
x 85 85
x 86 87
x 88 88
x 90 90
x 91 91

Case #94: 43 27
o 1 9
o 2 1
o 3 3
o 4 5
o 5 2
o 6 8
o 7 10
o 8 4
o 9 7
o 10 14
o 11 16
o 12 6
o 17 12
+ 1 14
+ 1 18
+ 2 18
+ 3 18
+ 4 18
+ 8 15
+ 8 18
+ 16 9
+ 18 10
x 13 11
x 14 13
x 15 15
x 16 17
x 18 18

Case #95: 242 160
o 1 1
o 2 4
o 3 2
o 4 7
o 5 3
o 6 10
o 7 13
o 8 5
o 9 14
o 10 17
o 11 6
o 12 20
o 13 9
o 14 24
o 15 26
o 16 8
o 17 11
o 18 27
o 19 12
o 20 32
o 21 34
o 22 36
o 23 38
o 24 15
o 25 41
o 26 16
o 27 45
o 28 47
o 29 18
o 30 50
o 31 19
o 32 53
o 33 55
o 34 59
o 35 21
o 36 23
o 37 63
o 38 22
o 39 66
o 40 25
o 41 69
o 42 71
o 43 73
o 44 75
o 45 28
o 46 78
o 47 29
o 48 81
o 49 30
o 50 84
o 51 31
o 52 88
o 53 90
o 54 33
o 55 93
o 56 95
o 57 35
o 58 98
o 59 100
o 60 37
o 63 39
o 66 40
o 67 42
o 71 43
o 73 44
o 75 48
o 76 46
o 81 49
o 82 51
o 85 52
o 88 54
o 91 56
o 93 57
o 95 58
o 98 60
o 100 61
+ 1 43
+ 1 45
+ 1 47
+ 1 48
+ 1 50
+ 1 52
+ 1 53
+ 1 56
+ 1 61
+ 1 62
+ 1 63
+ 1 66
+ 1 67
+ 1 68
+ 1 69
+ 1 70
+ 1 73
+ 1 76
+ 1 77
+ 1 80
+ 1 82
+ 1 83
+ 1 85
+ 1 88
+ 1 89
+ 1 90
+ 1 93
+ 1 94
+ 1 95
+ 1 98
+ 1 100
+ 4 99
+ 7 97
+ 8 99
+ 11 97
+ 13 98
+ 16 96
+ 16 99
+ 20 98
+ 22 99
+ 23 97
+ 26 99
+ 28 98
+ 28 99
+ 32 96
+ 34 97
+ 37 95
+ 38 97
+ 40 96
+ 41 98
+ 42 1
+ 42 96
+ 44 97
+ 47 97
+ 49 97
+ 50 95
+ 53 96
+ 96 56
+ 98 56
+ 99 56
x 61 62
x 62 64
x 64 65
x 65 67
x 68 68
x 69 70
x 70 72
x 72 74
x 74 76
x 77 77
x 78 79
x 79 80
x 80 82
x 83 83
x 84 85
x 86 86
x 87 87
x 89 89
x 90 91
x 92 92
x 94 94
x 96 96
x 97 97
x 99 99

Case #96: 240 162
o 1 63
o 2 1
o 3 4
o 4 2
o 5 7
o 6 3
o 7 10
o 8 12
o 9 5
o 10 15
o 11 17
o 12 6
o 13 8
o 14 21
o 15 23
o 16 25
o 17 9
o 18 11
o 19 29
o 20 31
o 21 33
o 22 35
o 23 13
o 24 38
o 25 14
o 26 41
o 27 18
o 28 16
o 29 45
o 30 47
o 31 49
o 32 51
o 33 19
o 34 54
o 35 20
o 36 57
o 37 24
o 38 22
o 39 61
o 40 64
o 41 66
o 42 68
o 43 26
o 44 67
o 45 27
o 46 73
o 47 28
o 48 76
o 49 78
o 50 80
o 51 30
o 52 32
o 53 84
o 54 86
o 55 88
o 56 34
o 57 91
o 58 93
o 59 36
o 60 96
o 61 37
o 62 99
o 64 39
o 66 40
o 70 42
o 71 44
o 73 43
o 75 46
o 80 48
o 81 50
o 86 52
o 88 53
o 89 56
o 91 55
o 95 58
o 98 59
o 100 60
+ 1 39
+ 1 41
+ 1 42
+ 1 45
+ 1 46
+ 1 48
+ 1 49
+ 1 52
+ 1 55
+ 1 57
+ 1 58
+ 1 62
+ 1 64
+ 1 65
+ 1 67
+ 1 69
+ 1 70
+ 1 72
+ 1 75
+ 1 77
+ 1 78
+ 1 81
+ 1 84
+ 1 85
+ 1 86
+ 1 88
+ 1 90
+ 1 91
+ 1 93
+ 1 95
+ 1 96
+ 1 98
+ 1 100
+ 2 100
+ 6 99
+ 9 100
+ 10 98
+ 14 100
+ 16 97
+ 18 100
+ 19 98
+ 21 99
+ 24 99
+ 25 97
+ 26 99
+ 28 98
+ 31 98
+ 34 99
+ 36 96
+ 38 96
+ 38 97
+ 42 94
+ 42 97
+ 46 96
+ 47 100
+ 49 95
+ 50 99
+ 54 96
+ 56 99
+ 60 99
+ 95 57
+ 98 56
x 63 62
x 65 65
x 67 69
x 68 70
x 69 71
x 72 72
x 74 74
x 76 75
x 77 77
x 78 79
x 79 81
x 82 82
x 83 83
x 84 85
x 85 87
x 87 89
x 90 90
x 92 92
x 93 94
x 94 95
x 96 97
x 97 98
x 99 100

Case #97: 204 136
o 1 32
o 2 1
o 3 3
o 4 5
o 5 2
o 6 4
o 7 9
o 8 11
o 9 13
o 10 15
o 11 6
o 12 8
o 13 19
o 14 7
o 15 22
o 16 10
o 17 25
o 18 27
o 19 29
o 20 31
o 21 33
o 22 12
o 23 36
o 24 16
o 25 14
o 26 17
o 27 41
o 28 43
o 29 45
o 30 47
o 31 18
o 32 20
o 33 51
o 34 53
o 35 21
o 36 56
o 37 58
o 38 23
o 39 61
o 40 24
o 41 64
o 42 66
o 43 26
o 44 69
o 45 71
o 46 73
o 47 28
o 48 30
o 49 77
o 50 79
o 51 81
o 52 84
o 54 34
o 56 35
o 59 37
o 61 38
o 63 39
o 66 40
o 67 42
o 71 44
o 74 46
o 77 48
o 79 49
o 81 50
o 85 52
+ 1 34
+ 1 37
+ 1 40
+ 1 43
+ 1 45
+ 1 46
+ 1 49
+ 1 52
+ 1 54
+ 1 56
+ 1 57
+ 1 59
+ 1 62
+ 1 64
+ 1 65
+ 1 66
+ 1 69
+ 1 71
+ 1 72
+ 1 75
+ 1 78
+ 1 79
+ 1 80
+ 1 82
+ 1 84
+ 1 85
+ 7 82
+ 7 83
+ 10 83
+ 11 83
+ 14 83
+ 16 82
+ 17 84
+ 21 83
+ 22 81
+ 25 82
+ 28 82
+ 30 82
+ 31 80
+ 32 82
+ 35 82
+ 36 82
+ 39 82
+ 41 81
+ 41 82
+ 43 81
+ 45 82
+ 49 84
+ 81 49
+ 84 50
+ 85 50
x 53 54
x 55 55
x 57 57
x 58 59
x 60 60
x 62 62
x 64 63
x 65 65
x 68 67
x 69 68
x 70 70
x 72 72
x 73 74
x 75 75
x 76 76
x 78 78
x 80 80
x 82 82
x 83 83
x 84 85

Case #98: 256 115
o 1 2
o 52 50
o 53 52
o 54 49
o 55 51
o 56 48
o 57 54
o 59 53
o 60 47
o 62 46
o 63 56
o 64 45
o 65 55
o 66 44
o 67 58
o 69 57
o 70 43
o 71 60
o 72 42
o 73 59
o 74 41
o 76 40
o 77 62
o 78 39
o 79 61
o 80 38
o 81 64
o 83 63
o 84 37
o 86 36
o 87 66
o 88 35
o 89 65
o 90 34
o 91 68
o 93 67
o 94 33
o 95 70
o 96 32
o 97 69
o 98 31
o 100 30
+ 81 52
+ 83 51
+ 83 52
+ 85 51
+ 86 51
+ 88 50
+ 89 52
+ 91 51
+ 92 51
+ 94 50
+ 95 52
+ 97 51
+ 97 52
+ 99 51
+ 100 51
x 2 1
x 3 3
x 4 4
x 5 5
x 6 6
x 7 7
x 8 8
x 9 9
x 10 10
x 11 11
x 12 12
x 13 13
x 14 14
x 15 15
x 16 16
x 17 17
x 18 18
x 19 19
x 20 20
x 21 21
x 22 22
x 23 23
x 24 24
x 25 25
x 26 26
x 27 27
x 28 28
x 29 29
x 30 71
x 31 72
x 32 73
x 33 74
x 34 75
x 35 76
x 36 77
x 37 78
x 38 79
x 39 80
x 40 81
x 41 82
x 42 83
x 43 84
x 44 85
x 45 86
x 46 87
x 47 88
x 48 89
x 49 90
x 50 91
x 51 92
x 58 93
x 61 94
x 68 95
x 75 96
x 82 97
x 85 98
x 92 99
x 99 100

Case #99: 179 121
o 1 29
o 2 1
o 3 3
o 4 5
o 5 2
o 6 4
o 7 9
o 8 11
o 9 13
o 10 15
o 11 6
o 12 8
o 13 19
o 14 7
o 15 22
o 16 10
o 17 25
o 18 27
o 19 30
o 20 32
o 21 12
o 22 14
o 23 33
o 24 37
o 25 39
o 26 41
o 27 16
o 28 18
o 29 45
o 30 17
o 31 48
o 32 50
o 33 21
o 34 53
o 35 20
o 36 56
o 37 23
o 38 59
o 39 61
o 40 63
o 41 24
o 42 26
o 43 67
o 44 69
o 45 71
o 46 73
o 47 28
o 49 31
o 54 34
o 56 35
o 58 36
o 61 38
o 64 40
o 67 42
o 69 43
o 71 44
o 74 46
+ 1 33
+ 1 34
+ 1 37
+ 1 38
+ 1 39
+ 1 40
+ 1 43
+ 1 47
+ 1 49
+ 1 50
+ 1 52
+ 1 56
+ 1 57
+ 1 58
+ 1 61
+ 1 62
+ 1 65
+ 1 68
+ 1 69
+ 1 70
+ 1 71
+ 1 72
+ 1 75
+ 2 75
+ 3 75
+ 8 73
+ 9 75
+ 10 73
+ 12 74
+ 13 72
+ 16 74
+ 18 71
+ 21 75
+ 23 70
+ 23 75
+ 25 70
+ 29 72
+ 29 73
+ 32 73
+ 33 73
+ 36 71
+ 37 71
+ 40 71
+ 42 72
+ 73 44
+ 74 44
x 48 47
x 50 49
x 51 51
x 52 52
x 53 54
x 55 55
x 57 57
x 59 58
x 60 60
x 62 62
x 63 64
x 65 65
x 66 66
x 68 68
x 70 70
x 72 72
x 73 74
x 75 75

Case #100: 241 158
o 1 1
o 2 4
o 3 8
o 4 3
o 5 11
o 6 2
o 7 5
o 8 9
o 9 6
o 10 14
o 11 18
o 12 7
o 13 22
o 14 24
o 15 26
o 16 10
o 17 30
o 18 32
o 19 12
o 20 35
o 21 13
o 22 39
o 23 41
o 24 15
o 25 44
o 26 16
o 27 43
o 28 17
o 29 49
o 30 51
o 31 54
o 32 19
o 33 21
o 34 56
o 35 59
o 36 20
o 37 62
o 38 64
o 39 66
o 40 23
o 41 27
o 42 70
o 43 28
o 44 73
o 45 75
o 46 77
o 47 25
o 48 29
o 49 31
o 50 82
o 51 84
o 52 86
o 53 33
o 54 89
o 55 34
o 56 92
o 57 94
o 58 96
o 59 36
o 60 99
o 61 37
o 63 38
o 66 40
o 69 42
o 73 45
o 75 46
o 77 47
o 79 48
o 83 50
o 84 52
o 87 53
o 90 55
o 93 57
o 95 58
o 98 60
o 100 61
+ 1 42
+ 1 43
+ 1 47
+ 1 48
+ 1 51
+ 1 52
+ 1 56
+ 1 57
+ 1 58
+ 1 61
+ 1 65
+ 1 66
+ 1 72
+ 1 73
+ 1 74
+ 1 75
+ 1 78
+ 1 81
+ 1 82
+ 1 86
+ 1 87
+ 1 90
+ 1 91
+ 1 92
+ 1 95
+ 1 96
+ 1 99
+ 3 100
+ 4 100
+ 7 100
+ 8 100
+ 11 98
+ 11 99
+ 15 98
+ 15 99
+ 18 97
+ 19 97
+ 22 97
+ 23 99
+ 28 97
+ 28 98
+ 30 98
+ 31 98
+ 32 98
+ 35 96
+ 36 98
+ 39 98
+ 43 96
+ 44 98
+ 46 95
+ 46 98
+ 49 97
+ 51 96
+ 53 96
+ 56 96
+ 98 57
+ 98 58
+ 100 57
x 62 63
x 64 65
x 65 67
x 67 68
x 68 69
x 70 71
x 71 72
x 72 74
x 74 76
x 76 78
x 78 79
x 80 80
x 81 81
x 82 83
x 85 85
x 86 87
x 88 88
x 89 90
x 91 91
x 92 93
x 94 95
x 96 97
x 97 98
x 99 100
