
Case #1: 4 3
o 1 1
+ 1 2
x 2 2

Case #2: 2 0

Case #3: 7 5
o 1 1
o 2 3
+ 1 3
+ 2 1
x 3 2

Case #4: 241 162
o 1 1
o 2 3
o 3 5
o 4 2
o 5 8
o 6 10
o 7 4
o 8 7
o 9 14
o 10 16
o 11 6
o 12 20
o 13 9
o 14 23
o 15 26
o 16 28
o 17 11
o 18 31
o 19 12
o 20 30
o 21 13
o 22 36
o 23 38
o 24 15
o 25 41
o 26 43
o 27 45
o 28 17
o 29 19
o 30 49
o 31 51
o 32 53
o 33 18
o 34 21
o 35 57
o 36 24
o 37 60
o 38 62
o 39 25
o 40 22
o 41 66
o 42 68
o 43 27
o 44 71
o 45 73
o 46 29
o 47 76
o 48 78
o 49 80
o 50 82
o 51 32
o 52 85
o 53 33
o 54 88
o 55 34
o 56 91
o 57 93
o 58 35
o 59 37
o 60 97
o 61 100
o 63 39
o 65 40
o 69 42
o 70 44
o 74 46
o 77 47
o 79 48
o 81 52
o 84 50
o 86 54
o 88 55
o 92 56
o 93 58
o 96 59
o 99 61
+ 1 41
+ 1 42
+ 1 45
+ 1 46
+ 1 51
+ 1 52
+ 1 53
+ 1 56
+ 1 58
+ 1 62
+ 1 64
+ 1 66
+ 1 67
+ 1 70
+ 1 72
+ 1 73
+ 1 75
+ 1 76
+ 1 77
+ 1 79
+ 1 80
+ 1 83
+ 1 86
+ 1 87
+ 1 89
+ 1 90
+ 1 93
+ 1 94
+ 1 97
+ 1 98
+ 1 100
+ 4 99
+ 5 99
+ 8 98
+ 9 100
+ 12 96
+ 13 100
+ 16 96
+ 17 100
+ 19 100
+ 22 99
+ 23 93
+ 26 99
+ 27 95
+ 32 96
+ 32 99
+ 34 96
+ 38 97
+ 38 98
+ 40 98
+ 43 96
+ 44 100
+ 46 95
+ 49 96
+ 49 97
+ 53 96
+ 53 99
+ 56 98
+ 96 57
+ 98 58
+ 100 58
+ 100 59
x 62 63
x 64 64
x 66 65
x 67 67
x 68 69
x 71 70
x 72 72
x 73 74
x 75 75
x 76 77
x 78 79
x 80 81
x 82 83
x 83 84
x 85 86
x 87 87
x 89 89
x 90 90
x 91 92
x 94 94
x 95 95
x 97 96
x 98 98
x 100 99

Case #5: 115 75
o 1 48
o 2 1
o 3 3
o 4 5
o 5 2
o 6 4
o 7 9
o 8 11
o 9 13
o 10 15
o 11 6
o 12 8
o 13 19
o 14 7
o 15 22
o 16 10
o 17 25
o 18 27
o 19 29
o 20 31
o 21 12
o 22 14
o 23 36
o 24 38
o 25 40
o 26 42
o 27 16
o 28 45
o 29 47
o 30 17
o 31 21
o 32 18
o 35 20
o 36 24
o 40 23
o 44 26
o 47 28
o 48 32
+ 1 22
+ 1 23
+ 1 26
+ 1 27
+ 1 28
+ 1 29
+ 1 30
+ 1 33
+ 1 34
+ 1 37
+ 1 38
+ 1 39
+ 1 40
+ 1 43
+ 5 48
+ 7 47
+ 11 45
+ 11 46
+ 14 44
+ 15 46
+ 20 44
+ 22 45
+ 23 43
+ 25 44
+ 46 25
+ 46 26
+ 48 26
x 33 30
x 34 33
x 37 34
x 38 35
x 39 37
x 41 39
x 42 41
x 43 43
x 45 44
x 46 46

Case #6: 239 163
o 1 1
o 2 3
o 3 5
o 4 2
o 5 4
o 6 9
o 7 11
o 8 13
o 9 15
o 10 6
o 11 8
o 12 19
o 13 7
o 14 22
o 15 10
o 16 25
o 17 27
o 18 29
o 19 31
o 20 12
o 21 14
o 22 35
o 23 37
o 24 39
o 25 41
o 26 16
o 27 18
o 28 45
o 29 17
o 30 48
o 31 20
o 32 51
o 33 53
o 34 21
o 35 56
o 36 58
o 37 60
o 38 23
o 39 63
o 40 24
o 41 66
o 42 28
o 43 26
o 44 70
o 45 72
o 46 74
o 47 76
o 48 78
o 49 30
o 50 32
o 51 82
o 52 84
o 53 86
o 54 33
o 55 89
o 56 34
o 57 92
o 58 38
o 59 36
o 60 96
o 61 98
o 62 100
o 64 40
o 67 42
o 69 43
o 71 44
o 75 46
o 77 47
o 78 50
o 80 49
o 85 52
o 86 54
o 90 55
o 91 57
o 95 59
o 99 61
+ 1 42
+ 1 47
+ 1 48
+ 1 51
+ 1 52
+ 1 53
+ 1 55
+ 1 57
+ 1 58
+ 1 61
+ 1 64
+ 1 66
+ 1 67
+ 1 70
+ 1 71
+ 1 73
+ 1 74
+ 1 75
+ 1 76
+ 1 79
+ 1 80
+ 1 83
+ 1 84
+ 1 87
+ 1 88
+ 1 91
+ 1 92
+ 1 97
+ 1 98
+ 1 99
+ 1 100
+ 4 99
+ 6 99
+ 6 100
+ 8 100
+ 11 99
+ 11 100
+ 14 99
+ 16 100
+ 19 99
+ 19 100
+ 23 99
+ 27 98
+ 30 97
+ 31 99
+ 34 98
+ 35 96
+ 36 98
+ 38 1
+ 38 97
+ 40 98
+ 43 98
+ 45 98
+ 47 95
+ 49 98
+ 51 95
+ 53 98
+ 54 96
+ 55 98
+ 56 96
+ 58 97
+ 98 59
+ 99 59
x 63 62
x 65 64
x 66 65
x 68 67
x 70 68
x 72 69
x 73 71
x 74 73
x 76 75
x 79 77
x 81 79
x 82 80
x 83 81
x 84 83
x 87 85
x 88 87
x 89 88
x 92 90
x 93 91
x 94 93
x 96 94
x 97 95
x 98 97
x 100 99

Case #7: 240 161
o 1 1
o 2 3
o 3 6
o 4 2
o 5 9
o 6 5
o 7 12
o 8 4
o 9 15
o 10 7
o 11 18
o 12 20
o 13 8
o 14 23
o 15 26
o 16 10
o 17 27
o 18 30
o 19 11
o 20 13
o 21 34
o 22 36
o 23 38
o 24 14
o 25 41
o 26 17
o 27 44
o 28 46
o 29 16
o 30 19
o 31 50
o 32 52
o 33 21
o 34 55
o 35 57
o 36 59
o 37 22
o 38 24
o 39 63
o 40 65
o 41 67
o 42 25
o 43 70
o 44 28
o 45 73
o 46 75
o 47 29
o 48 78
o 49 80
o 50 82
o 51 31
o 52 33
o 53 86
o 54 32
o 55 89
o 56 35
o 57 92
o 58 94
o 59 96
o 60 37
o 61 100
o 64 39
o 66 40
o 67 43
o 69 42
o 74 45
o 75 47
o 79 48
o 81 49
o 83 53
o 84 51
o 88 54
o 91 56
o 95 58
o 96 60
o 99 61
+ 1 41
+ 1 45
+ 1 46
+ 1 49
+ 1 50
+ 1 51
+ 1 52
+ 1 55
+ 1 56
+ 1 59
+ 1 62
+ 1 63
+ 1 64
+ 1 67
+ 1 68
+ 1 69
+ 1 74
+ 1 76
+ 1 77
+ 1 78
+ 1 79
+ 1 82
+ 1 86
+ 1 87
+ 1 89
+ 1 92
+ 1 93
+ 1 95
+ 1 97
+ 1 98
+ 1 99
+ 1 100
+ 7 97
+ 7 100
+ 10 99
+ 14 98
+ 16 98
+ 16 99
+ 18 98
+ 19 98
+ 23 97
+ 26 98
+ 27 96
+ 29 99
+ 30 95
+ 35 99
+ 36 95
+ 38 95
+ 39 99
+ 42 95
+ 42 98
+ 47 94
+ 47 99
+ 50 93
+ 51 97
+ 52 93
+ 54 96
+ 95 56
+ 97 57
+ 99 58
+ 100 58
x 62 62
x 63 64
x 65 66
x 68 68
x 70 69
x 71 71
x 72 72
x 73 74
x 76 76
x 77 77
x 78 79
x 80 81
x 82 83
x 85 84
x 86 85
x 87 87
x 89 88
x 90 90
x 92 91
x 93 93
x 94 95
x 97 97
x 98 98
x 100 99

Case #8: 95 63
o 1 4
o 2 1
o 3 3
o 4 5
o 5 2
o 6 8
o 7 11
o 8 13
o 9 7
o 10 16
o 11 6
o 12 19
o 13 9
o 14 22
o 15 24
o 16 26
o 17 10
o 18 12
o 19 30
o 20 32
o 21 34
o 22 36
o 23 14
o 24 39
o 25 15
o 26 18
o 28 17
o 33 20
o 35 21
o 37 25
o 38 23
+ 1 18
+ 1 19
+ 1 22
+ 1 23
+ 1 24
+ 1 27
+ 1 28
+ 1 32
+ 1 33
+ 1 34
+ 1 37
+ 1 40
+ 3 40
+ 6 40
+ 9 38
+ 10 38
+ 13 37
+ 13 38
+ 17 37
+ 19 38
+ 22 38
+ 38 21
+ 40 24
x 27 27
x 29 28
x 30 29
x 31 31
x 32 33
x 34 35
x 36 37
x 39 38
x 40 40

Case #9: 239 163
o 1 1
o 2 3
o 3 5
o 4 2
o 5 4
o 6 9
o 7 11
o 8 13
o 9 15
o 10 6
o 11 8
o 12 19
o 13 7
o 14 22
o 15 10
o 16 25
o 17 27
o 18 29
o 19 31
o 20 12
o 21 14
o 22 35
o 23 37
o 24 39
o 25 41
o 26 16
o 27 18
o 28 45
o 29 17
o 30 48
o 31 20
o 32 51
o 33 53
o 34 21
o 35 56
o 36 58
o 37 60
o 38 23
o 39 63
o 40 24
o 41 66
o 42 28
o 43 26
o 44 70
o 45 72
o 46 74
o 47 76
o 48 78
o 49 30
o 50 32
o 51 82
o 52 84
o 53 86
o 54 33
o 55 89
o 56 34
o 57 92
o 58 38
o 59 36
o 60 96
o 61 98
o 62 100
o 64 40
o 67 42
o 69 43
o 71 44
o 75 46
o 77 47
o 78 50
o 80 49
o 85 52
o 86 54
o 90 55
o 91 57
o 95 59
o 99 61
+ 1 42
+ 1 47
+ 1 48
+ 1 51
+ 1 52
+ 1 53
+ 1 55
+ 1 57
+ 1 58
+ 1 61
+ 1 64
+ 1 66
+ 1 67
+ 1 70
+ 1 71
+ 1 73
+ 1 74
+ 1 75
+ 1 76
+ 1 79
+ 1 80
+ 1 83
+ 1 84
+ 1 87
+ 1 88
+ 1 91
+ 1 92
+ 1 97
+ 1 98
+ 1 99
+ 1 100
+ 4 99
+ 6 99
+ 6 100
+ 8 100
+ 11 99
+ 11 100
+ 14 99
+ 16 100
+ 19 99
+ 19 100
+ 23 99
+ 27 98
+ 30 97
+ 31 99
+ 34 98
+ 35 96
+ 36 98
+ 38 1
+ 38 97
+ 40 98
+ 43 98
+ 45 98
+ 47 95
+ 49 98
+ 51 95
+ 53 98
+ 54 96
+ 55 98
+ 56 96
+ 58 97
+ 98 59
+ 99 59
x 63 62
x 65 64
x 66 65
x 68 67
x 70 68
x 72 69
x 73 71
x 74 73
x 76 75
x 79 77
x 81 79
x 82 80
x 83 81
x 84 83
x 87 85
x 88 87
x 89 88
x 92 90
x 93 91
x 94 93
x 96 94
x 97 95
x 98 97
x 100 99

Case #10: 240 164
o 1 1
o 2 4
o 3 7
o 4 3
o 5 6
o 6 2
o 7 5
o 8 13
o 9 15
o 10 17
o 11 8
o 12 20
o 13 22
o 14 9
o 15 25
o 16 10
o 17 28
o 18 11
o 19 31
o 20 33
o 21 12
o 22 14
o 23 37
o 24 39
o 25 41
o 26 16
o 27 44
o 28 46
o 29 18
o 30 49
o 31 51
o 32 19
o 33 21
o 34 55
o 35 57
o 36 59
o 37 61
o 38 23
o 39 64
o 40 24
o 41 27
o 42 68
o 43 26
o 44 71
o 45 73
o 46 75
o 47 29
o 48 78
o 49 80
o 50 30
o 51 32
o 52 84
o 53 86
o 54 88
o 55 90
o 56 34
o 57 36
o 58 94
o 59 35
o 60 97
o 61 38
o 62 100
o 65 40
o 69 42
o 71 43
o 73 47
o 74 45
o 79 48
o 80 50
o 85 52
o 86 54
o 88 53
o 90 56
o 95 58
o 96 60
+ 1 40
+ 1 42
+ 1 43
+ 1 45
+ 1 47
+ 1 48
+ 1 51
+ 1 54
+ 1 55
+ 1 56
+ 1 57
+ 1 58
+ 1 61
+ 1 64
+ 1 66
+ 1 69
+ 1 71
+ 1 72
+ 1 74
+ 1 76
+ 1 77
+ 1 80
+ 1 83
+ 1 84
+ 1 85
+ 1 86
+ 1 87
+ 1 90
+ 1 95
+ 1 96
+ 1 99
+ 1 100
+ 3 99
+ 6 98
+ 7 100
+ 8 98
+ 9 100
+ 10 98
+ 13 100
+ 16 96
+ 18 99
+ 19 97
+ 23 100
+ 24 98
+ 26 98
+ 28 97
+ 31 97
+ 32 99
+ 34 98
+ 36 97
+ 36 98
+ 38 97
+ 40 98
+ 46 97
+ 46 98
+ 49 98
+ 50 98
+ 52 97
+ 54 97
+ 55 95
+ 96 58
+ 97 58
+ 99 59
+ 100 59
x 63 62
x 64 63
x 66 65
x 67 66
x 68 67
x 70 69
x 72 70
x 75 72
x 76 74
x 77 76
x 78 77
x 81 79
x 82 81
x 83 82
x 84 83
x 87 85
x 89 87
x 91 89
x 92 91
x 93 92
x 94 93
x 97 95
x 98 96
x 99 98
x 100 99

Case #11: 83 53
o 2 1
o 3 3
o 4 5
o 5 2
o 6 4
o 7 9
o 8 11
o 9 13
o 10 15
o 11 6
o 12 8
o 13 19
o 14 21
o 15 23
o 16 7
o 17 10
o 18 12
o 19 28
o 20 30
o 21 33
o 22 14
o 26 16
o 28 17
o 30 18
o 35 22
+ 1 23
+ 1 25
+ 1 27
+ 1 28
+ 1 30
+ 1 32
+ 1 33
+ 2 35
+ 5 35
+ 7 32
+ 9 32
+ 11 32
+ 12 32
+ 14 32
+ 16 33
+ 18 33
+ 19 33
+ 34 19
+ 35 21
x 23 24
x 24 25
x 25 26
x 27 27
x 29 29
x 31 31
x 32 32
x 33 34
x 34 35

Case #12: 2 1
o 1 1

Case #13: 229 154
o 1 79
o 2 1
o 3 3
o 4 5
o 5 2
o 6 4
o 7 9
o 8 11
o 9 13
o 10 15
o 11 6
o 12 8
o 13 19
o 14 7
o 15 22
o 16 10
o 17 25
o 18 27
o 19 29
o 20 31
o 21 12
o 22 14
o 23 35
o 24 37
o 25 39
o 26 41
o 27 16
o 28 18
o 29 45
o 30 17
o 31 48
o 32 20
o 33 51
o 34 53
o 35 21
o 36 56
o 37 58
o 38 60
o 39 23
o 40 63
o 41 24
o 42 66
o 43 28
o 44 26
o 45 70
o 46 72
o 47 74
o 48 76
o 49 78
o 50 80
o 51 30
o 52 33
o 53 84
o 54 32
o 55 87
o 56 89
o 57 34
o 58 38
o 59 93
o 60 95
o 61 36
o 64 40
o 68 42
o 70 43
o 72 44
o 76 46
o 78 47
o 79 50
o 82 49
o 84 52
o 89 54
o 91 55
o 94 57
o 95 61
+ 1 37
+ 1 38
+ 1 39
+ 1 40
+ 1 48
+ 1 49
+ 1 52
+ 1 53
+ 1 54
+ 1 56
+ 1 58
+ 1 59
+ 1 62
+ 1 65
+ 1 67
+ 1 68
+ 1 71
+ 1 72
+ 1 74
+ 1 75
+ 1 76
+ 1 77
+ 1 81
+ 1 82
+ 1 87
+ 1 88
+ 1 89
+ 1 92
+ 1 93
+ 5 94
+ 5 95
+ 8 93
+ 9 93
+ 11 94
+ 12 94
+ 14 93
+ 16 93
+ 20 92
+ 21 90
+ 23 91
+ 26 91
+ 28 91
+ 29 91
+ 32 91
+ 33 93
+ 36 92
+ 39 93
+ 42 91
+ 42 92
+ 45 90
+ 46 92
+ 48 91
+ 48 92
+ 50 91
+ 52 92
+ 93 54
+ 93 55
+ 95 54
+ 95 55
x 62 59
x 63 62
x 65 64
x 66 65
x 67 67
x 69 68
x 71 69
x 73 71
x 74 73
x 75 75
x 77 77
x 80 81
x 81 82
x 83 83
x 85 85
x 86 86
x 87 88
x 88 90
x 90 91
x 92 92
x 93 94

Case #14: 2 1
o 1 1

Case #15: 171 116
o 1 12
o 2 1
o 3 3
o 4 5
o 5 2
o 6 4
o 7 9
o 8 11
o 9 13
o 10 15
o 11 6
o 12 8
o 13 19
o 14 7
o 15 22
o 16 10
o 17 25
o 18 27
o 19 29
o 20 32
o 21 34
o 22 14
o 23 37
o 24 39
o 25 16
o 26 42
o 27 17
o 28 45
o 29 18
o 30 48
o 31 50
o 32 52
o 33 20
o 34 55
o 35 21
o 36 59
o 37 61
o 38 23
o 39 64
o 40 24
o 41 67
o 42 30
o 43 26
o 44 71
o 46 28
o 51 31
o 52 33
o 56 35
o 58 36
o 61 38
o 64 40
o 66 41
o 69 43
+ 1 29
+ 1 30
+ 1 32
+ 1 33
+ 1 34
+ 1 37
+ 1 38
+ 1 39
+ 1 42
+ 1 45
+ 1 48
+ 1 49
+ 1 50
+ 1 53
+ 1 56
+ 1 57
+ 1 58
+ 1 61
+ 1 64
+ 1 65
+ 1 69
+ 1 70
+ 4 71
+ 5 71
+ 8 69
+ 9 71
+ 10 69
+ 15 68
+ 16 70
+ 18 69
+ 19 69
+ 22 68
+ 24 69
+ 25 67
+ 27 70
+ 28 1
+ 28 68
+ 31 70
+ 33 67
+ 35 70
+ 36 66
+ 67 39
+ 69 40
+ 70 40
+ 71 40
x 45 44
x 47 46
x 48 47
x 49 49
x 50 51
x 53 53
x 54 54
x 55 56
x 57 57
x 59 58
x 60 60
x 62 62
x 63 63
x 65 65
x 67 66
x 68 68
x 70 69
x 71 70

Case #16: 49 31
o 2 1
o 3 3
o 4 6
o 5 2
o 6 7
o 7 10
o 8 12
o 9 5
o 10 8
o 11 16
o 12 4
o 13 19
o 14 9
o 20 13
+ 1 10
+ 1 18
+ 1 20
+ 2 20
+ 4 20
+ 5 20
+ 6 20
+ 7 1
+ 8 20
+ 9 20
+ 11 19
+ 20 11
x 15 14
x 16 15
x 17 17
x 18 18
x 19 20

Case #17: 240 161
o 1 42
o 2 2
o 3 5
o 4 1
o 5 4
o 6 9
o 7 3
o 8 6
o 9 13
o 10 15
o 11 17
o 12 7
o 13 20
o 14 22
o 15 8
o 16 10
o 17 27
o 18 29
o 19 11
o 20 32
o 21 30
o 22 12
o 23 14
o 24 37
o 25 39
o 26 41
o 27 44
o 28 47
o 29 16
o 30 18
o 31 49
o 32 21
o 33 53
o 34 55
o 35 19
o 36 58
o 37 23
o 38 61
o 39 24
o 40 64
o 41 66
o 42 68
o 43 25
o 44 71
o 45 28
o 46 26
o 47 75
o 48 77
o 49 79
o 50 31
o 51 82
o 52 84
o 53 86
o 54 33
o 55 89
o 56 34
o 57 92
o 58 35
o 59 95
o 60 36
o 61 98
o 62 100
o 63 38
o 66 40
o 70 43
o 73 45
o 75 46
o 78 48
o 81 50
o 83 51
o 85 52
o 88 54
o 91 56
o 93 57
o 96 59
o 98 60
+ 1 40
+ 1 41
+ 1 45
+ 1 48
+ 1 49
+ 1 54
+ 1 55
+ 1 56
+ 1 57
+ 1 58
+ 1 61
+ 1 64
+ 1 65
+ 1 68
+ 1 69
+ 1 75
+ 1 76
+ 1 77
+ 1 78
+ 1 81
+ 1 82
+ 1 83
+ 1 84
+ 1 87
+ 1 90
+ 1 91
+ 1 94
+ 1 96
+ 1 97
+ 1 99
+ 3 100
+ 4 98
+ 7 98
+ 8 100
+ 11 98
+ 12 100
+ 13 98
+ 15 99
+ 19 97
+ 19 98
+ 23 96
+ 25 95
+ 26 97
+ 29 95
+ 29 98
+ 32 97
+ 34 96
+ 37 95
+ 37 98
+ 41 100
+ 43 95
+ 45 95
+ 46 97
+ 48 97
+ 50 96
+ 53 95
+ 53 98
+ 55 98
+ 96 56
+ 98 59
+ 99 57
x 64 62
x 65 63
x 67 65
x 68 67
x 69 69
x 71 70
x 72 72
x 74 73
x 76 74
x 77 76
x 79 78
x 80 80
x 82 81
x 84 83
x 86 85
x 87 87
x 89 88
x 90 90
x 92 91
x 94 93
x 95 94
x 97 96
x 99 97
x 100 99

Case #18: 256 114
o 52 50
o 53 52
o 54 49
o 55 51
o 56 48
o 57 54
o 59 53
o 60 47
o 62 46
o 63 56
o 64 45
o 65 55
o 66 44
o 67 58
o 69 57
o 70 43
o 71 60
o 72 42
o 73 59
o 74 41
o 76 40
o 77 62
o 78 39
o 79 61
o 80 38
o 81 64
o 83 63
o 84 37
o 86 36
o 87 66
o 88 35
o 89 65
o 90 34
o 91 68
o 93 67
o 94 33
o 95 70
o 96 32
o 97 69
o 98 31
o 100 30
+ 81 52
+ 83 51
+ 83 52
+ 85 51
+ 86 51
+ 88 50
+ 89 52
+ 91 51
+ 92 51
+ 94 50
+ 95 52
+ 97 51
+ 97 52
+ 99 51
+ 100 51
x 2 1
x 3 3
x 4 4
x 5 5
x 6 6
x 7 7
x 8 8
x 9 9
x 10 10
x 11 11
x 12 12
x 13 13
x 14 14
x 15 15
x 16 16
x 17 17
x 18 18
x 19 19
x 20 20
x 21 21
x 22 22
x 23 23
x 24 24
x 25 25
x 26 26
x 27 27
x 28 28
x 29 29
x 30 71
x 31 72
x 32 73
x 33 74
x 34 75
x 35 76
x 36 77
x 37 78
x 38 79
x 39 80
x 40 81
x 41 82
x 42 83
x 43 84
x 44 85
x 45 86
x 46 87
x 47 88
x 48 89
x 49 90
x 50 91
x 51 92
x 58 93
x 61 94
x 68 95
x 75 96
x 82 97
x 85 98
x 92 99
x 99 100

Case #19: 26 14
o 1 5
o 2 1
o 3 4
o 4 7
o 5 10
o 6 6
o 7 9
o 10 3
o 11 8
+ 3 1
+ 9 5
+ 11 6
x 8 2
x 9 11

Case #20: 170 114
o 2 1
o 3 3
o 4 5
o 5 2
o 6 4
o 7 9
o 8 11
o 9 13
o 10 15
o 11 6
o 12 8
o 13 19
o 14 7
o 15 22
o 16 10
o 17 25
o 18 27
o 19 29
o 20 31
o 21 12
o 22 14
o 23 35
o 24 37
o 25 39
o 26 41
o 27 16
o 28 18
o 29 45
o 30 17
o 31 48
o 32 20
o 33 51
o 34 53
o 35 21
o 36 56
o 37 58
o 38 60
o 39 23
o 40 63
o 41 65
o 42 24
o 43 26
o 44 69
o 45 30
o 48 28
o 51 32
o 55 33
o 57 34
o 59 38
o 60 36
o 65 40
o 68 42
o 71 43
+ 1 27
+ 1 28
+ 1 29
+ 1 30
+ 1 33
+ 1 34
+ 1 37
+ 1 38
+ 1 39
+ 1 40
+ 1 43
+ 1 48
+ 1 49
+ 1 52
+ 1 53
+ 1 54
+ 1 56
+ 1 58
+ 1 59
+ 1 67
+ 1 69
+ 1 70
+ 1 71
+ 3 70
+ 6 71
+ 7 71
+ 9 71
+ 11 70
+ 11 71
+ 15 71
+ 18 67
+ 20 70
+ 22 67
+ 24 70
+ 25 68
+ 29 70
+ 30 70
+ 33 68
+ 34 68
+ 37 67
+ 38 69
+ 68 41
+ 69 39
+ 70 41
x 46 44
x 47 46
x 49 47
x 50 49
x 52 50
x 53 52
x 54 54
x 56 55
x 58 57
x 61 59
x 62 61
x 63 64
x 64 66
x 66 67
x 67 68
x 69 70
x 70 71

Case #21: 97 64
o 2 4
o 3 1
o 4 3
o 5 5
o 6 9
o 7 11
o 8 13
o 9 15
o 10 6
o 11 8
o 12 19
o 13 7
o 14 22
o 15 10
o 16 25
o 17 27
o 18 29
o 19 31
o 20 12
o 21 14
o 22 35
o 23 37
o 24 39
o 25 41
o 26 16
o 27 18
o 29 17
o 31 20
o 34 21
o 38 23
o 40 24
+ 1 21
+ 1 22
+ 1 25
+ 1 26
+ 1 27
+ 1 28
+ 1 29
+ 1 32
+ 1 33
+ 1 36
+ 1 37
+ 1 38
+ 1 39
+ 2 41
+ 7 41
+ 8 41
+ 11 41
+ 12 41
+ 16 38
+ 18 41
+ 19 37
+ 24 41
+ 36 22
+ 40 22
x 28 26
x 30 28
x 32 30
x 33 32
x 35 33
x 36 34
x 37 36
x 39 38
x 41 40

Case #22: 182 120
o 2 1
o 3 3
o 4 5
o 5 2
o 6 4
o 7 9
o 8 11
o 9 13
o 10 15
o 11 6
o 12 8
o 13 20
o 14 7
o 15 21
o 16 10
o 17 25
o 18 27
o 19 29
o 20 31
o 21 33
o 22 12
o 23 14
o 24 16
o 25 38
o 26 40
o 27 42
o 28 44
o 29 17
o 30 19
o 31 48
o 32 18
o 33 51
o 34 53
o 35 22
o 36 56
o 37 58
o 38 23
o 39 61
o 40 24
o 41 64
o 42 66
o 43 68
o 44 26
o 45 28
o 46 72
o 47 74
o 48 76
o 50 30
o 51 32
o 55 34
o 58 35
o 59 37
o 61 36
o 63 39
o 68 41
o 69 43
o 74 45
o 75 47
+ 1 30
+ 1 34
+ 1 37
+ 1 38
+ 1 40
+ 1 42
+ 1 43
+ 1 46
+ 1 51
+ 1 52
+ 1 54
+ 1 57
+ 1 59
+ 1 61
+ 1 64
+ 1 66
+ 1 67
+ 1 70
+ 1 73
+ 1 74
+ 1 75
+ 1 76
+ 4 74
+ 5 76
+ 7 75
+ 9 76
+ 11 75
+ 13 75
+ 15 76
+ 19 71
+ 23 71
+ 25 74
+ 26 72
+ 27 74
+ 30 73
+ 30 74
+ 33 73
+ 36 71
+ 36 74
+ 40 74
+ 41 72
+ 42 74
+ 73 42
+ 75 42
+ 75 45
x 49 46
x 52 49
x 53 50
x 54 52
x 56 54
x 57 57
x 60 59
x 62 60
x 64 62
x 65 63
x 66 65
x 67 67
x 70 69
x 71 70
x 72 71
x 73 73
x 76 75

Case #23: 141 95
o 1 46
o 2 1
o 3 3
o 4 5
o 5 2
o 6 4
o 7 9
o 8 11
o 9 13
o 10 15
o 11 6
o 12 8
o 13 19
o 14 7
o 15 22
o 16 10
o 17 25
o 18 27
o 19 29
o 20 31
o 21 12
o 22 14
o 23 35
o 24 37
o 25 39
o 26 41
o 27 16
o 28 18
o 29 45
o 30 47
o 31 49
o 32 17
o 33 20
o 34 53
o 35 21
o 36 24
o 37 57
o 38 59
o 39 23
o 43 26
o 47 28
o 48 30
o 52 32
o 55 33
o 57 34
+ 1 23
+ 1 26
+ 1 27
+ 1 28
+ 1 29
+ 1 30
+ 1 33
+ 1 34
+ 1 37
+ 1 38
+ 1 39
+ 1 40
+ 1 43
+ 1 49
+ 1 51
+ 1 54
+ 1 56
+ 1 58
+ 6 57
+ 8 57
+ 10 56
+ 12 56
+ 12 59
+ 15 55
+ 15 58
+ 19 53
+ 22 1
+ 22 57
+ 23 53
+ 25 56
+ 29 53
+ 30 53
+ 55 30
+ 55 31
+ 58 31
+ 58 32
x 40 36
x 41 38
x 42 40
x 44 42
x 45 43
x 46 44
x 49 48
x 50 50
x 51 51
x 53 52
x 54 54
x 56 55
x 58 56
x 59 58

Case #24: 152 100
o 2 1
o 3 3
o 4 5
o 5 2
o 6 4
o 7 9
o 8 11
o 9 13
o 10 15
o 11 7
o 12 18
o 13 8
o 14 6
o 15 22
o 16 10
o 17 25
o 18 27
o 19 29
o 20 31
o 21 12
o 22 34
o 23 36
o 24 14
o 25 39
o 26 42
o 27 16
o 28 21
o 29 17
o 30 47
o 31 49
o 32 51
o 33 19
o 34 54
o 35 20
o 36 57
o 37 24
o 38 60
o 39 23
o 40 63
o 43 26
o 46 28
o 49 30
o 52 32
o 54 33
o 57 35
o 60 37
o 62 38
+ 1 26
+ 1 27
+ 1 28
+ 1 31
+ 1 33
+ 1 34
+ 1 35
+ 1 39
+ 1 40
+ 1 43
+ 1 46
+ 1 49
+ 1 52
+ 1 56
+ 1 57
+ 1 59
+ 1 62
+ 3 62
+ 3 63
+ 5 62
+ 8 62
+ 9 62
+ 11 61
+ 12 61
+ 14 61
+ 15 61
+ 17 61
+ 19 62
+ 21 61
+ 22 63
+ 25 61
+ 27 62
+ 30 61
+ 31 59
+ 35 59
+ 60 35
+ 61 35
+ 63 36
x 41 40
x 42 41
x 44 43
x 45 44
x 47 45
x 48 46
x 50 48
x 51 50
x 53 52
x 55 55
x 56 56
x 58 58
x 59 59
x 61 61
x 63 62

Case #25: 240 161
o 1 71
o 2 1
o 3 4
o 4 2
o 5 7
o 6 3
o 7 10
o 8 12
o 9 5
o 10 15
o 11 17
o 12 6
o 13 8
o 14 21
o 15 23
o 16 26
o 17 9
o 18 11
o 19 30
o 20 32
o 21 34
o 22 36
o 23 13
o 24 39
o 25 14
o 26 42
o 27 18
o 28 16
o 29 46
o 30 48
o 31 50
o 32 19
o 33 53
o 34 20
o 35 56
o 36 58
o 37 22
o 38 61
o 39 63
o 40 24
o 41 66
o 42 25
o 43 69
o 44 72
o 45 74
o 46 27
o 47 29
o 48 75
o 49 28
o 50 80
o 51 31
o 52 83
o 53 85
o 54 87
o 55 33
o 56 90
o 57 92
o 58 35
o 59 95
o 60 97
o 61 37
o 62 100
o 63 38
o 66 40
o 68 41
o 71 43
o 73 44
o 75 45
o 78 47
o 82 49
o 83 51
o 87 52
o 88 54
o 92 55
o 93 57
o 97 59
o 99 60
+ 1 40
+ 1 42
+ 1 45
+ 1 46
+ 1 47
+ 1 49
+ 1 52
+ 1 55
+ 1 56
+ 1 59
+ 1 60
+ 1 61
+ 1 64
+ 1 65
+ 1 68
+ 1 69
+ 1 70
+ 1 73
+ 1 78
+ 1 79
+ 1 82
+ 1 83
+ 1 84
+ 1 86
+ 1 88
+ 1 89
+ 1 91
+ 1 94
+ 1 95
+ 1 96
+ 1 99
+ 3 100
+ 4 100
+ 7 98
+ 8 100
+ 11 100
+ 12 98
+ 17 96
+ 19 99
+ 20 95
+ 23 99
+ 24 97
+ 25 99
+ 28 99
+ 30 96
+ 32 97
+ 33 95
+ 36 97
+ 38 94
+ 40 97
+ 42 94
+ 45 95
+ 45 98
+ 48 97
+ 51 93
+ 52 99
+ 54 94
+ 55 98
+ 96 56
+ 98 57
+ 100 58
x 64 62
x 65 64
x 67 65
x 69 67
x 70 68
x 72 70
x 74 73
x 76 76
x 77 77
x 79 78
x 80 79
x 81 81
x 84 82
x 85 84
x 86 86
x 89 88
x 90 89
x 91 91
x 94 93
x 95 94
x 96 96
x 98 98
x 100 99

Case #26: 93 61
o 2 3
o 3 5
o 4 2
o 5 4
o 6 9
o 7 11
o 8 13
o 9 15
o 10 6
o 11 8
o 12 19
o 13 7
o 14 23
o 15 10
o 16 24
o 17 27
o 18 29
o 19 31
o 20 12
o 21 14
o 22 35
o 23 37
o 24 39
o 25 16
o 28 17
o 30 18
o 31 21
o 33 20
o 36 22
+ 1 21
+ 1 22
+ 1 25
+ 1 26
+ 1 27
+ 1 28
+ 1 29
+ 1 32
+ 1 33
+ 1 37
+ 1 38
+ 4 39
+ 6 36
+ 10 39
+ 12 34
+ 14 37
+ 16 1
+ 18 36
+ 18 37
+ 20 36
+ 21 38
+ 39 22
+ 39 23
x 26 25
x 27 26
x 29 28
x 32 30
x 34 32
x 35 33
x 37 34
x 38 36
x 39 38

Case #27: 223 150
o 1 83
o 2 1
o 3 3
o 4 5
o 5 2
o 6 4
o 7 9
o 8 11
o 9 13
o 10 15
o 11 6
o 12 8
o 13 19
o 14 7
o 15 22
o 16 10
o 17 25
o 18 27
o 19 29
o 20 31
o 21 12
o 22 14
o 23 35
o 24 37
o 25 39
o 26 41
o 27 16
o 28 18
o 29 45
o 30 47
o 31 49
o 32 17
o 33 20
o 34 53
o 35 21
o 36 24
o 37 57
o 38 59
o 39 23
o 40 62
o 41 64
o 42 66
o 43 26
o 44 69
o 45 71
o 46 73
o 47 28
o 48 30
o 49 77
o 50 79
o 51 81
o 52 84
o 53 32
o 54 34
o 55 86
o 56 33
o 57 90
o 58 92
o 60 36
o 63 38
o 64 42
o 67 40
o 69 43
o 73 44
o 74 46
o 79 48
o 80 50
o 83 51
o 85 52
o 88 54
o 90 55
o 92 56
+ 1 37
+ 1 38
+ 1 39
+ 1 40
+ 1 43
+ 1 49
+ 1 51
+ 1 53
+ 1 54
+ 1 56
+ 1 58
+ 1 62
+ 1 64
+ 1 65
+ 1 67
+ 1 69
+ 1 70
+ 1 71
+ 1 72
+ 1 75
+ 1 78
+ 1 80
+ 1 81
+ 1 82
+ 1 85
+ 1 89
+ 1 90
+ 1 91
+ 1 92
+ 4 91
+ 6 92
+ 7 92
+ 10 93
+ 11 89
+ 14 90
+ 17 92
+ 19 91
+ 19 92
+ 24 91
+ 26 88
+ 28 93
+ 29 89
+ 32 90
+ 32 91
+ 34 90
+ 37 88
+ 37 91
+ 41 90
+ 43 90
+ 46 89
+ 46 92
+ 48 92
+ 49 90
+ 52 92
+ 54 89
+ 92 54
+ 93 56
x 59 58
x 61 60
x 62 61
x 65 63
x 66 65
x 68 67
x 70 68
x 71 70
x 72 72
x 75 74
x 76 75
x 77 76
x 78 78
x 81 80
x 82 82
x 84 85
x 86 87
x 87 88
x 89 89
x 91 91
x 93 93

Case #28: 177 115
o 2 1
o 3 4
o 4 2
o 5 7
o 6 3
o 7 10
o 8 12
o 9 5
o 10 15
o 11 18
o 12 6
o 13 8
o 14 20
o 15 23
o 16 25
o 17 9
o 18 28
o 19 30
o 20 11
o 21 14
o 22 34
o 23 13
o 24 37
o 25 39
o 26 41
o 27 16
o 28 44
o 29 46
o 30 17
o 31 19
o 32 50
o 33 52
o 34 54
o 35 56
o 36 21
o 37 59
o 38 22
o 39 62
o 40 26
o 41 24
o 42 66
o 43 68
o 44 71
o 45 73
o 46 27
o 47 29
o 52 31
o 53 33
o 55 32
o 57 35
o 61 36
o 62 38
o 66 40
o 70 42
o 72 45
o 73 43
+ 1 31
+ 1 32
+ 1 36
+ 1 38
+ 1 39
+ 1 41
+ 1 43
+ 1 47
+ 1 50
+ 1 51
+ 1 52
+ 1 53
+ 1 58
+ 1 61
+ 1 62
+ 1 67
+ 1 68
+ 1 69
+ 1 70
+ 1 73
+ 3 74
+ 4 74
+ 7 72
+ 8 72
+ 9 72
+ 11 73
+ 15 74
+ 16 74
+ 19 74
+ 20 74
+ 24 71
+ 25 73
+ 27 72
+ 29 73
+ 31 72
+ 33 72
+ 34 70
+ 37 70
+ 38 72
+ 40 69
+ 41 73
+ 71 42
x 48 47
x 49 48
x 50 49
x 51 51
x 54 53
x 56 55
x 58 58
x 59 60
x 60 61
x 63 63
x 64 64
x 65 65
x 67 67
x 68 69
x 69 70
x 71 72
x 74 74

Case #29: 241 161
o 1 1
o 2 4
o 3 7
o 4 3
o 5 6
o 6 2
o 7 5
o 8 13
o 9 15
o 10 17
o 11 8
o 12 20
o 13 22
o 14 9
o 15 26
o 16 10
o 17 27
o 18 11
o 19 31
o 20 34
o 21 12
o 22 14
o 23 38
o 24 40
o 25 43
o 26 16
o 27 44
o 28 47
o 29 18
o 30 51
o 31 53
o 32 19
o 33 56
o 34 58
o 35 21
o 36 24
o 37 62
o 38 64
o 39 23
o 40 25
o 41 68
o 42 70
o 43 72
o 44 74
o 45 28
o 46 77
o 47 29
o 48 80
o 49 30
o 50 83
o 51 85
o 52 87
o 53 32
o 54 90
o 55 33
o 56 93
o 57 37
o 58 35
o 59 98
o 60 36
o 64 39
o 67 41
o 69 42
o 74 45
o 76 46
o 77 49
o 79 48
o 82 50
o 85 52
o 88 54
o 90 55
o 93 57
o 96 59
o 98 60
o 100 61
+ 1 42
+ 1 44
+ 1 45
+ 1 47
+ 1 48
+ 1 51
+ 1 52
+ 1 54
+ 1 56
+ 1 57
+ 1 58
+ 1 62
+ 1 65
+ 1 68
+ 1 69
+ 1 71
+ 1 73
+ 1 76
+ 1 77
+ 1 79
+ 1 81
+ 1 82
+ 1 85
+ 1 86
+ 1 89
+ 1 90
+ 1 94
+ 1 96
+ 1 97
+ 1 99
+ 1 100
+ 5 99
+ 7 98
+ 7 99
+ 10 97
+ 10 100
+ 14 100
+ 15 98
+ 17 99
+ 19 98
+ 22 99
+ 23 97
+ 26 99
+ 29 95
+ 29 100
+ 31 100
+ 34 96
+ 36 99
+ 37 97
+ 40 98
+ 41 100
+ 43 97
+ 47 96
+ 47 99
+ 50 98
+ 51 96
+ 55 97
+ 57 97
+ 96 55
+ 98 55
+ 98 58
x 61 63
x 62 65
x 63 66
x 65 67
x 66 69
x 68 71
x 70 73
x 71 75
x 72 76
x 73 78
x 75 79
x 78 81
x 80 82
x 81 84
x 83 86
x 84 88
x 86 89
x 87 91
x 89 92
x 91 94
x 92 95
x 94 96
x 95 97
x 97 99
x 99 100

Case #30: 242 160
o 1 1
o 2 3
o 3 5
o 4 2
o 5 4
o 6 9
o 7 11
o 8 13
o 9 15
o 10 7
o 11 18
o 12 8
o 13 23
o 14 25
o 15 10
o 16 6
o 17 30
o 18 12
o 19 31
o 20 35
o 21 14
o 22 38
o 23 41
o 24 16
o 25 44
o 26 17
o 27 47
o 28 49
o 29 51
o 30 19
o 31 54
o 32 20
o 33 57
o 34 59
o 35 21
o 36 63
o 37 22
o 38 66
o 39 26
o 40 69
o 41 71
o 42 24
o 43 27
o 44 75
o 45 28
o 46 78
o 47 80
o 48 82
o 49 29
o 50 85
o 51 32
o 52 88
o 53 90
o 54 33
o 55 93
o 56 95
o 57 34
o 58 36
o 59 99
o 61 37
o 64 39
o 66 40
o 69 42
o 71 43
o 75 45
o 77 46
o 79 50
o 80 48
o 85 52
o 88 53
o 89 55
o 93 56
o 94 58
o 99 60
o 100 62
+ 1 43
+ 1 44
+ 1 47
+ 1 50
+ 1 52
+ 1 56
+ 1 57
+ 1 60
+ 1 61
+ 1 62
+ 1 66
+ 1 67
+ 1 70
+ 1 71
+ 1 74
+ 1 75
+ 1 78
+ 1 80
+ 1 81
+ 1 83
+ 1 85
+ 1 87
+ 1 88
+ 1 91
+ 1 94
+ 1 95
+ 1 96
+ 1 99
+ 1 100
+ 3 99
+ 7 98
+ 8 100
+ 9 98
+ 11 99
+ 14 99
+ 16 99
+ 18 99
+ 19 97
+ 21 97
+ 23 98
+ 25 97
+ 27 98
+ 29 97
+ 32 99
+ 34 98
+ 35 98
+ 36 98
+ 39 97
+ 41 1
+ 41 98
+ 42 96
+ 46 96
+ 46 99
+ 49 97
+ 50 97
+ 54 99
+ 57 98
+ 96 54
+ 99 55
+ 99 58
x 60 61
x 62 64
x 63 65
x 65 67
x 67 68
x 68 70
x 70 72
x 72 73
x 73 74
x 74 76
x 76 77
x 78 79
x 81 81
x 82 83
x 83 84
x 84 86
x 86 87
x 87 89
x 90 91
x 91 92
x 92 94
x 95 96
x 96 97
x 97 98
x 98 100

Case #31: 50 34
o 1 5
o 2 1
o 3 4
o 4 6
o 5 3
o 6 9
o 7 2
o 8 13
o 9 15
o 10 7
o 11 11
o 12 8
o 13 20
o 16 10
o 19 12
+ 1 10
+ 1 11
+ 1 12
+ 1 13
+ 1 17
+ 1 18
+ 2 21
+ 5 20
+ 7 20
+ 10 18
+ 19 10
+ 19 11
+ 21 11
x 14 14
x 15 16
x 17 17
x 18 18
x 20 19
x 21 21

Case #32: 255 115
o 1 1
o 51 52
o 52 50
o 54 51
o 55 49
o 56 55
o 57 53
o 58 48
o 59 54
o 60 47
o 62 46
o 63 56
o 64 45
o 65 57
o 67 58
o 68 44
o 70 59
o 71 43
o 72 60
o 73 42
o 75 41
o 76 61
o 77 40
o 78 64
o 79 39
o 80 63
o 82 38
o 83 62
o 84 37
o 85 65
o 86 68
o 87 36
o 89 35
o 90 67
o 91 69
o 92 34
o 93 66
o 94 33
o 95 70
o 96 32
o 97 71
o 99 31
+ 80 51
+ 82 52
+ 83 50
+ 84 52
+ 85 50
+ 87 51
+ 89 50
+ 89 51
+ 91 50
+ 93 51
+ 95 52
+ 96 50
+ 97 52
+ 98 50
+ 100 51
x 2 2
x 3 3
x 4 4
x 5 5
x 6 6
x 7 7
x 8 8
x 9 9
x 10 10
x 11 11
x 12 12
x 13 13
x 14 14
x 15 15
x 16 16
x 17 17
x 18 18
x 19 19
x 20 20
x 21 21
x 22 22
x 23 23
x 24 24
x 25 25
x 26 26
x 27 27
x 28 28
x 29 29
x 30 30
x 31 72
x 32 73
x 33 74
x 34 75
x 35 76
x 36 77
x 37 78
x 38 79
x 39 80
x 40 81
x 41 82
x 42 83
x 43 84
x 44 85
x 45 86
x 46 87
x 47 88
x 48 89
x 49 90
x 50 91
x 53 92
x 61 93
x 66 94
x 69 95
x 74 96
x 81 97
x 88 98
x 98 99
x 100 100

Case #33: 242 163
o 1 1
o 2 4
o 3 7
o 4 3
o 5 6
o 6 11
o 7 2
o 8 5
o 9 16
o 10 8
o 11 19
o 12 21
o 13 9
o 14 24
o 15 26
o 16 10
o 17 29
o 18 31
o 19 12
o 20 34
o 21 13
o 22 37
o 23 14
o 24 40
o 25 15
o 26 43
o 27 45
o 28 17
o 29 48
o 30 18
o 31 51
o 32 53
o 33 20
o 34 57
o 35 59
o 36 22
o 37 62
o 38 23
o 39 65
o 40 67
o 41 25
o 42 70
o 43 72
o 44 27
o 45 75
o 46 28
o 47 78
o 48 80
o 49 30
o 50 83
o 51 85
o 52 32
o 53 88
o 54 33
o 55 91
o 56 93
o 57 35
o 58 96
o 59 36
o 60 99
o 62 38
o 64 39
o 67 41
o 69 42
o 72 44
o 75 46
o 77 47
o 80 49
o 82 50
o 85 52
o 88 54
o 90 55
o 92 56
o 95 58
o 98 60
o 100 61
+ 1 41
+ 1 42
+ 1 43
+ 1 46
+ 1 49
+ 1 50
+ 1 51
+ 1 54
+ 1 55
+ 1 56
+ 1 59
+ 1 61
+ 1 62
+ 1 64
+ 1 66
+ 1 67
+ 1 69
+ 1 72
+ 1 74
+ 1 75
+ 1 77
+ 1 79
+ 1 80
+ 1 82
+ 1 85
+ 1 87
+ 1 88
+ 1 89
+ 1 92
+ 1 95
+ 1 96
+ 1 97
+ 1 100
+ 2 100
+ 6 99
+ 7 99
+ 10 99
+ 10 100
+ 14 99
+ 16 98
+ 17 100
+ 19 99
+ 21 98
+ 24 99
+ 25 97
+ 28 98
+ 29 98
+ 32 99
+ 33 97
+ 36 98
+ 38 97
+ 41 97
+ 41 98
+ 44 96
+ 46 97
+ 49 95
+ 50 97
+ 53 97
+ 54 97
+ 96 56
+ 98 57
+ 99 57
+ 100 57
x 61 63
x 63 64
x 65 66
x 66 68
x 68 69
x 70 71
x 71 73
x 73 74
x 74 76
x 76 77
x 78 79
x 79 81
x 81 82
x 83 84
x 84 86
x 86 87
x 87 89
x 89 90
x 91 92
x 93 94
x 94 95
x 96 97
x 97 98
x 99 100

Case #34: 240 162
o 1 1
o 2 4
o 3 2
o 4 7
o 5 3
o 6 10
o 7 12
o 8 5
o 9 15
o 10 17
o 11 6
o 12 8
o 13 21
o 14 23
o 15 25
o 16 9
o 17 11
o 18 29
o 19 32
o 20 34
o 21 36
o 22 13
o 23 39
o 24 14
o 25 42
o 26 18
o 27 16
o 28 46
o 29 48
o 30 50
o 31 19
o 32 53
o 33 20
o 34 56
o 35 58
o 36 22
o 37 61
o 38 63
o 39 24
o 40 66
o 41 68
o 42 26
o 43 71
o 44 27
o 45 74
o 46 76
o 47 28
o 48 30
o 49 80
o 50 82
o 51 31
o 52 85
o 53 87
o 54 33
o 55 90
o 56 92
o 57 35
o 58 95
o 59 97
o 60 37
o 61 100
o 62 38
o 65 40
o 67 41
o 70 43
o 72 44
o 75 45
o 76 47
o 81 49
o 82 51
o 86 52
o 87 54
o 91 55
o 92 57
o 96 59
o 98 60
+ 1 41
+ 1 44
+ 1 45
+ 1 47
+ 1 48
+ 1 51
+ 1 54
+ 1 55
+ 1 58
+ 1 59
+ 1 60
+ 1 63
+ 1 64
+ 1 65
+ 1 68
+ 1 69
+ 1 71
+ 1 72
+ 1 75
+ 1 78
+ 1 80
+ 1 82
+ 1 83
+ 1 85
+ 1 87
+ 1 88
+ 1 90
+ 1 93
+ 1 94
+ 1 95
+ 1 98
+ 2 100
+ 4 99
+ 4 100
+ 8 99
+ 10 100
+ 12 100
+ 13 98
+ 16 99
+ 19 99
+ 21 96
+ 24 97
+ 24 100
+ 27 99
+ 28 97
+ 31 96
+ 31 97
+ 35 96
+ 37 97
+ 40 1
+ 40 95
+ 40 96
+ 44 95
+ 45 97
+ 47 96
+ 48 96
+ 51 96
+ 54 96
+ 55 96
+ 96 56
+ 98 56
+ 99 58
x 63 62
x 64 64
x 66 65
x 68 67
x 69 69
x 71 70
x 73 72
x 74 73
x 77 75
x 78 77
x 79 78
x 80 79
x 83 81
x 84 83
x 85 84
x 88 86
x 89 88
x 90 89
x 93 91
x 94 93
x 95 94
x 97 96
x 99 98
x 100 99

Case #35: 242 162
o 1 1
o 2 3
o 3 6
o 4 2
o 5 9
o 6 5
o 7 12
o 8 4
o 9 15
o 10 7
o 11 18
o 12 20
o 13 8
o 14 23
o 15 25
o 16 10
o 17 29
o 18 31
o 19 11
o 20 13
o 21 36
o 22 38
o 23 40
o 24 14
o 25 16
o 26 44
o 27 46
o 28 17
o 29 49
o 30 51
o 31 19
o 32 54
o 33 56
o 34 21
o 35 59
o 36 22
o 37 62
o 38 64
o 39 66
o 40 24
o 41 26
o 42 70
o 43 72
o 44 27
o 45 75
o 46 28
o 47 78
o 48 80
o 49 30
o 50 83
o 51 85
o 52 32
o 53 88
o 54 33
o 55 91
o 56 34
o 57 94
o 58 35
o 59 97
o 60 99
o 61 37
o 64 39
o 67 41
o 69 42
o 71 43
o 74 45
o 77 47
o 79 48
o 82 50
o 85 52
o 87 53
o 90 55
o 93 57
o 95 58
o 98 60
o 100 61
+ 1 41
+ 1 42
+ 1 46
+ 1 47
+ 1 50
+ 1 51
+ 1 52
+ 1 53
+ 1 55
+ 1 58
+ 1 60
+ 1 61
+ 1 64
+ 1 65
+ 1 67
+ 1 68
+ 1 71
+ 1 74
+ 1 75
+ 1 76
+ 1 79
+ 1 81
+ 1 82
+ 1 84
+ 1 87
+ 1 90
+ 1 91
+ 1 94
+ 1 95
+ 1 96
+ 1 99
+ 1 100
+ 4 100
+ 7 99
+ 8 99
+ 11 98
+ 11 99
+ 14 99
+ 16 100
+ 18 100
+ 19 98
+ 22 99
+ 23 99
+ 26 97
+ 27 99
+ 30 99
+ 31 99
+ 33 98
+ 36 98
+ 37 98
+ 40 98
+ 42 97
+ 43 99
+ 45 98
+ 48 96
+ 50 97
+ 52 96
+ 53 96
+ 96 56
+ 98 56
+ 98 57
+ 100 57
x 62 63
x 63 65
x 65 67
x 66 68
x 68 69
x 70 71
x 72 73
x 73 74
x 75 76
x 76 77
x 78 79
x 80 81
x 81 82
x 83 84
x 84 86
x 86 87
x 88 89
x 89 90
x 91 92
x 92 93
x 94 95
x 96 96
x 97 98
x 99 100

Case #36: 256 115
o 1 1
o 52 50
o 53 52
o 54 49
o 55 51
o 56 48
o 57 54
o 59 53
o 60 47
o 62 46
o 63 56
o 64 45
o 65 55
o 66 44
o 67 58
o 69 57
o 70 43
o 71 60
o 72 42
o 73 59
o 74 41
o 76 40
o 77 62
o 78 39
o 79 61
o 80 38
o 81 64
o 83 63
o 84 37
o 86 36
o 87 66
o 88 35
o 89 65
o 90 34
o 91 68
o 93 67
o 94 33
o 95 70
o 96 32
o 97 69
o 98 31
o 100 30
+ 81 52
+ 83 51
+ 83 52
+ 85 51
+ 86 51
+ 88 50
+ 89 52
+ 91 51
+ 92 51
+ 94 50
+ 95 52
+ 97 51
+ 97 52
+ 99 51
+ 100 51
x 2 2
x 3 3
x 4 4
x 5 5
x 6 6
x 7 7
x 8 8
x 9 9
x 10 10
x 11 11
x 12 12
x 13 13
x 14 14
x 15 15
x 16 16
x 17 17
x 18 18
x 19 19
x 20 20
x 21 21
x 22 22
x 23 23
x 24 24
x 25 25
x 26 26
x 27 27
x 28 28
x 29 29
x 30 71
x 31 72
x 32 73
x 33 74
x 34 75
x 35 76
x 36 77
x 37 78
x 38 79
x 39 80
x 40 81
x 41 82
x 42 83
x 43 84
x 44 85
x 45 86
x 46 87
x 47 88
x 48 89
x 49 90
x 50 91
x 51 92
x 58 93
x 61 94
x 68 95
x 75 96
x 82 97
x 85 98
x 92 99
x 99 100

Case #37: 239 162
o 1 1
o 2 3
o 3 5
o 4 2
o 5 4
o 6 9
o 7 11
o 8 13
o 9 15
o 10 6
o 11 8
o 12 19
o 13 7
o 14 22
o 15 10
o 16 25
o 17 27
o 18 29
o 19 31
o 20 12
o 21 14
o 22 35
o 23 37
o 24 39
o 25 41
o 26 16
o 27 18
o 28 45
o 29 17
o 30 48
o 31 20
o 32 51
o 33 54
o 34 21
o 35 57
o 36 59
o 37 61
o 38 23
o 39 64
o 40 24
o 41 67
o 42 28
o 43 26
o 44 71
o 45 73
o 46 75
o 47 77
o 48 79
o 49 30
o 50 32
o 51 83
o 52 85
o 53 33
o 54 88
o 55 34
o 56 91
o 57 93
o 58 36
o 59 96
o 60 98
o 61 38
o 64 40
o 67 42
o 69 43
o 72 44
o 73 46
o 76 47
o 79 49
o 81 50
o 84 52
o 86 53
o 89 55
o 92 56
o 93 58
o 97 60
o 100 62
+ 1 42
+ 1 47
+ 1 48
+ 1 51
+ 1 52
+ 1 53
+ 1 55
+ 1 57
+ 1 58
+ 1 61
+ 1 64
+ 1 66
+ 1 67
+ 1 70
+ 1 71
+ 1 73
+ 1 74
+ 1 75
+ 1 76
+ 1 79
+ 1 80
+ 1 83
+ 1 84
+ 1 87
+ 1 89
+ 1 90
+ 1 92
+ 1 95
+ 1 96
+ 1 99
+ 1 100
+ 3 99
+ 6 99
+ 7 99
+ 10 97
+ 10 100
+ 13 98
+ 15 99
+ 16 97
+ 20 97
+ 20 100
+ 23 99
+ 27 98
+ 29 97
+ 31 98
+ 33 97
+ 35 97
+ 36 97
+ 38 97
+ 40 98
+ 43 98
+ 45 98
+ 46 94
+ 48 97
+ 51 95
+ 52 97
+ 55 97
+ 55 98
+ 57 97
+ 60 99
+ 98 58
+ 100 61
x 62 63
x 63 65
x 65 66
x 66 68
x 68 69
x 70 70
x 71 72
x 74 74
x 75 76
x 77 78
x 78 80
x 80 81
x 82 82
x 83 84
x 85 86
x 87 87
x 88 89
x 90 90
x 91 92
x 94 94
x 95 95
x 96 97
x 98 99
x 99 100

Case #38: 66 41
o 2 1
o 3 3
o 4 6
o 5 2
o 6 7
o 7 5
o 8 11
o 9 13
o 10 4
o 11 16
o 12 20
o 13 8
o 14 10
o 15 24
o 16 9
o 17 27
o 21 12
o 22 14
o 25 15
+ 1 14
+ 1 16
+ 1 17
+ 1 22
+ 1 27
+ 2 27
+ 4 26
+ 4 27
+ 7 27
+ 8 27
+ 10 27
+ 13 25
+ 15 26
+ 27 15
+ 27 16
x 18 17
x 19 18
x 20 19
x 23 21
x 24 22
x 26 23
x 27 26

Case #39: 240 160
o 1 84
o 2 1
o 3 4
o 4 2
o 5 8
o 6 3
o 7 11
o 8 13
o 9 5
o 10 17
o 11 6
o 12 20
o 13 7
o 14 23
o 15 25
o 16 9
o 17 28
o 18 10
o 19 31
o 20 33
o 21 12
o 22 36
o 23 38
o 24 14
o 25 41
o 26 15
o 27 44
o 28 16
o 29 47
o 30 49
o 31 18
o 32 52
o 33 19
o 34 55
o 35 57
o 36 21
o 37 60
o 38 22
o 39 63
o 40 65
o 41 24
o 42 68
o 43 70
o 44 26
o 45 73
o 46 27
o 47 76
o 48 78
o 49 29
o 50 81
o 51 30
o 52 85
o 53 87
o 54 32
o 55 90
o 56 88
o 57 34
o 58 94
o 59 35
o 60 97
o 61 99
o 62 37
o 65 39
o 67 40
o 70 42
o 72 43
o 75 45
o 78 46
o 79 48
o 83 50
o 85 51
o 88 53
o 92 54
o 93 56
o 95 59
o 97 58
+ 1 41
+ 1 42
+ 1 45
+ 1 46
+ 1 47
+ 1 50
+ 1 53
+ 1 54
+ 1 55
+ 1 58
+ 1 61
+ 1 62
+ 1 63
+ 1 66
+ 1 67
+ 1 68
+ 1 71
+ 1 73
+ 1 74
+ 1 76
+ 1 79
+ 1 81
+ 1 82
+ 1 86
+ 1 87
+ 1 92
+ 1 94
+ 1 95
+ 1 97
+ 1 99
+ 1 100
+ 3 100
+ 7 99
+ 9 99
+ 10 99
+ 12 99
+ 15 99
+ 17 99
+ 19 98
+ 21 98
+ 23 99
+ 25 96
+ 28 97
+ 30 98
+ 33 96
+ 33 97
+ 37 95
+ 38 97
+ 39 95
+ 42 97
+ 44 94
+ 46 97
+ 47 95
+ 50 97
+ 53 95
+ 54 97
+ 57 96
+ 95 55
+ 99 57
+ 100 59
x 63 61
x 64 62
x 66 64
x 68 66
x 69 67
x 71 69
x 73 71
x 74 72
x 76 74
x 77 75
x 80 77
x 81 79
x 82 80
x 84 82
x 86 83
x 87 86
x 89 89
x 90 91
x 91 92
x 94 93
x 96 95
x 98 96
x 99 98
x 100 100

Case #40: 227 152
o 1 68
o 2 1
o 3 4
o 4 6
o 5 3
o 6 9
o 7 2
o 8 5
o 9 14
o 10 10
o 11 7
o 12 18
o 13 20
o 14 8
o 15 23
o 16 25
o 17 27
o 18 11
o 19 30
o 20 12
o 21 33
o 22 13
o 23 36
o 24 38
o 25 15
o 26 41
o 27 16
o 28 44
o 29 17
o 30 47
o 31 49
o 32 19
o 33 52
o 34 54
o 35 21
o 36 57
o 37 59
o 38 22
o 39 24
o 40 63
o 41 65
o 42 67
o 43 69
o 44 26
o 45 28
o 46 73
o 47 75
o 48 77
o 49 29
o 50 31
o 51 81
o 52 83
o 53 85
o 54 87
o 55 32
o 56 34
o 57 91
o 58 37
o 59 35
o 60 95
o 65 39
o 67 40
o 68 43
o 71 42
o 73 45
o 77 46
o 78 48
o 83 50
o 85 51
o 87 55
o 90 53
o 91 56
o 94 58
+ 1 38
+ 1 41
+ 1 44
+ 1 46
+ 1 47
+ 1 49
+ 1 51
+ 1 52
+ 1 54
+ 1 56
+ 1 57
+ 1 60
+ 1 63
+ 1 64
+ 1 65
+ 1 67
+ 1 70
+ 1 73
+ 1 74
+ 1 75
+ 1 78
+ 1 81
+ 1 82
+ 1 83
+ 1 88
+ 1 90
+ 1 91
+ 2 95
+ 3 95
+ 4 95
+ 6 94
+ 8 93
+ 8 94
+ 11 94
+ 15 93
+ 17 93
+ 20 95
+ 22 92
+ 23 94
+ 24 92
+ 28 93
+ 30 90
+ 33 91
+ 33 94
+ 36 93
+ 37 91
+ 39 91
+ 41 90
+ 45 89
+ 45 92
+ 49 90
+ 49 91
+ 53 91
+ 53 92
+ 55 91
+ 94 55
+ 94 56
x 61 60
x 62 61
x 63 62
x 64 64
x 66 66
x 69 70
x 70 71
x 72 72
x 74 74
x 75 76
x 76 78
x 79 79
x 80 80
x 81 82
x 82 84
x 84 86
x 86 88
x 88 89
x 89 90
x 92 92
x 93 93
x 95 94

Case #41: 99 64
o 2 1
o 3 3
o 4 5
o 5 2
o 6 4
o 7 9
o 8 11
o 9 13
o 10 15
o 11 6
o 12 8
o 13 19
o 14 7
o 15 22
o 16 24
o 17 27
o 18 29
o 19 31
o 20 14
o 21 12
o 22 35
o 23 37
o 24 39
o 25 17
o 26 42
o 27 16
o 28 18
o 32 20
o 34 21
o 38 23
o 39 25
+ 1 23
+ 1 25
+ 1 26
+ 1 27
+ 1 28
+ 1 30
+ 1 34
+ 1 35
+ 1 37
+ 1 38
+ 1 40
+ 5 40
+ 8 40
+ 9 40
+ 12 42
+ 14 37
+ 17 1
+ 17 36
+ 18 38
+ 20 38
+ 21 38
+ 40 22
+ 41 24
x 29 26
x 30 28
x 31 30
x 33 32
x 35 33
x 36 34
x 37 36
x 40 38
x 41 40
x 42 41

Case #42: 149 97
o 2 1
o 3 3
o 4 5
o 5 2
o 6 4
o 7 9
o 8 11
o 9 13
o 10 15
o 11 6
o 12 8
o 13 19
o 14 7
o 15 22
o 16 10
o 17 25
o 18 27
o 19 29
o 20 31
o 21 12
o 22 34
o 23 37
o 24 14
o 25 40
o 26 18
o 27 16
o 28 44
o 29 17
o 30 47
o 31 49
o 32 51
o 33 20
o 34 55
o 35 57
o 36 21
o 37 60
o 38 24
o 39 59
o 40 23
o 42 26
o 46 28
o 49 30
o 52 32
o 54 33
o 58 35
o 60 36
o 61 39
+ 1 26
+ 1 27
+ 1 28
+ 1 29
+ 1 33
+ 1 34
+ 1 38
+ 1 39
+ 1 40
+ 1 46
+ 1 48
+ 1 49
+ 1 51
+ 1 53
+ 1 57
+ 1 58
+ 1 60
+ 2 62
+ 4 62
+ 6 61
+ 8 62
+ 9 60
+ 11 60
+ 15 58
+ 15 61
+ 17 58
+ 17 61
+ 20 62
+ 23 58
+ 25 61
+ 27 58
+ 29 59
+ 33 57
+ 58 33
+ 60 34
+ 61 34
x 41 38
x 43 41
x 44 42
x 45 43
x 47 45
x 48 46
x 50 48
x 51 50
x 53 52
x 55 53
x 56 56
x 57 58
x 59 61
x 62 62

Case #43: 241 159
o 1 1
o 2 3
o 3 6
o 4 9
o 5 2
o 6 4
o 7 13
o 8 7
o 9 5
o 10 17
o 11 19
o 12 21
o 13 8
o 14 24
o 15 26
o 16 10
o 17 29
o 18 11
o 19 32
o 20 12
o 21 35
o 22 37
o 23 14
o 24 41
o 25 15
o 26 44
o 27 16
o 28 47
o 29 50
o 30 18
o 31 53
o 32 55
o 33 20
o 34 58
o 35 60
o 36 62
o 37 23
o 38 65
o 39 22
o 40 68
o 41 25
o 42 27
o 43 72
o 44 74
o 45 76
o 46 28
o 47 79
o 48 81
o 49 83
o 50 30
o 51 86
o 52 31
o 53 89
o 54 91
o 55 33
o 56 94
o 57 34
o 58 39
o 59 98
o 60 36
o 63 38
o 66 40
o 69 42
o 71 43
o 74 45
o 76 46
o 79 48
o 81 49
o 84 51
o 86 52
o 89 54
o 92 56
o 94 57
o 97 59
o 100 61
+ 1 41
+ 1 43
+ 1 46
+ 1 48
+ 1 49
+ 1 51
+ 1 53
+ 1 54
+ 1 56
+ 1 61
+ 1 62
+ 1 63
+ 1 66
+ 1 67
+ 1 70
+ 1 71
+ 1 72
+ 1 75
+ 1 76
+ 1 77
+ 1 80
+ 1 81
+ 1 84
+ 1 85
+ 1 88
+ 1 92
+ 1 93
+ 1 98
+ 1 99
+ 3 99
+ 5 99
+ 5 100
+ 7 100
+ 10 99
+ 10 100
+ 13 99
+ 14 99
+ 17 99
+ 18 99
+ 21 99
+ 23 100
+ 26 98
+ 26 99
+ 30 98
+ 32 99
+ 35 98
+ 35 99
+ 39 97
+ 40 99
+ 42 99
+ 43 97
+ 48 99
+ 49 95
+ 50 99
+ 51 95
+ 56 97
+ 96 56
+ 98 56
+ 98 57
x 61 63
x 62 64
x 64 66
x 65 67
x 67 69
x 68 70
x 70 71
x 72 73
x 73 75
x 75 77
x 77 78
x 78 80
x 80 82
x 82 84
x 83 85
x 85 87
x 87 88
x 88 90
x 90 92
x 91 93
x 93 95
x 95 96
x 96 97
x 98 99
x 99 100

Case #44: 240 159
o 1 1
o 2 3
o 3 6
o 4 2
o 5 7
o 6 5
o 7 11
o 8 13
o 9 4
o 10 17
o 11 20
o 12 8
o 13 10
o 14 24
o 15 9
o 16 27
o 17 29
o 18 32
o 19 34
o 20 12
o 21 14
o 22 38
o 23 41
o 24 15
o 25 44
o 26 16
o 27 47
o 28 49
o 29 18
o 30 52
o 31 54
o 32 19
o 33 21
o 34 58
o 35 60
o 36 22
o 37 64
o 38 23
o 39 67
o 40 69
o 41 25
o 42 72
o 43 74
o 44 26
o 45 28
o 46 78
o 47 80
o 48 82
o 49 30
o 50 85
o 51 87
o 52 31
o 53 33
o 54 91
o 55 93
o 56 95
o 57 97
o 58 35
o 59 37
o 61 36
o 63 39
o 67 40
o 68 42
o 72 43
o 73 45
o 76 46
o 80 48
o 81 50
o 85 51
o 86 53
o 91 55
o 92 57
o 94 56
o 96 59
o 100 61
+ 1 43
+ 1 44
+ 1 47
+ 1 48
+ 1 51
+ 1 54
+ 1 55
+ 1 56
+ 1 58
+ 1 61
+ 1 62
+ 1 66
+ 1 67
+ 1 70
+ 1 71
+ 1 74
+ 1 75
+ 1 77
+ 1 79
+ 1 80
+ 1 83
+ 1 86
+ 1 87
+ 1 88
+ 1 89
+ 1 90
+ 1 93
+ 1 97
+ 1 98
+ 1 99
+ 4 99
+ 5 99
+ 6 99
+ 9 99
+ 14 97
+ 14 98
+ 16 97
+ 18 98
+ 21 98
+ 23 98
+ 24 96
+ 26 97
+ 29 96
+ 29 97
+ 34 98
+ 35 94
+ 36 98
+ 41 92
+ 41 99
+ 43 99
+ 44 93
+ 46 98
+ 48 93
+ 51 92
+ 52 100
+ 56 100
+ 94 53
+ 98 55
+ 99 59
x 60 62
x 62 63
x 64 65
x 65 66
x 66 68
x 69 70
x 70 71
x 71 73
x 74 75
x 75 76
x 77 77
x 78 79
x 79 81
x 82 83
x 83 84
x 84 86
x 87 88
x 88 89
x 89 90
x 90 92
x 93 94
x 95 96
x 97 98
x 98 99
x 99 100

Case #45: 141 93
o 2 1
o 3 3
o 4 5
o 5 2
o 6 4
o 7 9
o 8 11
o 9 13
o 10 15
o 11 7
o 12 18
o 13 8
o 14 6
o 15 22
o 16 10
o 17 25
o 18 27
o 19 12
o 20 30
o 21 32
o 22 34
o 23 36
o 24 14
o 25 16
o 26 40
o 27 43
o 28 45
o 29 17
o 30 19
o 31 49
o 32 51
o 33 54
o 34 21
o 35 55
o 36 59
o 37 20
o 38 23
o 40 24
o 43 29
o 45 26
o 46 28
o 51 31
o 55 33
o 56 35
+ 1 26
+ 1 27
+ 1 28
+ 1 31
+ 1 32
+ 1 33
+ 1 34
+ 1 35
+ 1 38
+ 1 39
+ 1 42
+ 1 43
+ 1 46
+ 1 47
+ 1 50
+ 1 51
+ 1 57
+ 1 59
+ 4 58
+ 4 59
+ 6 59
+ 8 59
+ 10 58
+ 11 58
+ 16 59
+ 18 58
+ 19 58
+ 21 57
+ 22 57
+ 26 55
+ 28 56
+ 31 55
+ 54 31
+ 57 32
+ 58 34
x 39 37
x 41 38
x 42 39
x 44 41
x 47 42
x 48 44
x 49 46
x 50 47
x 52 48
x 53 50
x 54 52
x 57 56
x 58 57
x 59 58

Case #46: 242 159
o 1 65
o 2 1
o 3 4
o 4 2
o 5 7
o 6 3
o 7 12
o 8 14
o 9 5
o 10 17
o 11 6
o 12 16
o 13 21
o 14 23
o 15 8
o 16 10
o 17 27
o 18 29
o 19 11
o 20 9
o 21 33
o 22 13
o 23 36
o 24 38
o 25 15
o 26 41
o 27 44
o 28 46
o 29 48
o 30 18
o 31 51
o 32 19
o 33 54
o 34 56
o 35 20
o 36 22
o 37 61
o 38 63
o 39 66
o 40 24
o 41 67
o 42 70
o 43 25
o 44 73
o 45 28
o 46 26
o 47 77
o 48 79
o 49 30
o 50 82
o 51 84
o 52 31
o 53 87
o 54 89
o 55 92
o 56 94
o 57 32
o 58 34
o 59 37
o 60 100
o 62 35
o 63 40
o 65 39
o 71 42
o 73 43
o 75 47
o 76 45
o 81 49
o 83 50
o 86 52
o 88 53
o 91 55
o 94 57
o 96 58
o 98 59
+ 1 42
+ 1 44
+ 1 45
+ 1 48
+ 1 49
+ 1 51
+ 1 52
+ 1 55
+ 1 56
+ 1 59
+ 1 60
+ 1 62
+ 1 64
+ 1 68
+ 1 69
+ 1 74
+ 1 75
+ 1 77
+ 1 79
+ 1 80
+ 1 83
+ 1 84
+ 1 90
+ 1 92
+ 1 93
+ 1 94
+ 1 98
+ 1 99
+ 3 99
+ 6 100
+ 10 97
+ 10 100
+ 12 97
+ 15 96
+ 17 97
+ 19 96
+ 22 97
+ 23 95
+ 25 95
+ 26 97
+ 28 97
+ 30 96
+ 32 97
+ 33 95
+ 37 94
+ 37 97
+ 40 96
+ 41 1
+ 42 95
+ 45 94
+ 45 97
+ 49 95
+ 50 95
+ 53 95
+ 95 54
+ 97 55
+ 98 55
+ 100 55
+ 100 56
x 61 60
x 64 62
x 66 64
x 67 68
x 68 69
x 69 71
x 70 72
x 72 74
x 74 75
x 77 76
x 78 78
x 79 80
x 80 81
x 82 83
x 84 85
x 85 86
x 87 88
x 89 90
x 90 91
x 92 93
x 93 95
x 95 96
x 97 97
x 99 98
x 100 99

Case #47: 242 163
o 1 1
o 2 3
o 3 6
o 4 9
o 5 2
o 6 4
o 7 13
o 8 7
o 9 5
o 10 17
o 11 19
o 12 21
o 13 8
o 14 24
o 15 26
o 16 10
o 17 29
o 18 11
o 19 32
o 20 12
o 21 35
o 22 37
o 23 14
o 24 40
o 25 15
o 26 43
o 27 16
o 28 46
o 29 48
o 30 18
o 31 51
o 32 53
o 33 20
o 34 56
o 35 58
o 36 22
o 37 61
o 38 23
o 39 64
o 40 66
o 41 25
o 42 69
o 43 71
o 44 27
o 45 74
o 46 76
o 47 28
o 48 30
o 49 80
o 50 82
o 51 84
o 52 31
o 53 33
o 54 88
o 55 90
o 56 92
o 57 34
o 58 36
o 59 96
o 60 98
o 61 100
o 62 38
o 65 39
o 66 41
o 70 42
o 71 44
o 75 45
o 76 47
o 81 49
o 83 50
o 85 54
o 86 52
o 91 55
o 92 57
o 97 59
o 99 60
o 100 63
+ 1 41
+ 1 43
+ 1 44
+ 1 46
+ 1 48
+ 1 49
+ 1 51
+ 1 53
+ 1 54
+ 1 56
+ 1 59
+ 1 61
+ 1 62
+ 1 64
+ 1 66
+ 1 67
+ 1 69
+ 1 71
+ 1 72
+ 1 75
+ 1 78
+ 1 79
+ 1 80
+ 1 83
+ 1 86
+ 1 87
+ 1 88
+ 1 91
+ 1 94
+ 1 95
+ 1 96
+ 1 98
+ 1 100
+ 2 100
+ 7 98
+ 8 100
+ 10 99
+ 11 99
+ 15 98
+ 16 100
+ 18 99
+ 19 99
+ 23 98
+ 24 100
+ 26 99
+ 27 99
+ 29 98
+ 32 96
+ 32 99
+ 36 98
+ 39 98
+ 40 96
+ 42 99
+ 43 97
+ 46 97
+ 49 95
+ 49 98
+ 53 97
+ 55 96
+ 96 56
+ 97 56
+ 98 56
+ 100 57
x 63 62
x 64 65
x 67 67
x 68 68
x 69 70
x 72 72
x 73 73
x 74 75
x 77 77
x 78 78
x 79 79
x 80 81
x 82 83
x 84 85
x 87 86
x 88 87
x 89 89
x 90 91
x 93 93
x 94 94
x 95 95
x 96 97
x 98 99

Case #48: 11 5
o 2 4
o 3 1
o 4 3
o 5 5
+ 1 4

Case #49: 195 130
o 2 1
o 3 3
o 4 5
o 5 2
o 6 4
o 7 9
o 8 11
o 9 13
o 10 15
o 11 6
o 12 8
o 13 19
o 14 7
o 15 22
o 16 10
o 17 26
o 18 28
o 19 30
o 20 32
o 21 12
o 22 14
o 23 31
o 24 37
o 25 39
o 26 41
o 27 44
o 28 16
o 29 18
o 30 20
o 31 49
o 32 51
o 33 53
o 34 21
o 35 56
o 36 58
o 37 23
o 38 61
o 39 24
o 40 64
o 41 25
o 42 67
o 43 69
o 44 71
o 45 27
o 46 29
o 47 75
o 48 77
o 49 79
o 50 81
o 52 33
o 54 34
o 57 35
o 59 36
o 61 40
o 62 38
o 68 42
o 70 43
o 71 46
o 73 45
o 76 47
o 78 48
+ 1 33
+ 1 34
+ 1 37
+ 1 38
+ 1 39
+ 1 40
+ 1 44
+ 1 47
+ 1 50
+ 1 52
+ 1 55
+ 1 56
+ 1 57
+ 1 58
+ 1 61
+ 1 64
+ 1 67
+ 1 68
+ 1 69
+ 1 72
+ 1 73
+ 1 75
+ 1 77
+ 1 78
+ 1 80
+ 1 81
+ 3 81
+ 7 80
+ 10 79
+ 10 80
+ 14 79
+ 16 80
+ 18 79
+ 18 80
+ 22 80
+ 22 81
+ 26 79
+ 27 79
+ 29 79
+ 30 77
+ 33 78
+ 33 81
+ 36 80
+ 39 80
+ 39 81
+ 43 78
+ 45 79
+ 79 48
+ 81 48
+ 81 49
x 51 50
x 53 52
x 55 54
x 56 55
x 58 57
x 60 59
x 63 60
x 64 62
x 65 63
x 66 65
x 67 66
x 69 68
x 72 70
x 74 72
x 75 73
x 77 74
x 79 76
x 80 78
x 81 80

Case #50: 221 148
o 1 89
o 2 1
o 3 3
o 4 5
o 5 2
o 6 4
o 7 9
o 8 11
o 9 13
o 10 15
o 11 6
o 12 8
o 13 19
o 14 7
o 15 22
o 16 24
o 17 26
o 18 12
o 19 10
o 20 30
o 21 32
o 22 14
o 23 35
o 24 37
o 25 39
o 26 16
o 27 42
o 28 17
o 29 45
o 30 18
o 31 48
o 32 50
o 33 52
o 34 20
o 35 56
o 36 21
o 37 57
o 38 25
o 39 23
o 40 62
o 41 64
o 42 67
o 43 70
o 44 27
o 45 73
o 46 75
o 47 28
o 48 78
o 49 29
o 50 81
o 51 33
o 52 31
o 53 85
o 54 87
o 55 90
o 57 91
o 58 34
o 59 36
o 60 38
o 66 40
o 68 43
o 69 41
o 71 44
o 76 46
o 78 47
o 81 49
o 82 53
o 85 51
o 88 55
o 90 54
+ 1 38
+ 1 40
+ 1 43
+ 1 45
+ 1 46
+ 1 48
+ 1 50
+ 1 51
+ 1 54
+ 1 55
+ 1 58
+ 1 59
+ 1 64
+ 1 65
+ 1 66
+ 1 67
+ 1 69
+ 1 71
+ 1 72
+ 1 75
+ 1 76
+ 1 79
+ 1 80
+ 1 85
+ 1 86
+ 1 87
+ 1 88
+ 1 92
+ 7 89
+ 7 90
+ 9 90
+ 10 90
+ 12 89
+ 14 90
+ 15 88
+ 18 90
+ 19 88
+ 25 87
+ 25 92
+ 27 87
+ 29 90
+ 30 86
+ 32 91
+ 34 86
+ 36 91
+ 38 86
+ 39 90
+ 41 87
+ 45 88
+ 46 86
+ 48 86
+ 48 89
+ 87 52
+ 89 51
+ 91 51
+ 92 55
x 56 58
x 61 59
x 62 60
x 63 61
x 64 63
x 65 65
x 67 66
x 70 68
x 72 69
x 73 71
x 74 72
x 75 74
x 77 76
x 79 77
x 80 79
x 83 80
x 84 82
x 86 83
x 87 84
x 89 86
x 91 88
x 92 92

Case #51: 256 115
o 1 2
o 52 50
o 53 52
o 54 49
o 55 51
o 56 48
o 57 54
o 59 53
o 60 47
o 62 46
o 63 56
o 64 45
o 65 55
o 66 44
o 67 58
o 69 57
o 70 43
o 71 60
o 72 42
o 73 59
o 74 41
o 76 40
o 77 62
o 78 39
o 79 61
o 80 38
o 81 64
o 83 63
o 84 37
o 86 36
o 87 66
o 88 35
o 89 65
o 90 34
o 91 68
o 93 67
o 94 33
o 95 70
o 96 32
o 97 69
o 98 31
o 100 30
+ 81 52
+ 83 51
+ 83 52
+ 85 51
+ 86 51
+ 88 50
+ 89 52
+ 91 51
+ 92 51
+ 94 50
+ 95 52
+ 97 51
+ 97 52
+ 99 51
+ 100 51
x 2 1
x 3 3
x 4 4
x 5 5
x 6 6
x 7 7
x 8 8
x 9 9
x 10 10
x 11 11
x 12 12
x 13 13
x 14 14
x 15 15
x 16 16
x 17 17
x 18 18
x 19 19
x 20 20
x 21 21
x 22 22
x 23 23
x 24 24
x 25 25
x 26 26
x 27 27
x 28 28
x 29 29
x 30 71
x 31 72
x 32 73
x 33 74
x 34 75
x 35 76
x 36 77
x 37 78
x 38 79
x 39 80
x 40 81
x 41 82
x 42 83
x 43 84
x 44 85
x 45 86
x 46 87
x 47 88
x 48 89
x 49 90
x 50 91
x 51 92
x 58 93
x 61 94
x 68 95
x 75 96
x 82 97
x 85 98
x 92 99
x 99 100

Case #52: 182 122
o 1 29
o 2 1
o 3 3
o 4 5
o 5 2
o 6 4
o 7 9
o 8 11
o 9 13
o 10 15
o 11 6
o 12 8
o 13 19
o 14 7
o 15 22
o 16 10
o 17 25
o 18 27
o 19 30
o 20 32
o 21 34
o 22 12
o 23 33
o 24 16
o 25 14
o 26 17
o 27 41
o 28 43
o 29 45
o 30 18
o 31 48
o 32 50
o 33 20
o 34 53
o 35 55
o 36 21
o 37 23
o 38 59
o 39 61
o 40 24
o 41 64
o 42 66
o 43 26
o 44 69
o 45 71
o 46 73
o 47 28
o 49 31
o 56 35
o 57 37
o 59 36
o 60 38
o 63 39
o 66 40
o 67 42
o 71 44
o 74 46
o 76 47
+ 1 30
+ 1 34
+ 1 35
+ 1 37
+ 1 40
+ 1 43
+ 1 45
+ 1 49
+ 1 50
+ 1 53
+ 1 57
+ 1 58
+ 1 60
+ 1 61
+ 1 62
+ 1 64
+ 1 65
+ 1 66
+ 1 69
+ 1 71
+ 1 72
+ 1 75
+ 1 76
+ 3 75
+ 6 75
+ 8 75
+ 9 75
+ 12 74
+ 15 70
+ 15 73
+ 18 71
+ 19 73
+ 21 72
+ 23 73
+ 26 73
+ 29 72
+ 29 75
+ 31 72
+ 35 72
+ 35 75
+ 37 75
+ 38 73
+ 41 73
+ 44 74
+ 74 43
+ 76 46
x 48 49
x 50 51
x 51 52
x 52 54
x 53 56
x 54 57
x 55 58
x 58 60
x 61 62
x 62 63
x 64 65
x 65 67
x 68 68
x 69 70
x 70 72
x 72 74
x 73 75
x 75 76

Case #53: 242 161
o 1 1
o 2 5
o 3 2
o 4 6
o 5 3
o 6 11
o 7 4
o 8 14
o 9 16
o 10 18
o 11 7
o 12 21
o 13 8
o 14 24
o 15 9
o 16 27
o 17 10
o 18 31
o 19 34
o 20 12
o 21 37
o 22 13
o 23 40
o 24 42
o 25 15
o 26 45
o 27 47
o 28 17
o 29 50
o 30 52
o 31 19
o 32 55
o 33 57
o 34 20
o 35 22
o 36 61
o 37 63
o 38 65
o 39 23
o 40 25
o 41 69
o 42 71
o 43 26
o 44 74
o 45 76
o 46 78
o 47 28
o 48 30
o 49 82
o 50 84
o 51 29
o 52 32
o 53 89
o 54 91
o 55 93
o 56 33
o 57 36
o 58 97
o 59 35
o 60 100
o 63 38
o 65 39
o 68 41
o 71 43
o 73 44
o 76 46
o 79 48
o 81 49
o 84 51
o 87 53
o 89 54
o 93 56
o 94 58
o 97 59
o 99 60
+ 1 43
+ 1 45
+ 1 46
+ 1 47
+ 1 50
+ 1 51
+ 1 54
+ 1 55
+ 1 58
+ 1 59
+ 1 63
+ 1 66
+ 1 67
+ 1 69
+ 1 71
+ 1 72
+ 1 75
+ 1 76
+ 1 80
+ 1 82
+ 1 84
+ 1 85
+ 1 87
+ 1 90
+ 1 91
+ 1 94
+ 1 95
+ 1 97
+ 1 98
+ 2 100
+ 5 100
+ 7 99
+ 8 99
+ 10 98
+ 12 99
+ 15 97
+ 15 100
+ 18 98
+ 21 98
+ 21 99
+ 25 98
+ 27 99
+ 28 97
+ 31 98
+ 32 96
+ 35 98
+ 36 96
+ 38 99
+ 40 96
+ 41 1
+ 42 97
+ 43 95
+ 45 96
+ 48 96
+ 50 97
+ 54 97
+ 56 97
+ 94 52
+ 97 53
+ 99 58
+ 100 54
x 61 62
x 62 64
x 64 66
x 66 67
x 67 68
x 69 70
x 70 72
x 72 73
x 74 75
x 75 77
x 77 79
x 78 80
x 80 81
x 82 83
x 83 85
x 85 86
x 86 87
x 88 88
x 90 90
x 91 92
x 92 94
x 95 95
x 96 96
x 98 98
x 100 99

Case #54: 4 3
o 1 1
+ 1 2
x 2 2

Case #55: 202 134
o 1 6
o 2 1
o 3 3
o 4 5
o 5 7
o 6 2
o 7 4
o 8 11
o 9 13
o 10 8
o 11 17
o 12 19
o 13 21
o 14 9
o 15 24
o 16 10
o 17 27
o 18 29
o 19 31
o 20 12
o 21 14
o 22 35
o 23 37
o 24 39
o 25 15
o 26 42
o 27 16
o 28 45
o 29 20
o 30 18
o 31 49
o 32 51
o 33 53
o 34 55
o 35 57
o 36 22
o 37 60
o 38 23
o 39 26
o 40 64
o 41 25
o 42 67
o 43 69
o 44 71
o 45 73
o 46 28
o 47 30
o 48 77
o 49 79
o 50 81
o 51 83
o 52 32
o 53 34
o 55 33
o 57 36
o 61 38
o 65 40
o 67 41
o 70 43
o 72 44
o 74 50
o 75 46
o 78 48
o 80 47
o 83 52
+ 1 35
+ 1 37
+ 1 40
+ 1 41
+ 1 45
+ 1 50
+ 1 51
+ 1 52
+ 1 53
+ 1 54
+ 1 55
+ 1 58
+ 1 61
+ 1 63
+ 1 66
+ 1 69
+ 1 70
+ 1 71
+ 1 74
+ 1 75
+ 1 77
+ 1 78
+ 1 80
+ 1 81
+ 1 84
+ 6 84
+ 8 83
+ 11 83
+ 12 83
+ 15 81
+ 17 81
+ 19 82
+ 21 79
+ 21 82
+ 23 79
+ 24 83
+ 28 83
+ 29 77
+ 32 78
+ 35 82
+ 36 78
+ 37 82
+ 41 79
+ 41 82
+ 46 83
+ 50 83
+ 77 45
+ 82 48
+ 84 48
x 54 54
x 56 56
x 58 58
x 59 59
x 60 61
x 62 62
x 63 63
x 64 65
x 66 66
x 68 68
x 69 70
x 71 72
x 73 74
x 76 75
x 77 76
x 79 78
x 81 80
x 82 82
x 84 84
x 85 85

Case #56: 22 13
o 2 1
o 3 4
o 4 2
o 5 8
o 9 5
+ 1 7
+ 1 8
+ 3 8
+ 4 1
+ 4 8
x 6 6
x 7 7
x 8 9

Case #57: 2 1
o 1 1

Case #58: 163 108
o 2 1
o 3 3
o 4 5
o 5 2
o 6 4
o 7 9
o 8 12
o 9 14
o 10 16
o 11 6
o 12 20
o 13 22
o 14 7
o 15 26
o 16 8
o 17 11
o 18 25
o 19 10
o 20 30
o 21 17
o 22 34
o 23 13
o 24 37
o 25 40
o 26 42
o 27 15
o 28 45
o 29 18
o 30 44
o 31 49
o 32 19
o 33 52
o 34 54
o 35 56
o 36 21
o 37 23
o 38 60
o 39 62
o 40 24
o 41 65
o 42 67
o 44 27
o 47 28
o 49 29
o 50 32
o 52 31
o 56 33
o 57 35
o 60 36
o 64 38
o 66 41
+ 1 29
+ 1 32
+ 1 33
+ 1 36
+ 1 38
+ 1 43
+ 1 44
+ 1 45
+ 1 47
+ 1 48
+ 1 51
+ 1 52
+ 1 53
+ 1 54
+ 1 57
+ 1 58
+ 1 61
+ 1 62
+ 1 65
+ 1 66
+ 1 68
+ 2 68
+ 5 67
+ 9 67
+ 9 68
+ 12 67
+ 16 65
+ 18 66
+ 21 66
+ 23 63
+ 26 67
+ 27 63
+ 28 67
+ 30 64
+ 32 65
+ 35 65
+ 36 63
+ 39 65
+ 65 38
+ 67 38
+ 68 40
x 43 43
x 45 46
x 46 47
x 48 48
x 51 50
x 53 51
x 54 53
x 55 55
x 58 57
x 59 58
x 61 59
x 62 61
x 63 63
x 65 64
x 67 66
x 68 68

Case #59: 33 19
o 2 1
o 3 3
o 4 6
o 5 2
o 6 7
o 7 5
o 8 11
o 9 13
o 10 4
o 12 8
o 14 9
+ 1 7
+ 1 14
+ 2 14
+ 3 14
+ 4 14
+ 8 13
x 11 12
x 13 14

Case #60: 240 162
o 1 94
o 2 1
o 3 3
o 4 5
o 5 2
o 6 4
o 7 9
o 8 11
o 9 13
o 10 15
o 11 6
o 12 8
o 13 19
o 14 7
o 15 22
o 16 10
o 17 25
o 18 27
o 19 29
o 20 31
o 21 12
o 22 14
o 23 35
o 24 37
o 25 39
o 26 41
o 27 16
o 28 18
o 29 45
o 30 17
o 31 48
o 32 20
o 33 51
o 34 53
o 35 21
o 36 56
o 37 59
o 38 61
o 39 23
o 40 64
o 41 24
o 42 63
o 43 28
o 44 26
o 45 70
o 46 72
o 47 74
o 48 76
o 49 78
o 50 30
o 51 32
o 52 82
o 53 84
o 54 86
o 55 33
o 56 89
o 57 34
o 58 92
o 59 38
o 60 95
o 61 97
o 62 36
o 63 100
o 66 42
o 67 40
o 68 43
o 72 44
o 76 46
o 78 47
o 79 50
o 81 49
o 86 52
o 87 54
o 91 55
o 92 57
o 95 58
o 99 60
o 100 62
+ 1 39
+ 1 40
+ 1 43
+ 1 48
+ 1 49
+ 1 52
+ 1 53
+ 1 54
+ 1 56
+ 1 58
+ 1 59
+ 1 62
+ 1 65
+ 1 67
+ 1 68
+ 1 71
+ 1 72
+ 1 74
+ 1 75
+ 1 76
+ 1 77
+ 1 80
+ 1 81
+ 1 84
+ 1 85
+ 1 88
+ 1 89
+ 1 92
+ 1 93
+ 1 99
+ 1 100
+ 3 99
+ 3 100
+ 6 100
+ 10 99
+ 10 100
+ 13 99
+ 14 99
+ 16 98
+ 18 99
+ 21 98
+ 21 99
+ 27 96
+ 27 99
+ 30 98
+ 33 98
+ 35 97
+ 35 98
+ 38 97
+ 38 98
+ 43 99
+ 45 94
+ 45 99
+ 49 94
+ 49 99
+ 52 95
+ 53 99
+ 55 96
+ 55 99
+ 58 98
+ 99 58
+ 100 60
x 64 65
x 65 66
x 69 67
x 70 68
x 71 69
x 73 71
x 74 73
x 75 75
x 77 77
x 80 79
x 82 80
x 83 81
x 84 83
x 85 85
x 88 87
x 89 88
x 90 90
x 93 91
x 94 93
x 96 96
x 97 98
x 98 99

Case #61: 239 162
o 1 1
o 2 3
o 3 5
o 4 2
o 5 4
o 6 9
o 7 11
o 8 13
o 9 15
o 10 6
o 11 8
o 12 19
o 13 7
o 14 23
o 15 10
o 16 26
o 17 28
o 18 30
o 19 32
o 20 12
o 21 14
o 22 36
o 23 38
o 24 40
o 25 16
o 26 43
o 27 17
o 28 46
o 29 18
o 30 49
o 31 51
o 32 20
o 33 54
o 34 21
o 35 57
o 36 59
o 37 22
o 38 24
o 39 63
o 40 65
o 41 25
o 42 68
o 43 70
o 44 27
o 45 73
o 46 75
o 47 29
o 48 78
o 49 80
o 50 31
o 51 83
o 52 85
o 53 33
o 54 88
o 55 34
o 56 91
o 57 93
o 58 35
o 59 37
o 60 97
o 61 99
o 64 39
o 65 41
o 69 42
o 70 44
o 74 45
o 75 47
o 79 48
o 80 50
o 84 52
o 86 53
o 89 55
o 92 56
o 93 58
o 98 60
o 99 62
+ 1 42
+ 1 45
+ 1 48
+ 1 49
+ 1 52
+ 1 53
+ 1 55
+ 1 56
+ 1 59
+ 1 62
+ 1 64
+ 1 66
+ 1 67
+ 1 69
+ 1 71
+ 1 72
+ 1 74
+ 1 76
+ 1 77
+ 1 79
+ 1 82
+ 1 83
+ 1 84
+ 1 87
+ 1 89
+ 1 90
+ 1 93
+ 1 96
+ 1 97
+ 1 98
+ 1 99
+ 1 100
+ 5 99
+ 7 100
+ 9 99
+ 9 100
+ 14 98
+ 15 100
+ 18 98
+ 19 98
+ 23 97
+ 23 100
+ 26 98
+ 28 97
+ 32 96
+ 32 99
+ 35 97
+ 37 96
+ 39 96
+ 39 99
+ 42 98
+ 44 97
+ 47 96
+ 48 98
+ 50 95
+ 53 96
+ 53 99
+ 56 98
+ 57 96
+ 58 98
+ 97 58
+ 100 59
x 62 61
x 63 64
x 66 66
x 67 67
x 68 69
x 71 71
x 72 72
x 73 74
x 76 76
x 77 77
x 78 79
x 81 81
x 82 82
x 83 84
x 85 86
x 87 87
x 88 89
x 90 90
x 91 92
x 94 94
x 95 95
x 96 96
x 97 98
x 100 100

Case #62: 256 115
o 1 1
o 52 50
o 53 52
o 54 49
o 55 51
o 56 48
o 57 54
o 59 53
o 60 47
o 62 46
o 63 56
o 64 45
o 65 55
o 66 44
o 67 58
o 69 57
o 70 43
o 71 60
o 72 42
o 73 59
o 74 41
o 76 40
o 77 62
o 78 39
o 79 61
o 80 38
o 81 64
o 83 63
o 84 37
o 86 36
o 87 66
o 88 35
o 89 65
o 90 34
o 91 68
o 93 67
o 94 33
o 95 70
o 96 32
o 97 69
o 98 31
o 100 30
+ 81 52
+ 83 51
+ 83 52
+ 85 51
+ 86 51
+ 88 50
+ 89 52
+ 91 51
+ 92 51
+ 94 50
+ 95 52
+ 97 51
+ 97 52
+ 99 51
+ 100 51
x 2 2
x 3 3
x 4 4
x 5 5
x 6 6
x 7 7
x 8 8
x 9 9
x 10 10
x 11 11
x 12 12
x 13 13
x 14 14
x 15 15
x 16 16
x 17 17
x 18 18
x 19 19
x 20 20
x 21 21
x 22 22
x 23 23
x 24 24
x 25 25
x 26 26
x 27 27
x 28 28
x 29 29
x 30 71
x 31 72
x 32 73
x 33 74
x 34 75
x 35 76
x 36 77
x 37 78
x 38 79
x 39 80
x 40 81
x 41 82
x 42 83
x 43 84
x 44 85
x 45 86
x 46 87
x 47 88
x 48 89
x 49 90
x 50 91
x 51 92
x 58 93
x 61 94
x 68 95
x 75 96
x 82 97
x 85 98
x 92 99
x 99 100

Case #63: 77 52
o 1 12
o 2 1
o 3 3
o 4 5
o 5 2
o 6 4
o 7 9
o 8 11
o 9 13
o 10 15
o 11 6
o 12 8
o 13 19
o 14 7
o 15 22
o 16 10
o 17 25
o 18 27
o 19 29
o 20 32
o 22 14
o 25 16
o 27 17
o 29 18
+ 1 14
+ 1 17
+ 1 22
+ 1 26
+ 1 27
+ 1 28
+ 1 29
+ 1 30
+ 1 32
+ 2 32
+ 6 29
+ 7 31
+ 10 29
+ 10 30
+ 13 1
+ 13 30
+ 14 32
+ 17 32
+ 18 32
+ 32 19
x 21 20
x 23 21
x 24 23
x 26 24
x 28 26
x 30 28
x 31 30
x 32 31

Case #64: 240 162
o 1 88
o 2 1
o 3 4
o 4 2
o 5 7
o 6 3
o 7 10
o 8 12
o 9 5
o 10 15
o 11 17
o 12 6
o 13 8
o 14 21
o 15 23
o 16 25
o 17 9
o 18 11
o 19 29
o 20 31
o 21 33
o 22 35
o 23 13
o 24 38
o 25 14
o 26 41
o 27 18
o 28 16
o 29 45
o 30 47
o 31 49
o 32 51
o 33 19
o 34 54
o 35 20
o 36 57
o 37 24
o 38 22
o 39 61
o 40 63
o 41 65
o 42 67
o 43 26
o 44 70
o 45 27
o 46 73
o 47 28
o 48 76
o 49 78
o 50 80
o 51 30
o 52 32
o 53 84
o 54 86
o 55 89
o 56 34
o 57 90
o 58 93
o 59 36
o 60 96
o 61 37
o 62 99
o 65 39
o 67 40
o 68 43
o 70 42
o 73 44
o 76 46
o 80 48
o 81 50
o 86 52
o 88 53
o 89 56
o 91 55
o 95 58
o 98 59
o 100 60
+ 1 39
+ 1 41
+ 1 42
+ 1 45
+ 1 46
+ 1 48
+ 1 49
+ 1 52
+ 1 55
+ 1 57
+ 1 58
+ 1 62
+ 1 63
+ 1 64
+ 1 65
+ 1 67
+ 1 69
+ 1 70
+ 1 72
+ 1 75
+ 1 77
+ 1 78
+ 1 81
+ 1 84
+ 1 85
+ 1 86
+ 1 90
+ 1 91
+ 1 93
+ 1 95
+ 1 96
+ 1 98
+ 1 100
+ 2 100
+ 6 99
+ 10 98
+ 12 98
+ 16 97
+ 17 99
+ 18 97
+ 20 98
+ 23 98
+ 24 96
+ 25 98
+ 28 98
+ 29 96
+ 32 97
+ 36 96
+ 37 96
+ 38 96
+ 40 95
+ 42 94
+ 43 96
+ 46 96
+ 47 96
+ 51 97
+ 53 96
+ 54 96
+ 58 97
+ 95 57
+ 98 56
+ 100 59
x 63 62
x 64 64
x 66 66
x 69 68
x 71 69
x 72 71
x 74 72
x 75 74
x 77 75
x 78 77
x 79 79
x 82 81
x 83 82
x 84 83
x 85 85
x 87 87
x 90 91
x 92 92
x 93 94
x 94 95
x 96 97
x 97 98
x 99 100

Case #65: 109 70
o 2 1
o 3 3
o 4 5
o 5 2
o 6 4
o 7 9
o 8 11
o 9 14
o 10 16
o 11 6
o 12 8
o 13 17
o 14 7
o 15 22
o 16 25
o 17 27
o 18 10
o 19 13
o 20 28
o 21 12
o 22 33
o 23 35
o 24 37
o 25 40
o 26 42
o 27 15
o 28 18
o 29 43
o 30 19
o 33 20
o 35 21
o 39 23
o 41 26
o 42 24
o 46 29
+ 1 24
+ 1 26
+ 1 28
+ 1 30
+ 1 33
+ 1 34
+ 1 35
+ 1 37
+ 1 38
+ 1 42
+ 1 44
+ 1 46
+ 4 46
+ 6 45
+ 6 46
+ 11 46
+ 12 42
+ 14 45
+ 16 44
+ 19 45
+ 21 42
+ 25 44
+ 26 44
+ 27 44
+ 46 27
x 31 30
x 32 31
x 34 32
x 36 34
x 37 36
x 38 38
x 40 41
x 43 44
x 44 45
x 45 46

Case #66: 198 133
o 1 70
o 2 1
o 3 3
o 4 5
o 5 2
o 6 4
o 7 9
o 8 11
o 9 13
o 10 15
o 11 6
o 12 8
o 13 19
o 14 7
o 15 22
o 16 10
o 17 25
o 18 27
o 19 29
o 20 31
o 21 12
o 22 14
o 23 35
o 24 37
o 25 39
o 26 42
o 27 16
o 28 18
o 29 44
o 30 17
o 31 48
o 32 20
o 33 51
o 34 53
o 35 21
o 36 56
o 37 58
o 38 60
o 39 23
o 40 63
o 41 24
o 42 66
o 43 68
o 44 26
o 45 30
o 46 72
o 47 74
o 48 28
o 49 77
o 50 79
o 51 32
o 52 82
o 55 33
o 57 34
o 59 38
o 60 36
o 65 40
o 68 41
o 69 43
o 74 45
o 75 47
o 77 46
o 79 49
o 82 50
+ 1 33
+ 1 34
+ 1 37
+ 1 38
+ 1 39
+ 1 40
+ 1 43
+ 1 48
+ 1 49
+ 1 52
+ 1 53
+ 1 54
+ 1 56
+ 1 58
+ 1 59
+ 1 62
+ 1 65
+ 1 68
+ 1 71
+ 1 73
+ 1 76
+ 1 77
+ 1 79
+ 1 80
+ 1 81
+ 2 83
+ 6 80
+ 6 83
+ 10 83
+ 11 79
+ 14 80
+ 18 81
+ 19 81
+ 21 80
+ 21 81
+ 24 80
+ 26 80
+ 29 78
+ 30 80
+ 34 79
+ 34 80
+ 36 79
+ 36 80
+ 38 79
+ 40 80
+ 45 79
+ 45 80
+ 48 79
+ 82 48
+ 82 49
x 53 52
x 54 54
x 56 55
x 58 57
x 61 59
x 62 61
x 63 62
x 64 64
x 66 65
x 67 67
x 70 69
x 71 71
x 72 73
x 73 75
x 76 76
x 78 78
x 80 80
x 81 81
x 83 83

Case #67: 204 137
o 2 1
o 3 3
o 4 5
o 5 2
o 6 4
o 7 9
o 8 11
o 9 13
o 10 15
o 11 6
o 12 8
o 13 19
o 14 7
o 15 22
o 16 10
o 17 25
o 18 27
o 19 29
o 20 31
o 21 12
o 22 14
o 23 35
o 24 37
o 25 39
o 26 41
o 27 16
o 28 18
o 29 45
o 30 17
o 31 48
o 32 20
o 33 51
o 34 53
o 35 21
o 36 56
o 37 58
o 38 60
o 39 23
o 40 63
o 41 24
o 42 66
o 43 28
o 44 26
o 45 70
o 46 72
o 47 74
o 48 76
o 49 78
o 50 30
o 51 32
o 52 82
o 53 84
o 55 33
o 57 34
o 59 38
o 60 36
o 65 40
o 68 42
o 70 43
o 72 44
o 76 46
o 78 47
o 79 50
o 81 49
+ 1 33
+ 1 34
+ 1 37
+ 1 38
+ 1 39
+ 1 43
+ 1 48
+ 1 49
+ 1 52
+ 1 53
+ 1 56
+ 1 58
+ 1 59
+ 1 62
+ 1 65
+ 1 67
+ 1 68
+ 1 71
+ 1 72
+ 1 74
+ 1 75
+ 1 76
+ 1 77
+ 1 80
+ 1 81
+ 1 84
+ 1 85
+ 4 85
+ 6 84
+ 8 85
+ 11 83
+ 15 84
+ 16 84
+ 18 83
+ 20 82
+ 22 82
+ 22 85
+ 25 81
+ 25 84
+ 29 83
+ 31 80
+ 32 82
+ 36 81
+ 37 83
+ 38 81
+ 41 82
+ 41 85
+ 44 84
+ 48 83
+ 49 83
+ 83 50
+ 85 50
+ 85 51
x 54 52
x 56 55
x 58 57
x 61 59
x 62 61
x 63 62
x 64 64
x 66 65
x 67 67
x 69 68
x 71 69
x 73 71
x 74 73
x 75 75
x 77 77
x 80 79
x 82 80
x 83 81
x 84 83
x 85 85

Case #68: 105 69
o 1 31
o 2 1
o 3 3
o 4 5
o 5 2
o 6 4
o 7 9
o 8 11
o 9 13
o 10 15
o 11 6
o 12 8
o 13 20
o 14 7
o 15 21
o 16 10
o 17 25
o 18 27
o 19 29
o 20 32
o 21 34
o 22 12
o 23 14
o 24 16
o 25 36
o 26 40
o 27 42
o 28 44
o 29 17
o 30 19
o 32 18
o 35 22
o 39 23
o 41 24
o 43 28
o 44 26
+ 1 22
+ 1 23
+ 1 26
+ 1 27
+ 1 28
+ 1 29
+ 1 30
+ 1 34
+ 1 37
+ 1 38
+ 1 40
+ 1 42
+ 1 43
+ 6 41
+ 10 41
+ 10 44
+ 12 44
+ 15 38
+ 17 41
+ 20 39
+ 20 40
+ 23 40
+ 23 41
+ 43 24
+ 44 24
x 31 30
x 33 33
x 34 35
x 36 37
x 37 38
x 38 39
x 40 41
x 42 43

Case #69: 241 161
o 1 1
o 2 3
o 3 7
o 4 2
o 5 8
o 6 5
o 7 13
o 8 4
o 9 6
o 10 18
o 11 20
o 12 22
o 13 24
o 14 9
o 15 27
o 16 10
o 17 30
o 18 11
o 19 33
o 20 12
o 21 36
o 22 38
o 23 40
o 24 14
o 25 16
o 26 44
o 27 46
o 28 15
o 29 17
o 30 19
o 31 51
o 32 53
o 33 56
o 34 58
o 35 21
o 36 61
o 37 63
o 38 23
o 39 66
o 40 68
o 41 25
o 42 71
o 43 26
o 44 74
o 45 76
o 46 28
o 47 79
o 48 29
o 49 82
o 50 84
o 51 86
o 52 31
o 53 89
o 54 32
o 55 35
o 56 93
o 57 34
o 58 96
o 59 98
o 60 100
o 61 37
o 64 39
o 68 41
o 69 43
o 72 42
o 74 45
o 75 47
o 79 48
o 81 49
o 83 50
o 86 52
o 89 54
o 91 55
o 94 57
o 97 59
o 99 60
+ 1 43
+ 1 44
+ 1 47
+ 1 49
+ 1 50
+ 1 52
+ 1 53
+ 1 54
+ 1 57
+ 1 58
+ 1 61
+ 1 63
+ 1 64
+ 1 66
+ 1 67
+ 1 70
+ 1 71
+ 1 74
+ 1 75
+ 1 77
+ 1 78
+ 1 79
+ 1 80
+ 1 83
+ 1 86
+ 1 87
+ 1 92
+ 1 93
+ 1 94
+ 1 95
+ 1 98
+ 1 100
+ 2 100
+ 4 100
+ 8 98
+ 9 98
+ 11 99
+ 12 99
+ 16 99
+ 16 100
+ 18 99
+ 20 100
+ 24 99
+ 26 98
+ 27 98
+ 30 98
+ 31 98
+ 34 98
+ 37 98
+ 39 97
+ 40 99
+ 43 97
+ 43 98
+ 47 97
+ 49 96
+ 51 96
+ 52 96
+ 56 97
+ 95 55
+ 97 55
+ 98 57
x 62 62
x 63 64
x 65 65
x 66 67
x 67 69
x 70 70
x 71 72
x 73 73
x 76 75
x 77 77
x 78 78
x 80 80
x 82 81
x 84 83
x 85 85
x 87 87
x 88 88
x 90 90
x 92 91
x 93 92
x 95 94
x 96 95
x 98 97
x 100 99

Case #70: 255 113
o 52 50
o 53 52
o 54 49
o 55 51
o 56 48
o 57 54
o 59 53
o 60 47
o 62 46
o 63 56
o 64 45
o 65 55
o 66 44
o 67 58
o 69 57
o 70 43
o 71 60
o 72 42
o 73 59
o 74 41
o 76 40
o 77 62
o 78 39
o 80 38
o 81 63
o 82 65
o 84 37
o 85 64
o 86 36
o 87 67
o 88 35
o 89 66
o 90 34
o 92 68
o 94 33
o 95 69
o 96 32
o 97 72
o 98 31
o 99 71
o 100 30
+ 81 52
+ 83 51
+ 83 52
+ 85 51
+ 86 51
+ 88 50
+ 89 52
+ 90 50
+ 92 51
+ 93 49
+ 94 51
+ 96 50
+ 98 50
+ 98 53
x 2 1
x 3 2
x 4 3
x 5 4
x 6 5
x 7 6
x 8 7
x 9 8
x 10 9
x 11 10
x 12 11
x 13 12
x 14 13
x 15 14
x 16 15
x 17 16
x 18 17
x 19 18
x 20 19
x 21 20
x 22 21
x 23 22
x 24 23
x 25 24
x 26 25
x 27 26
x 28 27
x 29 28
x 30 29
x 31 70
x 32 73
x 33 74
x 34 75
x 35 76
x 36 77
x 37 78
x 38 79
x 39 80
x 40 81
x 41 82
x 42 83
x 43 84
x 44 85
x 45 86
x 46 87
x 47 88
x 48 89
x 49 90
x 50 91
x 51 92
x 58 93
x 61 94
x 68 95
x 75 96
x 79 97
x 83 98
x 91 99
x 93 100

Case #71: 76 49
o 2 1
o 3 3
o 4 5
o 5 2
o 6 4
o 7 9
o 8 11
o 9 13
o 10 15
o 11 6
o 12 8
o 13 19
o 14 7
o 15 22
o 16 10
o 17 25
o 18 27
o 19 29
o 20 31
o 21 12
o 22 14
o 27 16
o 28 18
o 30 17
o 32 20
+ 1 13
+ 1 14
+ 1 17
+ 1 22
+ 1 23
+ 1 26
+ 1 27
+ 1 29
+ 1 30
+ 2 32
+ 6 29
+ 7 31
+ 10 29
+ 10 30
+ 12 29
+ 13 31
+ 17 32
+ 18 32
x 23 21
x 24 23
x 25 24
x 26 26
x 29 30
x 31 32

Case #72: 226 153
o 2 1
o 3 3
o 4 5
o 5 2
o 6 8
o 7 10
o 8 4
o 9 7
o 10 14
o 11 16
o 12 6
o 13 19
o 14 21
o 15 24
o 16 26
o 17 12
o 18 29
o 19 11
o 20 13
o 21 33
o 22 35
o 23 37
o 24 39
o 25 15
o 26 17
o 27 43
o 28 45
o 29 47
o 30 18
o 31 20
o 32 51
o 33 53
o 34 55
o 35 57
o 36 22
o 37 60
o 38 23
o 39 63
o 40 27
o 41 25
o 42 67
o 43 69
o 44 71
o 45 73
o 46 28
o 47 30
o 48 77
o 49 79
o 50 31
o 51 82
o 52 32
o 53 85
o 54 87
o 55 89
o 56 34
o 57 36
o 58 93
o 61 38
o 64 40
o 66 41
o 68 42
o 72 44
o 73 46
o 78 48
o 79 50
o 81 49
o 83 52
o 88 54
o 89 56
o 94 58
+ 1 37
+ 1 40
+ 1 43
+ 1 44
+ 1 45
+ 1 48
+ 1 49
+ 1 52
+ 1 54
+ 1 55
+ 1 58
+ 1 61
+ 1 63
+ 1 64
+ 1 67
+ 1 68
+ 1 70
+ 1 71
+ 1 74
+ 1 77
+ 1 78
+ 1 79
+ 1 81
+ 1 84
+ 1 86
+ 1 87
+ 1 90
+ 1 93
+ 1 94
+ 3 93
+ 5 93
+ 7 94
+ 8 92
+ 11 92
+ 12 94
+ 13 92
+ 17 91
+ 18 93
+ 21 92
+ 21 93
+ 26 91
+ 26 94
+ 29 93
+ 30 91
+ 32 91
+ 33 91
+ 36 1
+ 36 91
+ 38 94
+ 41 90
+ 41 93
+ 45 91
+ 46 91
+ 49 90
+ 50 90
+ 53 90
+ 54 92
+ 92 55
+ 93 55
+ 94 55
x 59 59
x 60 61
x 62 62
x 63 64
x 65 65
x 67 66
x 69 68
x 70 70
x 71 72
x 74 74
x 75 75
x 76 76
x 77 78
x 80 80
x 82 81
x 84 83
x 85 84
x 86 86
x 87 88
x 90 90
x 91 91
x 92 92
x 93 94

Case #73: 210 139
o 2 4
o 3 1
o 4 3
o 5 5
o 6 9
o 7 11
o 8 13
o 9 15
o 10 6
o 11 8
o 12 19
o 13 21
o 14 23
o 15 7
o 16 10
o 17 12
o 18 28
o 19 30
o 20 32
o 21 14
o 22 35
o 23 37
o 24 39
o 25 16
o 26 42
o 27 17
o 28 45
o 29 18
o 30 49
o 31 51
o 32 53
o 33 20
o 34 22
o 35 57
o 36 59
o 37 61
o 38 24
o 39 64
o 40 25
o 41 67
o 42 69
o 43 26
o 44 72
o 45 27
o 46 75
o 47 31
o 48 29
o 49 79
o 50 82
o 51 84
o 52 86
o 53 33
o 55 34
o 58 36
o 61 38
o 64 40
o 66 41
o 69 43
o 71 44
o 74 46
o 76 47
o 78 48
o 81 50
o 84 52
o 87 54
+ 1 37
+ 1 38
+ 1 39
+ 1 41
+ 1 42
+ 1 44
+ 1 47
+ 1 49
+ 1 50
+ 1 53
+ 1 57
+ 1 58
+ 1 60
+ 1 63
+ 1 65
+ 1 66
+ 1 70
+ 1 73
+ 1 74
+ 1 75
+ 1 79
+ 1 80
+ 1 82
+ 1 83
+ 1 86
+ 1 87
+ 3 87
+ 4 87
+ 8 85
+ 10 86
+ 11 86
+ 15 85
+ 15 86
+ 18 84
+ 19 86
+ 23 83
+ 23 86
+ 26 84
+ 26 87
+ 30 84
+ 31 86
+ 34 84
+ 34 85
+ 35 1
+ 39 83
+ 39 86
+ 41 83
+ 41 86
+ 45 84
+ 49 84
+ 83 47
+ 86 48
+ 86 51
x 54 55
x 56 56
x 57 58
x 59 60
x 60 62
x 62 63
x 63 65
x 65 66
x 67 68
x 68 70
x 70 71
x 72 73
x 73 74
x 75 76
x 77 77
x 79 78
x 80 80
x 82 81
x 83 83
x 85 85
x 86 87

Case #74: 240 163
o 1 47
o 2 1
o 3 3
o 4 5
o 5 2
o 6 4
o 7 9
o 8 11
o 9 13
o 10 15
o 11 6
o 12 8
o 13 19
o 14 7
o 15 22
o 16 10
o 17 25
o 18 27
o 19 30
o 20 32
o 21 12
o 22 14
o 23 33
o 24 37
o 25 39
o 26 41
o 27 16
o 28 18
o 29 45
o 30 17
o 31 48
o 32 50
o 33 21
o 34 53
o 35 20
o 36 56
o 37 23
o 38 59
o 39 61
o 40 63
o 41 24
o 42 26
o 43 67
o 44 69
o 45 71
o 46 73
o 47 28
o 48 76
o 49 29
o 50 79
o 51 81
o 52 31
o 53 35
o 54 85
o 55 87
o 56 34
o 57 90
o 58 92
o 59 36
o 60 95
o 61 97
o 62 99
o 63 38
o 64 40
o 69 42
o 70 44
o 72 43
o 74 46
o 79 49
o 82 51
o 84 52
o 87 54
o 89 55
o 92 57
o 94 58
o 97 60
o 100 62
+ 1 39
+ 1 40
+ 1 43
+ 1 49
+ 1 50
+ 1 52
+ 1 56
+ 1 57
+ 1 58
+ 1 61
+ 1 62
+ 1 65
+ 1 68
+ 1 69
+ 1 70
+ 1 71
+ 1 72
+ 1 75
+ 1 76
+ 1 79
+ 1 80
+ 1 83
+ 1 84
+ 1 85
+ 1 88
+ 1 90
+ 1 92
+ 1 93
+ 1 95
+ 1 97
+ 1 98
+ 2 100
+ 5 100
+ 7 100
+ 8 98
+ 10 98
+ 12 97
+ 13 99
+ 18 99
+ 19 99
+ 22 99
+ 23 99
+ 25 98
+ 27 99
+ 30 95
+ 32 95
+ 32 98
+ 36 95
+ 36 98
+ 40 98
+ 41 94
+ 43 97
+ 45 92
+ 47 99
+ 49 94
+ 49 99
+ 51 94
+ 55 96
+ 55 99
+ 58 98
+ 96 57
+ 100 59
+ 100 60
x 65 64
x 66 65
x 67 66
x 68 68
x 71 70
x 73 72
x 75 74
x 76 75
x 77 77
x 78 78
x 80 80
x 81 82
x 83 83
x 85 84
x 86 86
x 88 88
x 90 89
x 91 91
x 93 93
x 95 94
x 96 96
x 98 98
x 99 100

Case #75: 235 158
o 2 1
o 3 3
o 4 5
o 5 2
o 6 4
o 7 9
o 8 11
o 9 13
o 10 15
o 11 6
o 12 8
o 13 19
o 14 7
o 15 22
o 16 10
o 17 25
o 18 27
o 19 29
o 20 31
o 21 12
o 22 14
o 23 35
o 24 37
o 25 39
o 26 41
o 27 16
o 28 44
o 29 46
o 30 17
o 31 21
o 32 18
o 33 51
o 34 53
o 35 20
o 36 24
o 37 57
o 38 59
o 39 23
o 40 62
o 41 64
o 42 66
o 43 26
o 44 69
o 45 71
o 46 28
o 47 74
o 48 76
o 49 30
o 50 79
o 51 81
o 52 83
o 53 32
o 54 34
o 55 87
o 56 33
o 57 90
o 58 92
o 59 94
o 60 36
o 61 97
o 63 38
o 64 42
o 67 40
o 69 43
o 75 47
o 77 48
o 79 49
o 81 50
o 84 52
o 87 54
o 89 55
o 92 56
o 93 58
o 97 60
+ 1 38
+ 1 39
+ 1 40
+ 1 43
+ 1 48
+ 1 52
+ 1 53
+ 1 55
+ 1 56
+ 1 58
+ 1 62
+ 1 64
+ 1 65
+ 1 67
+ 1 69
+ 1 70
+ 1 72
+ 1 75
+ 1 76
+ 1 77
+ 1 79
+ 1 80
+ 1 81
+ 1 85
+ 1 89
+ 1 90
+ 1 91
+ 1 92
+ 1 94
+ 1 97
+ 1 98
+ 3 97
+ 6 98
+ 8 95
+ 12 97
+ 12 98
+ 14 97
+ 16 98
+ 19 96
+ 22 95
+ 23 95
+ 25 95
+ 26 93
+ 29 94
+ 32 94
+ 34 93
+ 35 95
+ 38 96
+ 40 93
+ 41 97
+ 44 93
+ 45 95
+ 47 92
+ 49 97
+ 50 93
+ 52 93
+ 56 96
+ 94 55
+ 96 58
+ 98 57
+ 98 58
x 62 61
x 65 63
x 66 65
x 68 67
x 70 68
x 71 70
x 72 72
x 73 73
x 74 75
x 76 77
x 78 78
x 80 80
x 82 82
x 83 84
x 85 85
x 86 86
x 88 88
x 90 89
x 91 91
x 94 93
x 95 95
x 96 96
x 98 98

Case #76: 256 115
o 1 1
o 52 50
o 53 52
o 54 49
o 55 51
o 56 48
o 57 54
o 59 53
o 60 47
o 62 46
o 63 56
o 64 45
o 65 55
o 66 44
o 67 58
o 69 57
o 70 43
o 71 60
o 72 42
o 73 59
o 74 41
o 76 40
o 77 62
o 78 39
o 79 61
o 80 38
o 81 64
o 83 63
o 84 37
o 86 36
o 87 66
o 88 35
o 89 65
o 90 34
o 91 68
o 93 67
o 94 33
o 95 70
o 96 32
o 97 69
o 98 31
o 100 30
+ 81 52
+ 83 51
+ 83 52
+ 85 51
+ 86 51
+ 88 50
+ 89 52
+ 91 51
+ 92 51
+ 94 50
+ 95 52
+ 97 51
+ 97 52
+ 99 51
+ 100 51
x 2 2
x 3 3
x 4 4
x 5 5
x 6 6
x 7 7
x 8 8
x 9 9
x 10 10
x 11 11
x 12 12
x 13 13
x 14 14
x 15 15
x 16 16
x 17 17
x 18 18
x 19 19
x 20 20
x 21 21
x 22 22
x 23 23
x 24 24
x 25 25
x 26 26
x 27 27
x 28 28
x 29 29
x 30 71
x 31 72
x 32 73
x 33 74
x 34 75
x 35 76
x 36 77
x 37 78
x 38 79
x 39 80
x 40 81
x 41 82
x 42 83
x 43 84
x 44 85
x 45 86
x 46 87
x 47 88
x 48 89
x 49 90
x 50 91
x 51 92
x 58 93
x 61 94
x 68 95
x 75 96
x 82 97
x 85 98
x 92 99
x 99 100

Case #77: 13 6
o 1 4
o 2 1
o 4 5
o 5 2
+ 5 3
x 3 3

Case #78: 4 2
o 1 1
x 2 2

Case #79: 109 72
o 2 1
o 3 3
o 4 5
o 5 2
o 6 4
o 7 9
o 8 11
o 9 13
o 10 16
o 11 6
o 12 8
o 13 18
o 14 7
o 15 22
o 16 25
o 17 27
o 18 10
o 19 30
o 20 14
o 21 12
o 22 34
o 23 31
o 24 37
o 25 15
o 26 40
o 27 42
o 28 17
o 29 45
o 31 19
o 33 20
o 36 21
o 37 23
o 42 26
o 45 28
+ 1 22
+ 1 23
+ 1 26
+ 1 28
+ 1 29
+ 1 34
+ 1 35
+ 1 37
+ 1 38
+ 1 41
+ 1 42
+ 1 45
+ 1 46
+ 3 45
+ 6 45
+ 7 45
+ 10 45
+ 13 45
+ 14 45
+ 17 46
+ 18 44
+ 20 44
+ 23 42
+ 25 42
+ 25 45
+ 27 45
+ 45 26
x 30 29
x 32 32
x 34 33
x 35 35
x 38 36
x 39 38
x 40 39
x 41 41
x 43 43
x 44 44
x 46 46

Case #80: 115 75
o 1 29
o 2 1
o 3 3
o 4 6
o 5 2
o 6 7
o 7 5
o 8 11
o 9 13
o 10 15
o 11 4
o 12 8
o 13 19
o 14 9
o 15 23
o 16 10
o 17 26
o 18 28
o 19 30
o 20 33
o 21 12
o 22 14
o 23 37
o 24 39
o 25 41
o 26 16
o 27 44
o 28 17
o 29 47
o 30 18
o 34 20
o 35 22
o 37 21
o 40 25
o 43 24
o 45 27
o 48 31
+ 1 20
+ 1 23
+ 1 26
+ 1 27
+ 1 28
+ 1 30
+ 1 33
+ 1 34
+ 1 38
+ 1 39
+ 1 40
+ 1 43
+ 1 46
+ 2 48
+ 4 47
+ 4 48
+ 7 48
+ 8 48
+ 14 45
+ 14 48
+ 17 47
+ 19 42
+ 22 46
+ 24 45
+ 25 45
+ 47 26
+ 47 27
x 31 32
x 32 34
x 33 35
x 36 36
x 38 38
x 39 40
x 41 42
x 42 43
x 44 45
x 46 46
x 47 48

Case #81: 239 163
o 1 1
o 2 3
o 3 5
o 4 2
o 5 4
o 6 9
o 7 11
o 8 13
o 9 15
o 10 6
o 11 8
o 12 19
o 13 7
o 14 22
o 15 10
o 16 25
o 17 27
o 18 29
o 19 31
o 20 12
o 21 14
o 22 35
o 23 37
o 24 39
o 25 41
o 26 16
o 27 18
o 28 45
o 29 17
o 30 48
o 31 20
o 32 51
o 33 53
o 34 21
o 35 56
o 36 58
o 37 60
o 38 23
o 39 63
o 40 24
o 41 66
o 42 28
o 43 26
o 44 70
o 45 72
o 46 74
o 47 76
o 48 78
o 49 30
o 50 32
o 51 82
o 52 84
o 53 86
o 54 33
o 55 89
o 56 34
o 57 92
o 58 38
o 59 36
o 60 96
o 61 98
o 62 100
o 64 40
o 67 42
o 69 43
o 71 44
o 75 46
o 77 47
o 78 50
o 80 49
o 85 52
o 86 54
o 90 55
o 91 57
o 95 59
o 99 61
+ 1 42
+ 1 47
+ 1 48
+ 1 51
+ 1 52
+ 1 53
+ 1 55
+ 1 57
+ 1 58
+ 1 61
+ 1 64
+ 1 66
+ 1 67
+ 1 70
+ 1 71
+ 1 73
+ 1 74
+ 1 75
+ 1 76
+ 1 79
+ 1 80
+ 1 83
+ 1 84
+ 1 87
+ 1 88
+ 1 91
+ 1 92
+ 1 97
+ 1 98
+ 1 99
+ 1 100
+ 4 99
+ 6 99
+ 6 100
+ 8 100
+ 11 99
+ 11 100
+ 14 99
+ 16 100
+ 19 99
+ 19 100
+ 23 99
+ 27 98
+ 30 97
+ 31 99
+ 34 98
+ 35 96
+ 36 98
+ 38 1
+ 38 97
+ 40 98
+ 43 98
+ 45 98
+ 47 95
+ 49 98
+ 51 95
+ 53 98
+ 54 96
+ 55 98
+ 56 96
+ 58 97
+ 98 59
+ 99 59
x 63 62
x 65 64
x 66 65
x 68 67
x 70 68
x 72 69
x 73 71
x 74 73
x 76 75
x 79 77
x 81 79
x 82 80
x 83 81
x 84 83
x 87 85
x 88 87
x 89 88
x 92 90
x 93 91
x 94 93
x 96 94
x 97 95
x 98 97
x 100 99

Case #82: 215 142
o 2 1
o 3 3
o 4 5
o 5 2
o 6 4
o 7 9
o 8 11
o 9 14
o 10 16
o 11 6
o 12 8
o 13 17
o 14 7
o 15 22
o 16 24
o 17 26
o 18 10
o 19 13
o 20 31
o 21 12
o 22 32
o 23 35
o 24 37
o 25 39
o 26 15
o 27 42
o 28 18
o 29 45
o 30 47
o 31 19
o 32 50
o 33 20
o 34 53
o 35 21
o 36 57
o 37 59
o 38 61
o 39 23
o 40 25
o 41 65
o 42 67
o 43 69
o 44 27
o 45 72
o 46 74
o 47 28
o 48 78
o 49 29
o 50 81
o 51 33
o 52 85
o 53 87
o 54 89
o 55 34
o 58 36
o 62 38
o 63 40
o 66 41
o 70 43
o 72 44
o 74 48
o 75 46
o 79 49
o 82 51
o 84 52
o 87 54
o 89 55
+ 1 37
+ 1 38
+ 1 41
+ 1 43
+ 1 44
+ 1 47
+ 1 48
+ 1 51
+ 1 54
+ 1 56
+ 1 58
+ 1 59
+ 1 62
+ 1 66
+ 1 67
+ 1 69
+ 1 71
+ 1 72
+ 1 75
+ 1 78
+ 1 79
+ 1 80
+ 1 82
+ 1 84
+ 1 85
+ 1 87
+ 1 89
+ 2 89
+ 5 87
+ 9 89
+ 10 85
+ 12 85
+ 13 89
+ 16 85
+ 16 88
+ 19 86
+ 23 85
+ 24 87
+ 25 85
+ 28 87
+ 29 85
+ 32 86
+ 34 85
+ 36 88
+ 37 86
+ 41 89
+ 42 83
+ 44 83
+ 44 88
+ 48 86
+ 82 47
+ 86 49
+ 87 51
+ 89 50
x 56 56
x 57 58
x 59 60
x 60 62
x 61 63
x 64 64
x 65 66
x 67 68
x 68 70
x 69 71
x 71 73
x 73 75
x 76 76
x 77 77
x 78 79
x 80 80
x 81 82
x 83 83
x 85 84
x 86 86
x 88 88

Case #83: 256 114
o 52 50
o 53 52
o 54 49
o 55 51
o 56 48
o 57 54
o 59 53
o 60 47
o 62 46
o 63 56
o 64 45
o 65 55
o 66 44
o 67 58
o 69 57
o 70 43
o 71 60
o 72 42
o 73 59
o 74 41
o 76 40
o 77 62
o 78 39
o 79 61
o 80 38
o 81 64
o 83 63
o 84 37
o 86 36
o 87 66
o 88 35
o 89 65
o 90 34
o 91 68
o 93 67
o 94 33
o 95 70
o 96 32
o 97 69
o 98 31
o 100 30
+ 81 52
+ 83 51
+ 83 52
+ 85 51
+ 86 51
+ 88 50
+ 89 52
+ 91 51
+ 92 51
+ 94 50
+ 95 52
+ 97 51
+ 97 52
+ 99 51
+ 100 51
x 2 2
x 3 3
x 4 4
x 5 5
x 6 6
x 7 7
x 8 8
x 9 9
x 10 10
x 11 11
x 12 12
x 13 13
x 14 14
x 15 15
x 16 16
x 17 17
x 18 18
x 19 19
x 20 20
x 21 21
x 22 22
x 23 23
x 24 24
x 25 25
x 26 26
x 27 27
x 28 28
x 29 29
x 30 71
x 31 72
x 32 73
x 33 74
x 34 75
x 35 76
x 36 77
x 37 78
x 38 79
x 39 80
x 40 81
x 41 82
x 42 83
x 43 84
x 44 85
x 45 86
x 46 87
x 47 88
x 48 89
x 49 90
x 50 91
x 51 92
x 58 93
x 61 94
x 68 95
x 75 96
x 82 97
x 85 98
x 92 99
x 99 100

Case #84: 240 163
o 1 1
o 2 3
o 3 5
o 4 7
o 5 2
o 6 4
o 7 6
o 8 13
o 9 15
o 10 17
o 11 19
o 12 8
o 13 22
o 14 9
o 15 25
o 16 10
o 17 28
o 18 11
o 19 31
o 20 12
o 21 34
o 22 36
o 23 14
o 24 39
o 25 41
o 26 16
o 27 44
o 28 46
o 29 18
o 30 49
o 31 51
o 32 20
o 33 54
o 34 56
o 35 21
o 36 23
o 37 60
o 38 62
o 39 64
o 40 24
o 41 26
o 42 68
o 43 70
o 44 72
o 45 27
o 46 29
o 47 76
o 48 78
o 49 80
o 50 30
o 51 32
o 52 84
o 53 86
o 54 88
o 55 33
o 56 35
o 57 92
o 58 94
o 59 96
o 60 98
o 61 37
o 63 38
o 65 42
o 66 40
o 71 43
o 72 45
o 77 47
o 79 48
o 81 52
o 82 50
o 87 53
o 88 55
o 93 57
o 94 59
o 96 58
o 98 61
+ 1 40
+ 1 42
+ 1 43
+ 1 45
+ 1 47
+ 1 48
+ 1 50
+ 1 52
+ 1 53
+ 1 56
+ 1 59
+ 1 60
+ 1 61
+ 1 64
+ 1 67
+ 1 68
+ 1 69
+ 1 72
+ 1 75
+ 1 76
+ 1 77
+ 1 80
+ 1 83
+ 1 84
+ 1 85
+ 1 88
+ 1 91
+ 1 92
+ 1 93
+ 1 94
+ 1 95
+ 1 98
+ 2 100
+ 4 100
+ 5 100
+ 10 98
+ 10 99
+ 13 98
+ 13 99
+ 17 98
+ 19 99
+ 21 98
+ 21 99
+ 24 97
+ 25 97
+ 28 97
+ 29 99
+ 33 97
+ 33 98
+ 36 98
+ 37 98
+ 40 97
+ 41 97
+ 44 97
+ 45 99
+ 48 98
+ 50 95
+ 50 98
+ 52 95
+ 58 98
+ 95 56
+ 99 58
+ 100 60
x 62 63
x 64 65
x 67 66
x 68 67
x 69 69
x 70 71
x 73 73
x 74 74
x 75 75
x 76 77
x 78 79
x 80 81
x 83 82
x 84 83
x 85 85
x 86 87
x 89 89
x 90 90
x 91 91
x 92 93
x 95 95
x 97 97
x 99 99
x 100 100

Case #85: 160 107
o 1 43
o 2 1
o 3 3
o 4 5
o 5 2
o 6 4
o 7 9
o 8 11
o 9 13
o 10 15
o 11 6
o 12 8
o 13 19
o 14 7
o 15 22
o 16 10
o 17 25
o 18 27
o 19 29
o 20 31
o 21 12
o 22 14
o 23 35
o 24 37
o 25 39
o 26 41
o 27 16
o 28 18
o 29 45
o 30 17
o 31 48
o 32 20
o 33 51
o 34 53
o 35 21
o 36 56
o 37 58
o 38 60
o 39 24
o 40 63
o 41 65
o 42 23
o 43 26
o 44 28
o 48 30
o 53 32
o 54 34
o 56 33
o 58 36
o 62 38
o 65 40
+ 1 26
+ 1 27
+ 1 28
+ 1 29
+ 1 30
+ 1 33
+ 1 34
+ 1 37
+ 1 38
+ 1 40
+ 1 48
+ 1 49
+ 1 52
+ 1 53
+ 1 54
+ 1 56
+ 1 58
+ 1 59
+ 1 65
+ 1 67
+ 4 66
+ 4 67
+ 6 67
+ 8 67
+ 10 66
+ 13 67
+ 14 63
+ 16 66
+ 18 63
+ 20 63
+ 20 66
+ 23 67
+ 25 66
+ 29 64
+ 31 65
+ 33 64
+ 36 66
+ 63 36
+ 65 36
+ 65 39
x 45 42
x 46 44
x 47 46
x 49 47
x 50 49
x 51 50
x 52 52
x 55 54
x 57 55
x 59 57
x 60 59
x 61 61
x 63 62
x 64 64
x 66 66
x 67 67

Case #86: 155 104
o 1 45
o 2 1
o 3 3
o 4 5
o 5 2
o 6 4
o 7 9
o 8 11
o 9 13
o 10 15
o 11 6
o 12 8
o 13 19
o 14 7
o 15 22
o 16 10
o 17 25
o 18 27
o 19 29
o 20 31
o 21 12
o 22 14
o 23 35
o 24 37
o 25 39
o 26 41
o 27 16
o 28 44
o 29 46
o 30 17
o 31 21
o 32 18
o 33 51
o 34 53
o 35 20
o 36 24
o 37 57
o 38 59
o 39 23
o 40 62
o 41 64
o 43 26
o 46 28
o 49 30
o 53 32
o 54 34
o 56 33
o 60 36
o 63 38
o 64 42
+ 1 26
+ 1 27
+ 1 28
+ 1 29
+ 1 33
+ 1 34
+ 1 37
+ 1 38
+ 1 39
+ 1 40
+ 1 43
+ 1 48
+ 1 52
+ 1 53
+ 1 55
+ 1 56
+ 1 58
+ 1 62
+ 1 64
+ 2 64
+ 4 64
+ 6 64
+ 9 62
+ 12 61
+ 13 63
+ 15 63
+ 16 61
+ 17 63
+ 19 62
+ 21 61
+ 21 62
+ 26 60
+ 28 63
+ 30 60
+ 31 62
+ 34 58
+ 61 34
+ 62 36
+ 64 35
+ 64 36
x 42 40
x 44 43
x 45 47
x 47 48
x 48 49
x 50 50
x 51 52
x 52 54
x 55 55
x 57 56
x 58 58
x 59 60
x 61 61
x 62 63

Case #87: 240 160
o 1 98
o 2 1
o 3 5
o 4 2
o 5 6
o 6 3
o 7 10
o 8 4
o 9 13
o 10 16
o 11 18
o 12 7
o 13 21
o 14 23
o 15 8
o 16 26
o 17 11
o 18 9
o 19 30
o 20 12
o 21 33
o 22 35
o 23 37
o 24 14
o 25 40
o 26 15
o 27 43
o 28 45
o 29 17
o 30 48
o 31 50
o 32 19
o 33 53
o 34 55
o 35 20
o 36 22
o 37 59
o 38 62
o 39 64
o 40 24
o 41 67
o 42 25
o 43 66
o 44 71
o 45 27
o 46 74
o 47 28
o 48 77
o 49 79
o 50 29
o 51 31
o 52 83
o 53 85
o 54 87
o 55 32
o 56 34
o 57 91
o 58 93
o 59 95
o 60 97
o 61 36
o 62 100
o 63 39
o 66 38
o 68 42
o 70 41
o 73 46
o 74 44
o 79 47
o 80 49
o 85 51
o 87 52
o 89 56
o 90 54
o 95 57
o 97 58
o 98 61
o 100 60
+ 1 42
+ 1 43
+ 1 44
+ 1 46
+ 1 47
+ 1 49
+ 1 51
+ 1 52
+ 1 55
+ 1 58
+ 1 60
+ 1 61
+ 1 62
+ 1 65
+ 1 67
+ 1 68
+ 1 70
+ 1 73
+ 1 75
+ 1 76
+ 1 79
+ 1 82
+ 1 83
+ 1 84
+ 1 87
+ 1 90
+ 1 91
+ 1 92
+ 1 93
+ 1 94
+ 1 97
+ 1 100
+ 5 100
+ 6 100
+ 10 97
+ 12 100
+ 14 99
+ 15 99
+ 18 98
+ 19 98
+ 22 99
+ 23 99
+ 25 98
+ 27 97
+ 28 99
+ 31 99
+ 33 98
+ 35 97
+ 35 98
+ 38 96
+ 41 96
+ 42 98
+ 45 97
+ 45 98
+ 49 98
+ 51 95
+ 51 98
+ 55 95
+ 57 96
+ 99 57
x 64 63
x 65 65
x 67 68
x 69 69
x 71 70
x 72 72
x 75 73
x 76 75
x 77 76
x 78 78
x 81 80
x 82 81
x 83 82
x 84 84
x 86 86
x 88 88
x 91 89
x 92 90
x 93 92
x 94 94
x 96 96
x 99 99

Case #88: 241 159
o 1 1
o 2 7
o 3 4
o 4 10
o 5 3
o 6 5
o 7 14
o 8 17
o 9 6
o 10 2
o 11 21
o 12 8
o 13 24
o 14 9
o 15 27
o 16 29
o 17 11
o 18 32
o 19 12
o 20 35
o 21 37
o 22 13
o 23 40
o 24 42
o 25 15
o 26 45
o 27 16
o 28 48
o 29 51
o 30 18
o 31 52
o 32 19
o 33 57
o 34 20
o 35 58
o 36 61
o 37 22
o 38 64
o 39 23
o 40 67
o 41 69
o 42 25
o 43 72
o 44 26
o 45 75
o 46 78
o 47 28
o 48 81
o 49 83
o 50 85
o 51 30
o 52 88
o 53 31
o 54 34
o 55 92
o 56 94
o 57 96
o 58 33
o 59 36
o 60 100
o 62 38
o 65 39
o 68 41
o 71 43
o 73 44
o 76 46
o 78 47
o 81 49
o 83 50
o 88 53
o 89 55
o 91 54
o 92 56
o 97 59
o 99 60
+ 1 43
+ 1 45
+ 1 46
+ 1 48
+ 1 51
+ 1 52
+ 1 55
+ 1 56
+ 1 59
+ 1 60
+ 1 63
+ 1 64
+ 1 67
+ 1 68
+ 1 71
+ 1 72
+ 1 73
+ 1 76
+ 1 77
+ 1 81
+ 1 84
+ 1 85
+ 1 86
+ 1 91
+ 1 93
+ 1 95
+ 1 97
+ 1 98
+ 1 100
+ 4 99
+ 6 99
+ 9 97
+ 11 97
+ 11 100
+ 15 97
+ 16 97
+ 19 97
+ 20 99
+ 22 96
+ 24 97
+ 27 96
+ 29 97
+ 31 96
+ 32 96
+ 35 96
+ 37 97
+ 40 96
+ 40 97
+ 43 95
+ 43 96
+ 47 95
+ 47 96
+ 50 96
+ 53 96
+ 55 96
+ 96 56
+ 98 56
+ 98 57
+ 100 57
x 61 62
x 63 63
x 64 65
x 66 66
x 67 68
x 69 70
x 70 71
x 72 73
x 74 74
x 75 76
x 77 77
x 79 79
x 80 80
x 82 82
x 84 84
x 85 86
x 86 87
x 87 89
x 90 90
x 93 91
x 94 93
x 95 95
x 96 97
x 98 98
x 100 99

Case #89: 237 162
o 1 1
o 2 3
o 3 5
o 4 2
o 5 4
o 6 9
o 7 11
o 8 13
o 9 15
o 10 6
o 11 8
o 12 19
o 13 7
o 14 22
o 15 10
o 16 25
o 17 27
o 18 29
o 19 31
o 20 12
o 21 14
o 22 35
o 23 37
o 24 39
o 25 41
o 26 16
o 27 18
o 28 45
o 29 17
o 30 48
o 31 20
o 32 51
o 33 53
o 34 21
o 35 56
o 36 58
o 37 60
o 38 23
o 39 63
o 40 24
o 41 66
o 42 28
o 43 26
o 44 70
o 45 72
o 46 74
o 47 76
o 48 78
o 49 30
o 50 32
o 51 82
o 52 84
o 53 86
o 54 33
o 55 89
o 56 34
o 57 92
o 58 38
o 59 36
o 60 96
o 61 98
o 64 40
o 67 42
o 69 43
o 71 44
o 75 46
o 77 47
o 78 50
o 80 49
o 85 52
o 86 54
o 90 55
o 91 57
o 95 59
o 99 61
+ 1 39
+ 1 42
+ 1 47
+ 1 48
+ 1 51
+ 1 52
+ 1 53
+ 1 55
+ 1 57
+ 1 58
+ 1 61
+ 1 64
+ 1 66
+ 1 67
+ 1 70
+ 1 71
+ 1 73
+ 1 74
+ 1 75
+ 1 76
+ 1 79
+ 1 80
+ 1 83
+ 1 84
+ 1 87
+ 1 88
+ 1 91
+ 1 92
+ 1 97
+ 1 98
+ 1 99
+ 3 98
+ 5 98
+ 7 99
+ 8 97
+ 10 98
+ 13 97
+ 13 98
+ 16 97
+ 18 98
+ 21 97
+ 21 98
+ 27 95
+ 27 98
+ 30 97
+ 33 97
+ 35 96
+ 35 97
+ 38 1
+ 38 96
+ 38 97
+ 43 98
+ 45 93
+ 45 98
+ 49 93
+ 49 98
+ 52 94
+ 53 98
+ 55 95
+ 55 98
+ 58 97
+ 96 56
+ 98 59
x 62 62
x 63 64
x 65 65
x 66 67
x 68 68
x 70 69
x 72 71
x 73 73
x 74 75
x 76 77
x 79 79
x 81 80
x 82 81
x 83 83
x 84 85
x 87 87
x 88 88
x 89 90
x 92 91
x 93 93
x 94 94
x 96 95
x 97 97
x 98 99

Case #90: 243 159
o 1 1
o 2 4
o 3 7
o 4 10
o 5 3
o 6 5
o 7 8
o 8 16
o 9 18
o 10 2
o 11 21
o 12 6
o 13 9
o 14 11
o 15 28
o 16 32
o 17 12
o 18 35
o 19 31
o 20 13
o 21 39
o 22 36
o 23 14
o 24 43
o 25 15
o 26 46
o 27 48
o 28 17
o 29 51
o 30 53
o 31 56
o 32 19
o 33 59
o 34 20
o 35 62
o 36 64
o 37 25
o 38 23
o 39 68
o 40 24
o 41 22
o 42 72
o 43 26
o 44 75
o 45 77
o 46 79
o 47 27
o 48 30
o 49 83
o 50 29
o 51 86
o 52 89
o 53 91
o 54 93
o 55 33
o 56 97
o 57 34
o 58 100
o 61 37
o 63 38
o 66 40
o 68 41
o 70 42
o 73 44
o 75 45
o 79 47
o 80 49
o 83 50
o 86 52
o 89 54
o 91 55
o 94 57
o 96 58
o 99 60
+ 1 46
+ 1 48
+ 1 51
+ 1 54
+ 1 55
+ 1 56
+ 1 64
+ 1 65
+ 1 67
+ 1 69
+ 1 70
+ 1 72
+ 1 75
+ 1 76
+ 1 80
+ 1 81
+ 1 83
+ 1 84
+ 1 85
+ 1 88
+ 1 89
+ 1 92
+ 1 93
+ 1 94
+ 1 95
+ 1 98
+ 2 100
+ 4 99
+ 4 100
+ 8 97
+ 9 99
+ 12 98
+ 13 98
+ 16 97
+ 19 96
+ 19 97
+ 21 97
+ 24 97
+ 26 98
+ 28 95
+ 29 99
+ 31 96
+ 34 96
+ 35 96
+ 37 97
+ 38 97
+ 39 97
+ 42 2
+ 42 98
+ 44 95
+ 45 97
+ 48 97
+ 50 98
+ 52 98
+ 53 96
+ 97 55
+ 98 57
+ 100 56
+ 100 57
x 59 61
x 60 63
x 62 65
x 64 66
x 65 67
x 67 69
x 69 70
x 71 71
x 72 73
x 74 74
x 76 76
x 77 78
x 78 80
x 81 81
x 82 82
x 84 84
x 85 85
x 87 87
x 88 88
x 90 90
x 92 92
x 93 94
x 95 95
x 97 96
x 98 98
x 100 99

Case #91: 242 162
o 1 1
o 2 3
o 3 5
o 4 2
o 5 4
o 6 9
o 7 11
o 8 14
o 9 16
o 10 6
o 11 8
o 12 21
o 13 7
o 14 24
o 15 26
o 16 28
o 17 10
o 18 13
o 19 32
o 20 34
o 21 36
o 22 12
o 23 39
o 24 15
o 25 17
o 26 43
o 27 45
o 28 47
o 29 18
o 30 50
o 31 19
o 32 53
o 33 20
o 34 56
o 35 58
o 36 22
o 37 61
o 38 23
o 39 64
o 40 67
o 41 25
o 42 70
o 43 72
o 44 27
o 45 76
o 46 78
o 47 29
o 48 81
o 49 30
o 50 84
o 51 31
o 52 87
o 53 89
o 54 33
o 55 92
o 56 94
o 57 35
o 58 97
o 59 99
o 60 37
o 62 38
o 65 40
o 67 41
o 69 42
o 72 44
o 76 46
o 77 48
o 81 49
o 82 51
o 85 52
o 89 54
o 91 55
o 93 59
o 94 57
o 99 60
o 100 62
+ 1 42
+ 1 44
+ 1 45
+ 1 47
+ 1 48
+ 1 51
+ 1 54
+ 1 55
+ 1 58
+ 1 59
+ 1 62
+ 1 63
+ 1 64
+ 1 66
+ 1 67
+ 1 69
+ 1 72
+ 1 73
+ 1 76
+ 1 77
+ 1 80
+ 1 82
+ 1 83
+ 1 85
+ 1 87
+ 1 88
+ 1 90
+ 1 93
+ 1 94
+ 1 95
+ 1 98
+ 1 100
+ 2 100
+ 4 100
+ 8 98
+ 9 100
+ 11 99
+ 14 99
+ 17 97
+ 17 100
+ 20 98
+ 21 98
+ 23 97
+ 25 98
+ 28 98
+ 29 98
+ 32 96
+ 32 99
+ 36 96
+ 38 97
+ 40 96
+ 43 95
+ 43 98
+ 46 94
+ 47 98
+ 50 99
+ 51 93
+ 54 99
+ 94 54
+ 98 56
+ 99 58
+ 100 56
x 61 63
x 63 65
x 64 66
x 66 68
x 68 69
x 70 71
x 71 73
x 73 74
x 74 75
x 75 77
x 78 79
x 79 80
x 80 82
x 83 83
x 84 85
x 86 86
x 87 88
x 88 90
x 90 91
x 92 93
x 95 95
x 96 96
x 97 98
x 98 100

Case #92: 52 32
o 2 4
o 3 1
o 4 3
o 5 8
o 6 10
o 7 12
o 8 14
o 9 5
o 10 7
o 11 18
o 12 21
o 14 6
o 15 9
o 16 11
o 22 13
+ 1 11
+ 1 14
+ 1 20
+ 1 22
+ 4 21
+ 4 22
+ 7 21
+ 8 1
+ 9 21
+ 10 21
+ 21 11
x 13 15
x 17 16
x 18 17
x 19 19
x 20 20
x 21 22

Case #93: 16 7
o 3 2
o 4 6
o 5 3
o 7 4
+ 3 6
x 2 5
x 6 7

Case #94: 65 41
o 2 1
o 3 3
o 4 6
o 5 2
o 6 7
o 7 5
o 8 11
o 9 13
o 10 4
o 11 16
o 12 8
o 13 19
o 14 9
o 15 23
o 16 25
o 17 27
o 18 10
o 19 12
o 23 14
o 25 15
+ 1 14
+ 1 16
+ 1 17
+ 1 20
+ 1 23
+ 1 25
+ 2 27
+ 5 25
+ 6 27
+ 8 26
+ 9 26
+ 12 24
+ 14 25
+ 27 15
+ 27 16
x 20 17
x 21 18
x 22 20
x 24 21
x 26 22
x 27 26

Case #95: 63 42
o 2 1
o 3 3
o 4 5
o 5 2
o 6 4
o 7 9
o 8 11
o 9 13
o 10 15
o 11 7
o 12 18
o 13 8
o 14 6
o 15 22
o 16 10
o 17 25
o 19 12
o 24 14
o 26 17
+ 1 10
+ 1 11
+ 1 12
+ 1 13
+ 1 14
+ 1 22
+ 1 23
+ 1 26
+ 2 26
+ 3 26
+ 6 26
+ 7 26
+ 8 26
+ 9 26
+ 10 26
+ 25 14
+ 26 14
x 18 19
x 20 20
x 21 21
x 22 23
x 23 24
x 25 26

Case #96: 22 12
o 1 8
o 2 1
o 3 4
o 4 2
o 5 7
o 6 9
o 8 3
o 9 5
+ 1 7
+ 4 1
+ 4 9
x 7 6

Case #97: 227 154
o 1 42
o 2 1
o 3 4
o 4 6
o 5 3
o 6 9
o 7 2
o 8 5
o 9 14
o 10 10
o 11 7
o 12 18
o 13 20
o 14 8
o 15 23
o 16 25
o 17 27
o 18 11
o 19 30
o 20 12
o 21 33
o 22 13
o 23 36
o 24 38
o 25 15
o 26 41
o 27 43
o 28 17
o 29 46
o 30 16
o 31 19
o 32 50
o 33 52
o 34 21
o 35 55
o 36 57
o 37 59
o 38 22
o 39 24
o 40 63
o 41 65
o 42 67
o 43 26
o 44 70
o 45 72
o 46 28
o 47 75
o 48 29
o 49 78
o 50 80
o 51 82
o 52 31
o 53 85
o 54 32
o 55 88
o 56 90
o 57 34
o 58 93
o 59 35
o 60 40
o 62 37
o 65 39
o 71 44
o 73 45
o 76 47
o 78 48
o 80 49
o 83 51
o 86 53
o 88 54
o 91 56
o 94 58
+ 1 38
+ 1 41
+ 1 46
+ 1 47
+ 1 50
+ 1 51
+ 1 52
+ 1 55
+ 1 56
+ 1 57
+ 1 60
+ 1 63
+ 1 64
+ 1 65
+ 1 67
+ 1 70
+ 1 71
+ 1 72
+ 1 75
+ 1 77
+ 1 78
+ 1 79
+ 1 80
+ 1 83
+ 1 86
+ 1 87
+ 1 88
+ 1 91
+ 1 94
+ 3 94
+ 3 95
+ 6 95
+ 7 95
+ 11 94
+ 13 94
+ 14 94
+ 18 93
+ 19 91
+ 20 93
+ 22 90
+ 26 93
+ 28 88
+ 28 93
+ 31 89
+ 32 93
+ 36 88
+ 37 94
+ 40 88
+ 41 94
+ 44 88
+ 45 92
+ 47 89
+ 49 92
+ 51 89
+ 53 92
+ 54 90
+ 93 55
+ 93 56
+ 95 55
x 61 60
x 63 61
x 64 62
x 66 64
x 67 66
x 68 68
x 69 69
x 70 71
x 72 73
x 74 74
x 75 76
x 77 77
x 79 79
x 81 81
x 82 83
x 84 84
x 85 86
x 87 87
x 89 89
x 90 91
x 92 92
x 93 94
x 95 95

Case #98: 20 11
o 1 1
o 2 3
o 3 5
o 4 7
o 5 2
o 7 6
o 8 4
+ 1 8
+ 3 1
x 6 8
x 9 9

Case #99: 76 48
o 1 30
o 2 1
o 3 4
o 4 2
o 5 7
o 6 3
o 7 11
o 8 14
o 9 5
o 10 13
o 11 16
o 12 20
o 13 6
o 14 21
o 15 9
o 16 25
o 17 8
o 18 10
o 19 29
o 20 31
o 22 12
o 24 19
o 27 15
o 28 17
o 31 18
+ 1 14
+ 1 15
+ 1 19
+ 1 25
+ 1 28
+ 1 29
+ 1 32
+ 5 31
+ 6 31
+ 8 30
+ 8 31
+ 10 30
+ 14 30
+ 15 32
+ 17 29
+ 32 18
x 21 22
x 23 23
x 25 24
x 26 26
x 29 27
x 30 28
x 32 32

Case #100: 102 68
o 1 27
o 2 1
o 3 3
o 4 5
o 5 2
o 6 4
o 7 9
o 8 11
o 9 13
o 10 15
o 11 6
o 12 8
o 13 19
o 14 7
o 15 22
o 16 10
o 17 25
o 18 28
o 19 30
o 20 32
o 21 12
o 22 14
o 23 36
o 24 33
o 25 39
o 26 41
o 27 16
o 30 17
o 32 18
o 33 21
o 34 24
o 35 20
o 39 23
o 43 26
+ 1 17
+ 1 22
+ 1 23
+ 1 26
+ 1 28
+ 1 29
+ 1 30
+ 1 33
+ 1 34
+ 1 37
+ 1 38
+ 1 39
+ 1 40
+ 1 43
+ 2 43
+ 7 41
+ 8 43
+ 11 42
+ 13 43
+ 18 42
+ 19 42
+ 22 41
+ 23 43
+ 24 41
+ 25 43
x 28 29
x 29 31
x 31 34
x 36 35
x 37 37
x 38 38
x 40 40
x 41 42
x 42 43
